<?xml version="1.0" encoding="UTF-8"?>
<testsuite name="org.processj.test.unit.GrammarImportDeclarationUnitTest" tests="12" skipped="0" failures="0" errors="0" timestamp="2023-10-08T21:37:07" hostname="Carloss-MBP" time="0.007">
  <properties/>
  <testcase name="WHEN_packageDeclaration_IS_present_THEN_parseTreeContainsNonNullImportName_01()" classname="org.processj.test.unit.GrammarImportDeclarationUnitTest" time="0.001"/>
  <testcase name="WHEN_packageDeclaration_IS_present_THEN_parseTreeContainsNonNullImportName_02()" classname="org.processj.test.unit.GrammarImportDeclarationUnitTest" time="0.001"/>
  <testcase name="WHEN_packageDeclaration_IS_present_THEN_parseTreeContainsNonNullImportName_03()" classname="org.processj.test.unit.GrammarImportDeclarationUnitTest" time="0.001"/>
  <testcase name="WHEN_packageDeclaration_IS_present_THEN_parseTreeContainsNonNullImportName_04()" classname="org.processj.test.unit.GrammarImportDeclarationUnitTest" time="0.0"/>
  <testcase name="WHEN_packageDeclaration_IS_present_THEN_parseTreeContainsNonNullImportName_05()" classname="org.processj.test.unit.GrammarImportDeclarationUnitTest" time="0.001"/>
  <testcase name="WHEN_packageDeclaration_IS_present_THEN_parseTreeContainsNonNullImportName_06()" classname="org.processj.test.unit.GrammarImportDeclarationUnitTest" time="0.001"/>
  <testcase name="WHEN_packageDeclaration_IS_present_THEN_parseTreeContainsNonEmptyImportName_01()" classname="org.processj.test.unit.GrammarImportDeclarationUnitTest" time="0.0"/>
  <testcase name="WHEN_packageDeclaration_IS_present_THEN_parseTreeContainsNonEmptyImportName_02()" classname="org.processj.test.unit.GrammarImportDeclarationUnitTest" time="0.0"/>
  <testcase name="WHEN_packageDeclaration_IS_present_THEN_parseTreeContainsNonEmptyImportName_03()" classname="org.processj.test.unit.GrammarImportDeclarationUnitTest" time="0.001"/>
  <testcase name="WHEN_packageDeclaration_IS_present_THEN_parseTreeContainsNonEmptyImportName_04()" classname="org.processj.test.unit.GrammarImportDeclarationUnitTest" time="0.0"/>
  <testcase name="WHEN_packageDeclaration_IS_present_THEN_parseTreeContainsNonEmptyImportName_05()" classname="org.processj.test.unit.GrammarImportDeclarationUnitTest" time="0.0"/>
  <testcase name="WHEN_packageDeclaration_IS_present_THEN_parseTreeContainsNonEmptyImportName_06()" classname="org.processj.test.unit.GrammarImportDeclarationUnitTest" time="0.001"/>
  <system-out><![CDATA[]]></system-out>
  <system-err><![CDATA[]]></system-err>
</testsuite>
