<?xml version="1.0" encoding="UTF-8"?>
<testsuite name="org.processj.test.unit.GrammarPragmaUnitTest" tests="3" skipped="0" failures="0" errors="0" timestamp="2023-10-08T21:37:07" hostname="Carloss-MBP" time="0.001">
  <properties/>
  <testcase name="WHEN_pragma_IS_present_THEN_pragmaLiteralValueIsNonNull()" classname="org.processj.test.unit.GrammarPragmaUnitTest" time="0.0"/>
  <testcase name="WHEN_pragmaWithNoLiteral_IS_present_THEN_parseTreeContainsNonZeroPragmas()" classname="org.processj.test.unit.GrammarPragmaUnitTest" time="0.001"/>
  <testcase name="WHEN_pragmaWithLiteral_IS_present_THEN_parseTreeContainsNonZeroPragmas()" classname="org.processj.test.unit.GrammarPragmaUnitTest" time="0.0"/>
  <system-out><![CDATA[]]></system-out>
  <system-err><![CDATA[]]></system-err>
</testsuite>
