<?xml version="1.0" encoding="UTF-8"?>
<testsuite name="org.processj.test.EndToEndTests" tests="1" skipped="0" failures="0" errors="0" timestamp="2023-05-23T02:15:49" hostname="Carloss-MacBook-Pro.local" time="0.1">
  <properties/>
  <testcase name="testCode_binaryExpression01_endToEnd()" classname="org.processj.test.EndToEndTests" time="0.1"/>
  <system-out><![CDATA[-- Setting absolute path, file and package name for 'BinaryExpression01.pj'.
-- Rewriting channel arrays local decls
** COMPILATION COMPLITED SUCCESSFULLY **
]]></system-out>
  <system-err><![CDATA[]]></system-err>
</testsuite>
