<?xml version="1.0" encoding="UTF-8"?>
<testsuite name="org.processj.test.unit.ParsedRecordUnitTest" tests="9" skipped="0" failures="0" errors="0" timestamp="2023-10-09T00:58:54" hostname="Carloss-MBP" time="0.065">
  <properties/>
  <testcase name="CompilationFor_record01_containsNonNullExtends()" classname="org.processj.test.unit.ParsedRecordUnitTest" time="0.058"/>
  <testcase name="CompilationFor_record01_containsNonNullBody()" classname="org.processj.test.unit.ParsedRecordUnitTest" time="0.001"/>
  <testcase name="CompilationFor_record01_containsNonNullName()" classname="org.processj.test.unit.ParsedRecordUnitTest" time="0.0"/>
  <testcase name="CompilationFor_record01_containsBodyWithRecordMembersOnly()" classname="org.processj.test.unit.ParsedRecordUnitTest" time="0.001"/>
  <testcase name="CompilationFor_record01_containsNonEmptyBody()" classname="org.processj.test.unit.ParsedRecordUnitTest" time="0.001"/>
  <testcase name="CompilationFor_record01_containsNonNullAnnotations()" classname="org.processj.test.unit.ParsedRecordUnitTest" time="0.0"/>
  <testcase name="CompilationFor_record01_containsNonNullModifiers()" classname="org.processj.test.unit.ParsedRecordUnitTest" time="0.0"/>
  <testcase name="CompilationFor_record01_containsExpectedRecord()" classname="org.processj.test.unit.ParsedRecordUnitTest" time="0.001"/>
  <testcase name="CompilationFor_record01_containsBodyWithTwoMembers()" classname="org.processj.test.unit.ParsedRecordUnitTest" time="0.0"/>
  <system-out><![CDATA[]]></system-out>
  <system-err><![CDATA[]]></system-err>
</testsuite>
