<?xml version="1.0" encoding="UTF-8"?>
<testsuite name="org.processj.test.unit.ParserUnitTest" tests="1" skipped="0" failures="0" errors="0" timestamp="2023-10-08T21:27:40" hostname="Carloss-MBP" time="0.046">
  <properties/>
  <testcase name="CompilationFor_importDeclaration06_containsExpectedImportName()" classname="org.processj.test.unit.ParserUnitTest" time="0.046"/>
  <system-out><![CDATA[]]></system-out>
  <system-err><![CDATA[]]></system-err>
</testsuite>
