<?xml version="1.0" encoding="UTF-8"?>
<testsuite name="org.processj.test.EndToEndTests" tests="1" skipped="0" failures="1" errors="0" timestamp="2023-06-01T21:49:13" hostname="Carloss-MacBook-Pro.local" time="0.091">
  <properties/>
  <testcase name="testCode_santa01_endToEnd()" classname="org.processj.test.EndToEndTests" time="0.091">
    <failure message="java.lang.NullPointerException: Cannot invoke &quot;org.processj.ast.Type.assignable()&quot; because &quot;vType&quot; is null" type="java.lang.NullPointerException">java.lang.NullPointerException: Cannot invoke &quot;org.processj.ast.Type.assignable()&quot; because &quot;vType&quot; is null
	at org.processj.typechecker.TypeChecker.visitAssignment(TypeChecker.java:516)
	at org.processj.typechecker.TypeChecker.visitAssignment(TypeChecker.java:24)
	at org.processj.ast.Assignment.visit(Assignment.java:50)
	at org.processj.ast.AST.visitChildren(AST.java:189)
	at org.processj.utilities.Visitor.visitExprStat(Visitor.java:112)
	at org.processj.ast.ExprStat.visit(ExprStat.java:17)
	at org.processj.utilities.Visitor.visitSequence(Visitor.java:238)
	at org.processj.ast.Sequence.visit(Sequence.java:111)
	at org.processj.ast.AST.visitChildren(AST.java:189)
	at org.processj.utilities.Visitor.visitBlock(Visitor.java:56)
	at org.processj.ast.Block.visit(Block.java:22)
	at org.processj.typechecker.TypeChecker.visitWhileStat(TypeChecker.java:365)
	at org.processj.typechecker.TypeChecker.visitWhileStat(TypeChecker.java:24)
	at org.processj.ast.WhileStat.visit(WhileStat.java:22)
	at org.processj.utilities.Visitor.visitSequence(Visitor.java:238)
	at org.processj.ast.Sequence.visit(Sequence.java:111)
	at org.processj.ast.AST.visitChildren(AST.java:189)
	at org.processj.utilities.Visitor.visitBlock(Visitor.java:56)
	at org.processj.ast.Block.visit(Block.java:22)
	at org.processj.ast.AST.visitChildren(AST.java:189)
	at org.processj.utilities.Visitor.visitProcTypeDecl(Visitor.java:192)
	at org.processj.typechecker.TypeChecker.visitProcTypeDecl(TypeChecker.java:376)
	at org.processj.typechecker.TypeChecker.visitProcTypeDecl(TypeChecker.java:24)
	at org.processj.ast.ProcTypeDecl.visit(ProcTypeDecl.java:83)
	at org.processj.utilities.Visitor.visitSequence(Visitor.java:238)
	at org.processj.ast.Sequence.visit(Sequence.java:111)
	at org.processj.ast.AST.visitChildren(AST.java:189)
	at org.processj.utilities.Visitor.visitCompilation(Visitor.java:92)
	at org.processj.ast.Compilation.visit(Compilation.java:63)
	at org.processj.ProcessJc.main(ProcessJc.java:305)
	at org.processj.test.EndToEndTests.UnitTestOf(EndToEndTests.java:36)
	at org.processj.test.EndToEndTests.testCode_santa01_endToEnd(EndToEndTests.java:544)
	at java.base/jdk.internal.reflect.NativeMethodAccessorImpl.invoke0(Native Method)
	at java.base/jdk.internal.reflect.NativeMethodAccessorImpl.invoke(NativeMethodAccessorImpl.java:77)
	at java.base/jdk.internal.reflect.DelegatingMethodAccessorImpl.invoke(DelegatingMethodAccessorImpl.java:43)
	at java.base/java.lang.reflect.Method.invoke(Method.java:568)
	at org.junit.platform.commons.util.ReflectionUtils.invokeMethod(ReflectionUtils.java:725)
	at org.junit.jupiter.engine.execution.MethodInvocation.proceed(MethodInvocation.java:60)
	at org.junit.jupiter.engine.execution.InvocationInterceptorChain$ValidatingInvocation.proceed(InvocationInterceptorChain.java:131)
	at org.junit.jupiter.engine.extension.TimeoutExtension.intercept(TimeoutExtension.java:149)
	at org.junit.jupiter.engine.extension.TimeoutExtension.interceptTestableMethod(TimeoutExtension.java:140)
	at org.junit.jupiter.engine.extension.TimeoutExtension.interceptTestMethod(TimeoutExtension.java:84)
	at org.junit.jupiter.engine.execution.ExecutableInvoker$ReflectiveInterceptorCall.lambda$ofVoidMethod$0(ExecutableInvoker.java:115)
	at org.junit.jupiter.engine.execution.ExecutableInvoker.lambda$invoke$0(ExecutableInvoker.java:105)
	at org.junit.jupiter.engine.execution.InvocationInterceptorChain$InterceptedInvocation.proceed(InvocationInterceptorChain.java:106)
	at org.junit.jupiter.engine.execution.InvocationInterceptorChain.proceed(InvocationInterceptorChain.java:64)
	at org.junit.jupiter.engine.execution.InvocationInterceptorChain.chainAndInvoke(InvocationInterceptorChain.java:45)
	at org.junit.jupiter.engine.execution.InvocationInterceptorChain.invoke(InvocationInterceptorChain.java:37)
	at org.junit.jupiter.engine.execution.ExecutableInvoker.invoke(ExecutableInvoker.java:104)
	at org.junit.jupiter.engine.execution.ExecutableInvoker.invoke(ExecutableInvoker.java:98)
	at org.junit.jupiter.engine.descriptor.TestMethodTestDescriptor.lambda$invokeTestMethod$7(TestMethodTestDescriptor.java:214)
	at org.junit.platform.engine.support.hierarchical.ThrowableCollector.execute(ThrowableCollector.java:73)
	at org.junit.jupiter.engine.descriptor.TestMethodTestDescriptor.invokeTestMethod(TestMethodTestDescriptor.java:210)
	at org.junit.jupiter.engine.descriptor.TestMethodTestDescriptor.execute(TestMethodTestDescriptor.java:135)
	at org.junit.jupiter.engine.descriptor.TestMethodTestDescriptor.execute(TestMethodTestDescriptor.java:66)
	at org.junit.platform.engine.support.hierarchical.NodeTestTask.lambda$executeRecursively$6(NodeTestTask.java:151)
	at org.junit.platform.engine.support.hierarchical.ThrowableCollector.execute(ThrowableCollector.java:73)
	at org.junit.platform.engine.support.hierarchical.NodeTestTask.lambda$executeRecursively$8(NodeTestTask.java:141)
	at org.junit.platform.engine.support.hierarchical.Node.around(Node.java:137)
	at org.junit.platform.engine.support.hierarchical.NodeTestTask.lambda$executeRecursively$9(NodeTestTask.java:139)
	at org.junit.platform.engine.support.hierarchical.ThrowableCollector.execute(ThrowableCollector.java:73)
	at org.junit.platform.engine.support.hierarchical.NodeTestTask.executeRecursively(NodeTestTask.java:138)
	at org.junit.platform.engine.support.hierarchical.NodeTestTask.execute(NodeTestTask.java:95)
	at java.base/java.util.ArrayList.forEach(ArrayList.java:1511)
	at org.junit.platform.engine.support.hierarchical.SameThreadHierarchicalTestExecutorService.invokeAll(SameThreadHierarchicalTestExecutorService.java:41)
	at org.junit.platform.engine.support.hierarchical.NodeTestTask.lambda$executeRecursively$6(NodeTestTask.java:155)
	at org.junit.platform.engine.support.hierarchical.ThrowableCollector.execute(ThrowableCollector.java:73)
	at org.junit.platform.engine.support.hierarchical.NodeTestTask.lambda$executeRecursively$8(NodeTestTask.java:141)
	at org.junit.platform.engine.support.hierarchical.Node.around(Node.java:137)
	at org.junit.platform.engine.support.hierarchical.NodeTestTask.lambda$executeRecursively$9(NodeTestTask.java:139)
	at org.junit.platform.engine.support.hierarchical.ThrowableCollector.execute(ThrowableCollector.java:73)
	at org.junit.platform.engine.support.hierarchical.NodeTestTask.executeRecursively(NodeTestTask.java:138)
	at org.junit.platform.engine.support.hierarchical.NodeTestTask.execute(NodeTestTask.java:95)
	at java.base/java.util.ArrayList.forEach(ArrayList.java:1511)
	at org.junit.platform.engine.support.hierarchical.SameThreadHierarchicalTestExecutorService.invokeAll(SameThreadHierarchicalTestExecutorService.java:41)
	at org.junit.platform.engine.support.hierarchical.NodeTestTask.lambda$executeRecursively$6(NodeTestTask.java:155)
	at org.junit.platform.engine.support.hierarchical.ThrowableCollector.execute(ThrowableCollector.java:73)
	at org.junit.platform.engine.support.hierarchical.NodeTestTask.lambda$executeRecursively$8(NodeTestTask.java:141)
	at org.junit.platform.engine.support.hierarchical.Node.around(Node.java:137)
	at org.junit.platform.engine.support.hierarchical.NodeTestTask.lambda$executeRecursively$9(NodeTestTask.java:139)
	at org.junit.platform.engine.support.hierarchical.ThrowableCollector.execute(ThrowableCollector.java:73)
	at org.junit.platform.engine.support.hierarchical.NodeTestTask.executeRecursively(NodeTestTask.java:138)
	at org.junit.platform.engine.support.hierarchical.NodeTestTask.execute(NodeTestTask.java:95)
	at org.junit.platform.engine.support.hierarchical.SameThreadHierarchicalTestExecutorService.submit(SameThreadHierarchicalTestExecutorService.java:35)
	at org.junit.platform.engine.support.hierarchical.HierarchicalTestExecutor.execute(HierarchicalTestExecutor.java:57)
	at org.junit.platform.engine.support.hierarchical.HierarchicalTestEngine.execute(HierarchicalTestEngine.java:54)
	at org.junit.platform.launcher.core.EngineExecutionOrchestrator.execute(EngineExecutionOrchestrator.java:107)
	at org.junit.platform.launcher.core.EngineExecutionOrchestrator.execute(EngineExecutionOrchestrator.java:88)
	at org.junit.platform.launcher.core.EngineExecutionOrchestrator.lambda$execute$0(EngineExecutionOrchestrator.java:54)
	at org.junit.platform.launcher.core.EngineExecutionOrchestrator.withInterceptedStreams(EngineExecutionOrchestrator.java:67)
	at org.junit.platform.launcher.core.EngineExecutionOrchestrator.execute(EngineExecutionOrchestrator.java:52)
	at org.junit.platform.launcher.core.DefaultLauncher.execute(DefaultLauncher.java:114)
	at org.junit.platform.launcher.core.DefaultLauncher.execute(DefaultLauncher.java:86)
	at org.junit.platform.launcher.core.DefaultLauncherSession$DelegatingLauncher.execute(DefaultLauncherSession.java:86)
	at org.gradle.api.internal.tasks.testing.junitplatform.JUnitPlatformTestClassProcessor$CollectAllTestClassesExecutor.processAllTestClasses(JUnitPlatformTestClassProcessor.java:110)
	at org.gradle.api.internal.tasks.testing.junitplatform.JUnitPlatformTestClassProcessor$CollectAllTestClassesExecutor.access$000(JUnitPlatformTestClassProcessor.java:90)
	at org.gradle.api.internal.tasks.testing.junitplatform.JUnitPlatformTestClassProcessor.stop(JUnitPlatformTestClassProcessor.java:85)
	at org.gradle.api.internal.tasks.testing.SuiteTestClassProcessor.stop(SuiteTestClassProcessor.java:62)
	at java.base/jdk.internal.reflect.NativeMethodAccessorImpl.invoke0(Native Method)
	at java.base/jdk.internal.reflect.NativeMethodAccessorImpl.invoke(NativeMethodAccessorImpl.java:77)
	at java.base/jdk.internal.reflect.DelegatingMethodAccessorImpl.invoke(DelegatingMethodAccessorImpl.java:43)
	at java.base/java.lang.reflect.Method.invoke(Method.java:568)
	at org.gradle.internal.dispatch.ReflectionDispatch.dispatch(ReflectionDispatch.java:36)
	at org.gradle.internal.dispatch.ReflectionDispatch.dispatch(ReflectionDispatch.java:24)
	at org.gradle.internal.dispatch.ContextClassLoaderDispatch.dispatch(ContextClassLoaderDispatch.java:33)
	at org.gradle.internal.dispatch.ProxyDispatchAdapter$DispatchingInvocationHandler.invoke(ProxyDispatchAdapter.java:94)
	at jdk.proxy1/jdk.proxy1.$Proxy2.stop(Unknown Source)
	at org.gradle.api.internal.tasks.testing.worker.TestWorker$3.run(TestWorker.java:193)
	at org.gradle.api.internal.tasks.testing.worker.TestWorker.executeAndMaintainThreadName(TestWorker.java:129)
	at org.gradle.api.internal.tasks.testing.worker.TestWorker.execute(TestWorker.java:100)
	at org.gradle.api.internal.tasks.testing.worker.TestWorker.execute(TestWorker.java:60)
	at org.gradle.process.internal.worker.child.ActionExecutionWorker.execute(ActionExecutionWorker.java:56)
	at org.gradle.process.internal.worker.child.SystemApplicationClassLoaderWorker.call(SystemApplicationClassLoaderWorker.java:113)
	at org.gradle.process.internal.worker.child.SystemApplicationClassLoaderWorker.call(SystemApplicationClassLoaderWorker.java:65)
	at worker.org.gradle.process.internal.worker.GradleWorkerMain.run(GradleWorkerMain.java:69)
	at worker.org.gradle.process.internal.worker.GradleWorkerMain.main(GradleWorkerMain.java:74)
</failure>
  </testcase>
  <system-out><![CDATA[-- Setting absolute path, file and package name for 'Santa01.pj'.
[info] src/test/resources/code/test/Santa01.pj: Library.java: Not a org.processj.library file.
-- Resolving imports.
[info] ****************************************
[info] *    R E S O L V E   I M P O R T S     *
[info] ****************************************
[info] > File: src/test/resources/code/test/Santa01.pj
[info] src/test/resources/code/test/Santa01.pj: 1: Visiting an import (of file: std.*)
[info] src/test/resources/code/test/Santa01.pj: visitImport(): Package path is : std
[info] src/test/resources/code/test/Santa01.pj: visitImport(): Package file name is : *
[info] src/test/resources/code/test/Santa01.pj: visitImport(): Not a local, so try a library: /Users/cuenca/Programming/ProcessJ/include/JVM/std
[info] src/test/resources/code/test/Santa01.pj: makeFileList(): Called with : /Users/cuenca/Programming/ProcessJ/include/JVM/std
[info] src/test/resources/code/test/Santa01.pj: visitImport(): About to import '*.pj'
[info] include/JVM/std/io.pj: 1 Attempting to import: /Users/cuenca/Programming/ProcessJ/include/JVM/std/io.pj
[info] include/JVM/std/io.pj: 1 Starting import of file: '/Users/cuenca/Programming/ProcessJ/include/JVM/std/io.pj'
[info] ****************************************
[info] *    R E S O L V E   I M P O R T S     *
[info] ****************************************
[info] > File: include/JVM/std/io.pj
[info] *****************************************
[info] *     T O P   L E V E L   D E C L S     *
[info] *****************************************
[info] > File: include/JVM/std/io.pj
[info] 
[info] include/JVM/std/io.pj:  Defining forward referencable names (include/JVM/std/io.pj).
[info] include/JVM/std/io.pj:  Visiting type declarations for include/JVM/std/io.pj
[info] include/JVM/std/io.pj: 8: Visiting a ProcTypeDecl println
[info] include/JVM/std/io.pj: 9: Visiting a ProcTypeDecl println
[info] include/JVM/std/io.pj: 10: Visiting a ProcTypeDecl println
[info] include/JVM/std/io.pj: 11: Visiting a ProcTypeDecl println
[info] include/JVM/std/io.pj: 12: Visiting a ProcTypeDecl println
[info] include/JVM/std/io.pj: 13: Visiting a ProcTypeDecl println
[info] include/JVM/std/io.pj: 14: Visiting a ProcTypeDecl println
[info] include/JVM/std/io.pj: 15: Visiting a ProcTypeDecl println
[info] include/JVM/std/io.pj: 17: Visiting a ProcTypeDecl print
[info] include/JVM/std/io.pj: 18: Visiting a ProcTypeDecl print
[info] include/JVM/std/io.pj: 19: Visiting a ProcTypeDecl print
[info] include/JVM/std/io.pj: 20: Visiting a ProcTypeDecl print
[info] include/JVM/std/io.pj: 21: Visiting a ProcTypeDecl print
[info] include/JVM/std/io.pj: 22: Visiting a ProcTypeDecl print
[info] include/JVM/std/io.pj: 23: Visiting a ProcTypeDecl print
[info] 
[info] > File: include/JVM/std/io.pj
[info] *******************************************
[info] * T O P   L E V E L   D E C L S   D O N E *
[info] *******************************************
[info] include/JVM/std/random.pj: 1 Attempting to import: /Users/cuenca/Programming/ProcessJ/include/JVM/std/random.pj
[info] include/JVM/std/random.pj: 1 Starting import of file: '/Users/cuenca/Programming/ProcessJ/include/JVM/std/random.pj'
[info] ****************************************
[info] *    R E S O L V E   I M P O R T S     *
[info] ****************************************
[info] > File: include/JVM/std/random.pj
[info] *****************************************
[info] *     T O P   L E V E L   D E C L S     *
[info] *****************************************
[info] > File: include/JVM/std/random.pj
[info] 
[info] include/JVM/std/random.pj:  Defining forward referencable names (include/JVM/std/random.pj).
[info] include/JVM/std/random.pj:  Visiting type declarations for include/JVM/std/random.pj
[info] include/JVM/std/random.pj: 8: Visiting a ProcTypeDecl initRandom
[info] include/JVM/std/random.pj: 9: Visiting a ProcTypeDecl longRandom
[info] 
[info] > File: include/JVM/std/random.pj
[info] *******************************************
[info] * T O P   L E V E L   D E C L S   D O N E *
[info] *******************************************
[info] include/JVM/std/math.pj: 1 Attempting to import: /Users/cuenca/Programming/ProcessJ/include/JVM/std/math.pj
[info] include/JVM/std/math.pj: 1 Starting import of file: '/Users/cuenca/Programming/ProcessJ/include/JVM/std/math.pj'
[info] ****************************************
[info] *    R E S O L V E   I M P O R T S     *
[info] ****************************************
[info] > File: include/JVM/std/math.pj
[info] *****************************************
[info] *     T O P   L E V E L   D E C L S     *
[info] *****************************************
[info] > File: include/JVM/std/math.pj
[info] 
[info] include/JVM/std/math.pj:  Defining forward referencable names (include/JVM/std/math.pj).
[info] include/JVM/std/math.pj:  Visiting type declarations for include/JVM/std/math.pj
[info] include/JVM/std/math.pj: 8: Visiting a ConstantDecl PI
[info] include/JVM/std/math.pj: 10: Visiting a ConstantDecl M_E
[info] include/JVM/std/math.pj: 11: Visiting a ConstantDecl M_LOG2E
[info] include/JVM/std/math.pj: 12: Visiting a ConstantDecl M_LOG10E
[info] include/JVM/std/math.pj: 13: Visiting a ConstantDecl M_LN2
[info] include/JVM/std/math.pj: 14: Visiting a ConstantDecl M_LN10
[info] include/JVM/std/math.pj: 15: Visiting a ConstantDecl M_PI_2
[info] include/JVM/std/math.pj: 16: Visiting a ConstantDecl M_PI_4
[info] include/JVM/std/math.pj: 17: Visiting a ConstantDecl M_1_PI
[info] include/JVM/std/math.pj: 18: Visiting a ConstantDecl M_2_PI
[info] include/JVM/std/math.pj: 19: Visiting a ConstantDecl M_2_SQRTPI
[info] include/JVM/std/math.pj: 20: Visiting a ConstantDecl M_SQRT2
[info] include/JVM/std/math.pj: 21: Visiting a ConstantDecl M_SQRT1_2
[info] include/JVM/std/math.pj: 23: Visiting a ProcTypeDecl acos
[info] include/JVM/std/math.pj: 24: Visiting a ProcTypeDecl asin
[info] include/JVM/std/math.pj: 25: Visiting a ProcTypeDecl atan
[info] include/JVM/std/math.pj: 26: Visiting a ProcTypeDecl atan2
[info] include/JVM/std/math.pj: 27: Visiting a ProcTypeDecl cos
[info] include/JVM/std/math.pj: 28: Visiting a ProcTypeDecl cosh
[info] include/JVM/std/math.pj: 29: Visiting a ProcTypeDecl sin
[info] include/JVM/std/math.pj: 30: Visiting a ProcTypeDecl sinh
[info] include/JVM/std/math.pj: 31: Visiting a ProcTypeDecl tanh
[info] include/JVM/std/math.pj: 32: Visiting a ProcTypeDecl exp
[info] include/JVM/std/math.pj: 33: Visiting a ProcTypeDecl log
[info] include/JVM/std/math.pj: 34: Visiting a ProcTypeDecl log10
[info] include/JVM/std/math.pj: 35: Visiting a ProcTypeDecl pow
[info] include/JVM/std/math.pj: 36: Visiting a ProcTypeDecl sqrt
[info] include/JVM/std/math.pj: 37: Visiting a ProcTypeDecl cbrt
[info] include/JVM/std/math.pj: 38: Visiting a ProcTypeDecl ceil
[info] include/JVM/std/math.pj: 39: Visiting a ProcTypeDecl fabs
[info] include/JVM/std/math.pj: 40: Visiting a ProcTypeDecl abs
[info] include/JVM/std/math.pj: 41: Visiting a ProcTypeDecl abs
[info] include/JVM/std/math.pj: 42: Visiting a ProcTypeDecl floor
[info] include/JVM/std/math.pj: 43: Visiting a ProcTypeDecl toRadians
[info] include/JVM/std/math.pj: 44: Visiting a ProcTypeDecl toDegrees
[info] 
[info] > File: include/JVM/std/math.pj
[info] *******************************************
[info] * T O P   L E V E L   D E C L S   D O N E *
[info] *******************************************
[info] include/JVM/std/strings.pj: 1 Attempting to import: /Users/cuenca/Programming/ProcessJ/include/JVM/std/strings.pj
[info] include/JVM/std/strings.pj: 1 Starting import of file: '/Users/cuenca/Programming/ProcessJ/include/JVM/std/strings.pj'
[info] ****************************************
[info] *    R E S O L V E   I M P O R T S     *
[info] ****************************************
[info] > File: include/JVM/std/strings.pj
[info] *****************************************
[info] *     T O P   L E V E L   D E C L S     *
[info] *****************************************
[info] > File: include/JVM/std/strings.pj
[info] 
[info] include/JVM/std/strings.pj:  Defining forward referencable names (include/JVM/std/strings.pj).
[info] include/JVM/std/strings.pj:  Visiting type declarations for include/JVM/std/strings.pj
[info] include/JVM/std/strings.pj: 7: Visiting a ProcTypeDecl charAt
[info] include/JVM/std/strings.pj: 8: Visiting a ProcTypeDecl length
[info] include/JVM/std/strings.pj: 9: Visiting a ProcTypeDecl isEmpty
[info] include/JVM/std/strings.pj: 10: Visiting a ProcTypeDecl equals
[info] include/JVM/std/strings.pj: 11: Visiting a ProcTypeDecl equalsIgnoreCase
[info] include/JVM/std/strings.pj: 12: Visiting a ProcTypeDecl compareTo
[info] include/JVM/std/strings.pj: 13: Visiting a ProcTypeDecl compareToIgnoreCase
[info] include/JVM/std/strings.pj: 14: Visiting a ProcTypeDecl startsWith
[info] include/JVM/std/strings.pj: 15: Visiting a ProcTypeDecl startsWith
[info] include/JVM/std/strings.pj: 16: Visiting a ProcTypeDecl endsWith
[info] include/JVM/std/strings.pj: 17: Visiting a ProcTypeDecl indexOf
[info] include/JVM/std/strings.pj: 18: Visiting a ProcTypeDecl indexOf
[info] include/JVM/std/strings.pj: 19: Visiting a ProcTypeDecl indexOf
[info] include/JVM/std/strings.pj: 20: Visiting a ProcTypeDecl indexOf
[info] include/JVM/std/strings.pj: 21: Visiting a ProcTypeDecl lastIndexOf
[info] include/JVM/std/strings.pj: 22: Visiting a ProcTypeDecl lastIndexOf
[info] include/JVM/std/strings.pj: 23: Visiting a ProcTypeDecl lastIndexOf
[info] include/JVM/std/strings.pj: 24: Visiting a ProcTypeDecl substring
[info] include/JVM/std/strings.pj: 25: Visiting a ProcTypeDecl substring
[info] include/JVM/std/strings.pj: 26: Visiting a ProcTypeDecl concat
[info] include/JVM/std/strings.pj: 27: Visiting a ProcTypeDecl replace
[info] include/JVM/std/strings.pj: 28: Visiting a ProcTypeDecl matches
[info] include/JVM/std/strings.pj: 29: Visiting a ProcTypeDecl replaceFirst
[info] include/JVM/std/strings.pj: 30: Visiting a ProcTypeDecl replaceAll
[info] include/JVM/std/strings.pj: 31: Visiting a ProcTypeDecl split
[info] include/JVM/std/strings.pj: 32: Visiting a ProcTypeDecl split
[info] include/JVM/std/strings.pj: 33: Visiting a ProcTypeDecl toLowerCase
[info] include/JVM/std/strings.pj: 34: Visiting a ProcTypeDecl toUpperCase
[info] include/JVM/std/strings.pj: 35: Visiting a ProcTypeDecl trim
[info] include/JVM/std/strings.pj: 36: Visiting a ProcTypeDecl toCharArray
[info] 
[info] > File: include/JVM/std/strings.pj
[info] *******************************************
[info] * T O P   L E V E L   D E C L S   D O N E *
[info] *******************************************
[info] src/test/resources/code/test/Santa01.pj: name.........: Main file: src/test/resources/code/test/Santa01.pj
[info] src/test/resources/code/test/Santa01.pj: Content 
[info] src/test/resources/code/test/Santa01.pj: parent.......: --//
[info] src/test/resources/code/test/Santa01.pj: importParent.: 
[info] src/test/resources/code/test/Santa01.pj: |  name.........: Import: /Users/cuenca/Programming/ProcessJ/include/JVM/std/strings.pj
[info] src/test/resources/code/test/Santa01.pj: |  Content 
[info] src/test/resources/code/test/Santa01.pj:   [*] toUpperCase == SymbolTable:<anonymous>
 -> {(T)T=toUpperCase}
[info] src/test/resources/code/test/Santa01.pj:   [*] replaceAll == SymbolTable:<anonymous>
 -> {(TTT)T=replaceAll}
[info] src/test/resources/code/test/Santa01.pj:   [*] equalsIgnoreCase == SymbolTable:<anonymous>
 -> {(TT)Z=equalsIgnoreCase}
[info] src/test/resources/code/test/Santa01.pj:   [*] indexOf == SymbolTable:<anonymous>
 -> {(TT)I=indexOf, (TI)I=indexOf, (TTI)I=indexOf, (TII)I=indexOf}
[info] src/test/resources/code/test/Santa01.pj:   [*] matches == SymbolTable:<anonymous>
 -> {(TT)Z=matches}
[info] src/test/resources/code/test/Santa01.pj:   [*] toCharArray == SymbolTable:<anonymous>
 -> {()[C;=toCharArray}
[info] src/test/resources/code/test/Santa01.pj:   [*] length == SymbolTable:<anonymous>
 -> {(T)I=length}
[info] src/test/resources/code/test/Santa01.pj:   [*] concat == SymbolTable:<anonymous>
 -> {(TT)T=concat}
[info] src/test/resources/code/test/Santa01.pj:   [*] charAt == SymbolTable:<anonymous>
 -> {(TI)C=charAt}
[info] src/test/resources/code/test/Santa01.pj:   [*] equals == SymbolTable:<anonymous>
 -> {(TT)Z=equals}
[info] src/test/resources/code/test/Santa01.pj:   [*] isEmpty == SymbolTable:<anonymous>
 -> {(T)Z=isEmpty}
[info] src/test/resources/code/test/Santa01.pj:   [*] split == SymbolTable:<anonymous>
 -> {(TTI)[T;=split, (TT)[T;=split}
[info] src/test/resources/code/test/Santa01.pj:   [*] compareTo == SymbolTable:<anonymous>
 -> {(TT)I=compareTo}
[info] src/test/resources/code/test/Santa01.pj:   [*] compareToIgnoreCase == SymbolTable:<anonymous>
 -> {(TT)I=compareToIgnoreCase}
[info] src/test/resources/code/test/Santa01.pj:   [*] replaceFirst == SymbolTable:<anonymous>
 -> {(TTT)T=replaceFirst}
[info] src/test/resources/code/test/Santa01.pj:   [*] toLowerCase == SymbolTable:<anonymous>
 -> {(T)T=toLowerCase}
[info] src/test/resources/code/test/Santa01.pj:   [*] trim == SymbolTable:<anonymous>
 -> {()T=trim}
[info] src/test/resources/code/test/Santa01.pj:   [*] lastIndexOf == SymbolTable:<anonymous>
 -> {(TI)I=lastIndexOf, (TT)I=lastIndexOf, (TII)I=lastIndexOf}
[info] src/test/resources/code/test/Santa01.pj:   [*] endsWith == SymbolTable:<anonymous>
 -> {(TT)Z=endsWith}
[info] src/test/resources/code/test/Santa01.pj:   [*] replace == SymbolTable:<anonymous>
 -> {(TCC)T=replace}
[info] src/test/resources/code/test/Santa01.pj:   [*] substring == SymbolTable:<anonymous>
 -> {(TI)T=substring, (TII)T=substring}
[info] src/test/resources/code/test/Santa01.pj:   [*] startsWith == SymbolTable:<anonymous>
 -> {(TT)Z=startsWith, (TTI)Z=startsWith}
[info] src/test/resources/code/test/Santa01.pj: |  parent.......: 
[info] src/test/resources/code/test/Santa01.pj: |  |  name.........: Import: /Users/cuenca/Programming/ProcessJ/include/JVM/std/math.pj
[info] src/test/resources/code/test/Santa01.pj: |  |  Content 
[info] src/test/resources/code/test/Santa01.pj:   [*] sin == SymbolTable:<anonymous>
 -> {(D)D=sin}
[info] src/test/resources/code/test/Santa01.pj:   [*] M_LN10 == M_LN10
[info] src/test/resources/code/test/Santa01.pj:   [*] toDegrees == SymbolTable:<anonymous>
 -> {(D)D=toDegrees}
[info] src/test/resources/code/test/Santa01.pj:   [*] ceil == SymbolTable:<anonymous>
 -> {(D)D=ceil}
[info] src/test/resources/code/test/Santa01.pj:   [*] cosh == SymbolTable:<anonymous>
 -> {(D)D=cosh}
[info] src/test/resources/code/test/Santa01.pj:   [*] M_LOG2E == M_LOG2E
[info] src/test/resources/code/test/Santa01.pj:   [*] cos == SymbolTable:<anonymous>
 -> {(D)D=cos}
[info] src/test/resources/code/test/Santa01.pj:   [*] tanh == SymbolTable:<anonymous>
 -> {(D)D=tanh}
[info] src/test/resources/code/test/Santa01.pj:   [*] atan2 == SymbolTable:<anonymous>
 -> {(DD)D=atan2}
[info] src/test/resources/code/test/Santa01.pj:   [*] M_LN2 == M_LN2
[info] src/test/resources/code/test/Santa01.pj:   [*] pow == SymbolTable:<anonymous>
 -> {(DD)D=pow}
[info] src/test/resources/code/test/Santa01.pj:   [*] toRadians == SymbolTable:<anonymous>
 -> {(D)D=toRadians}
[info] src/test/resources/code/test/Santa01.pj:   [*] cbrt == SymbolTable:<anonymous>
 -> {(D)D=cbrt}
[info] src/test/resources/code/test/Santa01.pj:   [*] atan == SymbolTable:<anonymous>
 -> {(D)D=atan}
[info] src/test/resources/code/test/Santa01.pj:   [*] log == SymbolTable:<anonymous>
 -> {(D)D=log}
[info] src/test/resources/code/test/Santa01.pj:   [*] exp == SymbolTable:<anonymous>
 -> {(D)D=exp}
[info] src/test/resources/code/test/Santa01.pj:   [*] M_SQRT1_2 == M_SQRT1_2
[info] src/test/resources/code/test/Santa01.pj:   [*] M_1_PI == M_1_PI
[info] src/test/resources/code/test/Santa01.pj:   [*] M_PI_4 == M_PI_4
[info] src/test/resources/code/test/Santa01.pj:   [*] sinh == SymbolTable:<anonymous>
 -> {(D)D=sinh}
[info] src/test/resources/code/test/Santa01.pj:   [*] M_E == M_E
[info] src/test/resources/code/test/Santa01.pj:   [*] asin == SymbolTable:<anonymous>
 -> {(D)D=asin}
[info] src/test/resources/code/test/Santa01.pj:   [*] M_PI_2 == M_PI_2
[info] src/test/resources/code/test/Santa01.pj:   [*] acos == SymbolTable:<anonymous>
 -> {(D)D=acos}
[info] src/test/resources/code/test/Santa01.pj:   [*] abs == SymbolTable:<anonymous>
 -> {(I)I=abs, (J)J=abs}
[info] src/test/resources/code/test/Santa01.pj:   [*] M_2_PI == M_2_PI
[info] src/test/resources/code/test/Santa01.pj:   [*] PI == PI
[info] src/test/resources/code/test/Santa01.pj:   [*] fabs == SymbolTable:<anonymous>
 -> {(D)D=fabs}
[info] src/test/resources/code/test/Santa01.pj:   [*] M_SQRT2 == M_SQRT2
[info] src/test/resources/code/test/Santa01.pj:   [*] floor == SymbolTable:<anonymous>
 -> {(D)D=floor}
[info] src/test/resources/code/test/Santa01.pj:   [*] log10 == SymbolTable:<anonymous>
 -> {(D)D=log10}
[info] src/test/resources/code/test/Santa01.pj:   [*] M_LOG10E == M_LOG10E
[info] src/test/resources/code/test/Santa01.pj:   [*] M_2_SQRTPI == M_2_SQRTPI
[info] src/test/resources/code/test/Santa01.pj:   [*] sqrt == SymbolTable:<anonymous>
 -> {(D)D=sqrt}
[info] src/test/resources/code/test/Santa01.pj: |  |  parent.......: 
[info] src/test/resources/code/test/Santa01.pj: |  |  |  name.........: Import: /Users/cuenca/Programming/ProcessJ/include/JVM/std/random.pj
[info] src/test/resources/code/test/Santa01.pj: |  |  |  Content 
[info] src/test/resources/code/test/Santa01.pj:   [*] longRandom == SymbolTable:<anonymous>
 -> {()J=longRandom}
[info] src/test/resources/code/test/Santa01.pj:   [*] initRandom == SymbolTable:<anonymous>
 -> {(J)V=initRandom}
[info] src/test/resources/code/test/Santa01.pj: |  |  |  parent.......: 
[info] src/test/resources/code/test/Santa01.pj: |  |  |  |  name.........: Import: /Users/cuenca/Programming/ProcessJ/include/JVM/std/io.pj
[info] src/test/resources/code/test/Santa01.pj: |  |  |  |  Content 
[info] src/test/resources/code/test/Santa01.pj:   [*] print == SymbolTable:<anonymous>
 -> {(I)V=print, (T)V=print, (F)V=print, (S)V=print, (B)V=print, (J)V=print, (D)V=print}
[info] src/test/resources/code/test/Santa01.pj:   [*] println == SymbolTable:<anonymous>
 -> {()V=println, (I)V=println, (T)V=println, (F)V=println, (S)V=println, (B)V=println, (J)V=println, (D)V=println}
[info] src/test/resources/code/test/Santa01.pj: |  |  |  |  parent.......: --//
[info] src/test/resources/code/test/Santa01.pj: |  |  |  |  importParent.: --//
[info] src/test/resources/code/test/Santa01.pj: |  |  |  importParent.: --//
[info] src/test/resources/code/test/Santa01.pj: |  |  importParent.: --//
[info] src/test/resources/code/test/Santa01.pj: |  importParent.: --//
-- Declaring Top Level Declarations.
[info] *****************************************
[info] *     T O P   L E V E L   D E C L S     *
[info] *****************************************
[info] > File: src/test/resources/code/test/Santa01.pj
[info] 
[info] src/test/resources/code/test/Santa01.pj:  Defining forward referencable names (src/test/resources/code/test/Santa01.pj).
[info] src/test/resources/code/test/Santa01.pj:  Visiting type declarations for src/test/resources/code/test/Santa01.pj
[info] src/test/resources/code/test/Santa01.pj: 3: Visiting a ConstantDecl N_REINDEER
[info] src/test/resources/code/test/Santa01.pj: 4: Visiting a ConstantDecl G_REINDEER
[info] src/test/resources/code/test/Santa01.pj: 5: Visiting a ConstantDecl N_ELVES
[info] src/test/resources/code/test/Santa01.pj: 6: Visiting a ConstantDecl G_ELVES
[info] src/test/resources/code/test/Santa01.pj: 7: Visiting a ConstantDecl HOLIDAY_TIME
[info] src/test/resources/code/test/Santa01.pj: 8: Visiting a ConstantDecl WORKING_TIME
[info] src/test/resources/code/test/Santa01.pj: 9: Visiting a ConstantDecl DELIVERY_TIME
[info] src/test/resources/code/test/Santa01.pj: 10: Visiting a ConstantDecl CONSULTATION_TIME
[info] src/test/resources/code/test/Santa01.pj: 12: Visiting a ProtocolTypeDecl Reindeer_msg
[info] src/test/resources/code/test/Santa01.pj: 19: Visiting a ProtocolTypeDecl Elf_msg
[info] src/test/resources/code/test/Santa01.pj: 27: Visiting a ProtocolTypeDecl Santa_msg
[info] src/test/resources/code/test/Santa01.pj: 40: Visiting a ProtocolTypeDecl Message
[info] src/test/resources/code/test/Santa01.pj: 42: Visiting a ProcTypeDecl random_wait
[info] src/test/resources/code/test/Santa01.pj: 51: Visiting a ProcTypeDecl display
[info] src/test/resources/code/test/Santa01.pj: 117: Visiting a ProcTypeDecl p_barrier_knock
[info] src/test/resources/code/test/Santa01.pj: 134: Visiting a ProcTypeDecl p_barrier
[info] src/test/resources/code/test/Santa01.pj: 149: Visiting a ProcTypeDecl syncronize
[info] src/test/resources/code/test/Santa01.pj: 155: Visiting a ProcTypeDecl reindeer
[info] src/test/resources/code/test/Santa01.pj: 180: Visiting a ProcTypeDecl elf
[info] src/test/resources/code/test/Santa01.pj: 206: Visiting a ProcTypeDecl santa
[info] src/test/resources/code/test/Santa01.pj: 266: Visiting a ProcTypeDecl main
[info] 
[info] > File: src/test/resources/code/test/Santa01.pj
[info] *******************************************
[info] * T O P   L E V E L   D E C L S   D O N E *
[info] *******************************************
-- Reconstructing records.
[info] ****************************************
[info] *     R E C O R D   R E W R I T E      *
[info] ****************************************
-- Reconstructing protocols.
[info] ****************************************
[info] *   P R O T O C O L   R E W R I T E    *
[info] ****************************************
[info] src/test/resources/code/test/Santa01.pj:12: Visiting a ProtocolTypeDecl (Reindeer_msg)
[info] src/test/resources/code/test/Santa01.pj:12: Protocol Reindeer_msg with 0 parent(s)
[info] src/test/resources/code/test/Santa01.pj:19: Visiting a ProtocolTypeDecl (Elf_msg)
[info] src/test/resources/code/test/Santa01.pj:19: Protocol Elf_msg with 0 parent(s)
[info] src/test/resources/code/test/Santa01.pj:27: Visiting a ProtocolTypeDecl (Santa_msg)
[info] src/test/resources/code/test/Santa01.pj:27: Protocol Santa_msg with 0 parent(s)
[info] src/test/resources/code/test/Santa01.pj:40: Visiting a ProtocolTypeDecl (Message)
[info] src/test/resources/code/test/Santa01.pj:12: extends a ProtocolypeDecl (Reindeer_msg)
[info] src/test/resources/code/test/Santa01.pj:12: adding protocol Reindeer_msg
[info] src/test/resources/code/test/Santa01.pj:19: extends a ProtocolypeDecl (Elf_msg)
[info] src/test/resources/code/test/Santa01.pj:19: adding protocol Elf_msg
[info] src/test/resources/code/test/Santa01.pj:27: extends a ProtocolypeDecl (Santa_msg)
[info] src/test/resources/code/test/Santa01.pj:27: adding protocol Santa_msg
[info] src/test/resources/code/test/Santa01.pj:40: Protocol Message with 3 parent(s)
[info] src/test/resources/code/test/Santa01.pj:40: > protocol Reindeer_msg
[info] src/test/resources/code/test/Santa01.pj:40: > protocol Elf_msg
[info] src/test/resources/code/test/Santa01.pj:40: > protocol Santa_msg
-- Reconstructing statements.
[info] ***********************************************
[info] *      S T A T E M E N T   R E W R I T E      *
[info] ***********************************************
[info] src/test/resources/code/test/Santa01.pj:53: Visiting a while statement
[info] src/test/resources/code/test/Santa01.pj:120: Visiting a while statement
[info] src/test/resources/code/test/Santa01.pj:121: Visiting a for statement
[info] src/test/resources/code/test/Santa01.pj:127: Visiting a for statement
[info] src/test/resources/code/test/Santa01.pj:137: Visiting a while statement
[info] src/test/resources/code/test/Santa01.pj:138: Visiting a for statement
[info] src/test/resources/code/test/Santa01.pj:142: Visiting a for statement
[info] src/test/resources/code/test/Santa01.pj:166: Visiting a while statement
[info] src/test/resources/code/test/Santa01.pj:192: Visiting a while statement
[info] src/test/resources/code/test/Santa01.pj:219: Visiting a while statement
[info] src/test/resources/code/test/Santa01.pj:223: Visiting an alt case
[info] src/test/resources/code/test/Santa01.pj:227: Visiting a for statement
[info] src/test/resources/code/test/Santa01.pj:241: Visiting a for statement
[info] src/test/resources/code/test/Santa01.pj:245: Visiting an alt case
[info] src/test/resources/code/test/Santa01.pj:247: Visiting a for statement
[info] src/test/resources/code/test/Santa01.pj:258: Visiting a for statement
-- Checking native Top Level Declarations.
[info] ***********************************************
[info] * R E S O L V E   N A T I V E   I M P O R T S *
[info] ***********************************************
[info] src/test/resources/code/test/Santa01.pj: Finding native top type declarations
[info] src/test/resources/code/test/Santa01.pj: Visiting type declarations
[info] src/test/resources/code/test/Santa01.pj:1: Visiting an import (of file: std.*)
[info] src/test/resources/code/test/Santa01.pj:1: Visiting a pragma LIBRARY 
[info] src/test/resources/code/test/Santa01.pj:2: Visiting a pragma NATIVE 
[info] src/test/resources/code/test/Santa01.pj:3: Visiting a pragma FILE "io"
[info] src/test/resources/code/test/Santa01.pj:4: Visiting a pragma LANGUAGE "JVM"
[info] src/test/resources/code/test/Santa01.pj:8: Visiting a ProcTypeDecl (println ()V)
[info] src/test/resources/code/test/Santa01.pj:8: Package path: std
[info] src/test/resources/code/test/Santa01.pj:8: Package file name: *
[info] src/test/resources/code/test/Santa01.pj:9: Visiting a ProcTypeDecl (println (T)V)
[info] src/test/resources/code/test/Santa01.pj:9: Package path: std
[info] src/test/resources/code/test/Santa01.pj:9: Package file name: *
[info] src/test/resources/code/test/Santa01.pj:10: Visiting a ProcTypeDecl (println (B)V)
[info] src/test/resources/code/test/Santa01.pj:10: Package path: std
[info] src/test/resources/code/test/Santa01.pj:10: Package file name: *
[info] src/test/resources/code/test/Santa01.pj:11: Visiting a ProcTypeDecl (println (S)V)
[info] src/test/resources/code/test/Santa01.pj:11: Package path: std
[info] src/test/resources/code/test/Santa01.pj:11: Package file name: *
[info] src/test/resources/code/test/Santa01.pj:12: Visiting a ProcTypeDecl (println (I)V)
[info] src/test/resources/code/test/Santa01.pj:12: Package path: std
[info] src/test/resources/code/test/Santa01.pj:12: Package file name: *
[info] src/test/resources/code/test/Santa01.pj:13: Visiting a ProcTypeDecl (println (J)V)
[info] src/test/resources/code/test/Santa01.pj:13: Package path: std
[info] src/test/resources/code/test/Santa01.pj:13: Package file name: *
[info] src/test/resources/code/test/Santa01.pj:14: Visiting a ProcTypeDecl (println (F)V)
[info] src/test/resources/code/test/Santa01.pj:14: Package path: std
[info] src/test/resources/code/test/Santa01.pj:14: Package file name: *
[info] src/test/resources/code/test/Santa01.pj:15: Visiting a ProcTypeDecl (println (D)V)
[info] src/test/resources/code/test/Santa01.pj:15: Package path: std
[info] src/test/resources/code/test/Santa01.pj:15: Package file name: *
[info] src/test/resources/code/test/Santa01.pj:17: Visiting a ProcTypeDecl (print (T)V)
[info] src/test/resources/code/test/Santa01.pj:17: Package path: std
[info] src/test/resources/code/test/Santa01.pj:17: Package file name: *
[info] src/test/resources/code/test/Santa01.pj:18: Visiting a ProcTypeDecl (print (B)V)
[info] src/test/resources/code/test/Santa01.pj:18: Package path: std
[info] src/test/resources/code/test/Santa01.pj:18: Package file name: *
[info] src/test/resources/code/test/Santa01.pj:19: Visiting a ProcTypeDecl (print (S)V)
[info] src/test/resources/code/test/Santa01.pj:19: Package path: std
[info] src/test/resources/code/test/Santa01.pj:19: Package file name: *
[info] src/test/resources/code/test/Santa01.pj:20: Visiting a ProcTypeDecl (print (I)V)
[info] src/test/resources/code/test/Santa01.pj:20: Package path: std
[info] src/test/resources/code/test/Santa01.pj:20: Package file name: *
[info] src/test/resources/code/test/Santa01.pj:21: Visiting a ProcTypeDecl (print (J)V)
[info] src/test/resources/code/test/Santa01.pj:21: Package path: std
[info] src/test/resources/code/test/Santa01.pj:21: Package file name: *
[info] src/test/resources/code/test/Santa01.pj:22: Visiting a ProcTypeDecl (print (F)V)
[info] src/test/resources/code/test/Santa01.pj:22: Package path: std
[info] src/test/resources/code/test/Santa01.pj:22: Package file name: *
[info] src/test/resources/code/test/Santa01.pj:23: Visiting a ProcTypeDecl (print (D)V)
[info] src/test/resources/code/test/Santa01.pj:23: Package path: std
[info] src/test/resources/code/test/Santa01.pj:23: Package file name: *
[info] src/test/resources/code/test/Santa01.pj:1: Visiting a pragma LIBRARY 
[info] src/test/resources/code/test/Santa01.pj:2: Visiting a pragma NATIVE 
[info] src/test/resources/code/test/Santa01.pj:3: Visiting a pragma FILE "random"
[info] src/test/resources/code/test/Santa01.pj:4: Visiting a pragma LANGUAGE "JVM"
[info] src/test/resources/code/test/Santa01.pj:8: Visiting a ProcTypeDecl (initRandom (J)V)
[info] src/test/resources/code/test/Santa01.pj:8: Package path: std
[info] src/test/resources/code/test/Santa01.pj:8: Package file name: *
[info] src/test/resources/code/test/Santa01.pj:9: Visiting a ProcTypeDecl (longRandom ()J)
[info] src/test/resources/code/test/Santa01.pj:9: Package path: std
[info] src/test/resources/code/test/Santa01.pj:9: Package file name: *
[info] src/test/resources/code/test/Santa01.pj:1: Visiting a pragma LIBRARY 
[info] src/test/resources/code/test/Santa01.pj:2: Visiting a pragma NATIVE 
[info] src/test/resources/code/test/Santa01.pj:3: Visiting a pragma FILE "math"
[info] src/test/resources/code/test/Santa01.pj:4: Visiting a pragma LANGUAGE "JVM"
[info] src/test/resources/code/test/Santa01.pj:23: Visiting a ProcTypeDecl (acos (D)D)
[info] src/test/resources/code/test/Santa01.pj:23: Package path: std
[info] src/test/resources/code/test/Santa01.pj:23: Package file name: *
[info] src/test/resources/code/test/Santa01.pj:24: Visiting a ProcTypeDecl (asin (D)D)
[info] src/test/resources/code/test/Santa01.pj:24: Package path: std
[info] src/test/resources/code/test/Santa01.pj:24: Package file name: *
[info] src/test/resources/code/test/Santa01.pj:25: Visiting a ProcTypeDecl (atan (D)D)
[info] src/test/resources/code/test/Santa01.pj:25: Package path: std
[info] src/test/resources/code/test/Santa01.pj:25: Package file name: *
[info] src/test/resources/code/test/Santa01.pj:26: Visiting a ProcTypeDecl (atan2 (DD)D)
[info] src/test/resources/code/test/Santa01.pj:26: Package path: std
[info] src/test/resources/code/test/Santa01.pj:26: Package file name: *
[info] src/test/resources/code/test/Santa01.pj:27: Visiting a ProcTypeDecl (cos (D)D)
[info] src/test/resources/code/test/Santa01.pj:27: Package path: std
[info] src/test/resources/code/test/Santa01.pj:27: Package file name: *
[info] src/test/resources/code/test/Santa01.pj:28: Visiting a ProcTypeDecl (cosh (D)D)
[info] src/test/resources/code/test/Santa01.pj:28: Package path: std
[info] src/test/resources/code/test/Santa01.pj:28: Package file name: *
[info] src/test/resources/code/test/Santa01.pj:29: Visiting a ProcTypeDecl (sin (D)D)
[info] src/test/resources/code/test/Santa01.pj:29: Package path: std
[info] src/test/resources/code/test/Santa01.pj:29: Package file name: *
[info] src/test/resources/code/test/Santa01.pj:30: Visiting a ProcTypeDecl (sinh (D)D)
[info] src/test/resources/code/test/Santa01.pj:30: Package path: std
[info] src/test/resources/code/test/Santa01.pj:30: Package file name: *
[info] src/test/resources/code/test/Santa01.pj:31: Visiting a ProcTypeDecl (tanh (D)D)
[info] src/test/resources/code/test/Santa01.pj:31: Package path: std
[info] src/test/resources/code/test/Santa01.pj:31: Package file name: *
[info] src/test/resources/code/test/Santa01.pj:32: Visiting a ProcTypeDecl (exp (D)D)
[info] src/test/resources/code/test/Santa01.pj:32: Package path: std
[info] src/test/resources/code/test/Santa01.pj:32: Package file name: *
[info] src/test/resources/code/test/Santa01.pj:33: Visiting a ProcTypeDecl (log (D)D)
[info] src/test/resources/code/test/Santa01.pj:33: Package path: std
[info] src/test/resources/code/test/Santa01.pj:33: Package file name: *
[info] src/test/resources/code/test/Santa01.pj:34: Visiting a ProcTypeDecl (log10 (D)D)
[info] src/test/resources/code/test/Santa01.pj:34: Package path: std
[info] src/test/resources/code/test/Santa01.pj:34: Package file name: *
[info] src/test/resources/code/test/Santa01.pj:35: Visiting a ProcTypeDecl (pow (DD)D)
[info] src/test/resources/code/test/Santa01.pj:35: Package path: std
[info] src/test/resources/code/test/Santa01.pj:35: Package file name: *
[info] src/test/resources/code/test/Santa01.pj:36: Visiting a ProcTypeDecl (sqrt (D)D)
[info] src/test/resources/code/test/Santa01.pj:36: Package path: std
[info] src/test/resources/code/test/Santa01.pj:36: Package file name: *
[info] src/test/resources/code/test/Santa01.pj:37: Visiting a ProcTypeDecl (cbrt (D)D)
[info] src/test/resources/code/test/Santa01.pj:37: Package path: std
[info] src/test/resources/code/test/Santa01.pj:37: Package file name: *
[info] src/test/resources/code/test/Santa01.pj:38: Visiting a ProcTypeDecl (ceil (D)D)
[info] src/test/resources/code/test/Santa01.pj:38: Package path: std
[info] src/test/resources/code/test/Santa01.pj:38: Package file name: *
[info] src/test/resources/code/test/Santa01.pj:39: Visiting a ProcTypeDecl (fabs (D)D)
[info] src/test/resources/code/test/Santa01.pj:39: Package path: std
[info] src/test/resources/code/test/Santa01.pj:39: Package file name: *
[info] src/test/resources/code/test/Santa01.pj:40: Visiting a ProcTypeDecl (abs (J)J)
[info] src/test/resources/code/test/Santa01.pj:40: Package path: std
[info] src/test/resources/code/test/Santa01.pj:40: Package file name: *
[info] src/test/resources/code/test/Santa01.pj:41: Visiting a ProcTypeDecl (abs (I)I)
[info] src/test/resources/code/test/Santa01.pj:41: Package path: std
[info] src/test/resources/code/test/Santa01.pj:41: Package file name: *
[info] src/test/resources/code/test/Santa01.pj:42: Visiting a ProcTypeDecl (floor (D)D)
[info] src/test/resources/code/test/Santa01.pj:42: Package path: std
[info] src/test/resources/code/test/Santa01.pj:42: Package file name: *
[info] src/test/resources/code/test/Santa01.pj:43: Visiting a ProcTypeDecl (toRadians (D)D)
[info] src/test/resources/code/test/Santa01.pj:43: Package path: std
[info] src/test/resources/code/test/Santa01.pj:43: Package file name: *
[info] src/test/resources/code/test/Santa01.pj:44: Visiting a ProcTypeDecl (toDegrees (D)D)
[info] src/test/resources/code/test/Santa01.pj:44: Package path: std
[info] src/test/resources/code/test/Santa01.pj:44: Package file name: *
[info] src/test/resources/code/test/Santa01.pj:1: Visiting a pragma LIBRARY 
[info] src/test/resources/code/test/Santa01.pj:2: Visiting a pragma NATIVE 
[info] src/test/resources/code/test/Santa01.pj:3: Visiting a pragma FILE "strings"
[info] src/test/resources/code/test/Santa01.pj:4: Visiting a pragma LANGUAGE "JVM"
[info] src/test/resources/code/test/Santa01.pj:7: Visiting a ProcTypeDecl (charAt (TI)C)
[info] src/test/resources/code/test/Santa01.pj:7: Package path: std
[info] src/test/resources/code/test/Santa01.pj:7: Package file name: *
[info] src/test/resources/code/test/Santa01.pj:8: Visiting a ProcTypeDecl (length (T)I)
[info] src/test/resources/code/test/Santa01.pj:8: Package path: std
[info] src/test/resources/code/test/Santa01.pj:8: Package file name: *
[info] src/test/resources/code/test/Santa01.pj:9: Visiting a ProcTypeDecl (isEmpty (T)Z)
[info] src/test/resources/code/test/Santa01.pj:9: Package path: std
[info] src/test/resources/code/test/Santa01.pj:9: Package file name: *
[info] src/test/resources/code/test/Santa01.pj:10: Visiting a ProcTypeDecl (equals (TT)Z)
[info] src/test/resources/code/test/Santa01.pj:10: Package path: std
[info] src/test/resources/code/test/Santa01.pj:10: Package file name: *
[info] src/test/resources/code/test/Santa01.pj:11: Visiting a ProcTypeDecl (equalsIgnoreCase (TT)Z)
[info] src/test/resources/code/test/Santa01.pj:11: Package path: std
[info] src/test/resources/code/test/Santa01.pj:11: Package file name: *
[info] src/test/resources/code/test/Santa01.pj:12: Visiting a ProcTypeDecl (compareTo (TT)I)
[info] src/test/resources/code/test/Santa01.pj:12: Package path: std
[info] src/test/resources/code/test/Santa01.pj:12: Package file name: *
[info] src/test/resources/code/test/Santa01.pj:13: Visiting a ProcTypeDecl (compareToIgnoreCase (TT)I)
[info] src/test/resources/code/test/Santa01.pj:13: Package path: std
[info] src/test/resources/code/test/Santa01.pj:13: Package file name: *
[info] src/test/resources/code/test/Santa01.pj:14: Visiting a ProcTypeDecl (startsWith (TT)Z)
[info] src/test/resources/code/test/Santa01.pj:14: Package path: std
[info] src/test/resources/code/test/Santa01.pj:14: Package file name: *
[info] src/test/resources/code/test/Santa01.pj:15: Visiting a ProcTypeDecl (startsWith (TTI)Z)
[info] src/test/resources/code/test/Santa01.pj:15: Package path: std
[info] src/test/resources/code/test/Santa01.pj:15: Package file name: *
[info] src/test/resources/code/test/Santa01.pj:16: Visiting a ProcTypeDecl (endsWith (TT)Z)
[info] src/test/resources/code/test/Santa01.pj:16: Package path: std
[info] src/test/resources/code/test/Santa01.pj:16: Package file name: *
[info] src/test/resources/code/test/Santa01.pj:17: Visiting a ProcTypeDecl (indexOf (TI)I)
[info] src/test/resources/code/test/Santa01.pj:17: Package path: std
[info] src/test/resources/code/test/Santa01.pj:17: Package file name: *
[info] src/test/resources/code/test/Santa01.pj:18: Visiting a ProcTypeDecl (indexOf (TII)I)
[info] src/test/resources/code/test/Santa01.pj:18: Package path: std
[info] src/test/resources/code/test/Santa01.pj:18: Package file name: *
[info] src/test/resources/code/test/Santa01.pj:19: Visiting a ProcTypeDecl (indexOf (TT)I)
[info] src/test/resources/code/test/Santa01.pj:19: Package path: std
[info] src/test/resources/code/test/Santa01.pj:19: Package file name: *
[info] src/test/resources/code/test/Santa01.pj:20: Visiting a ProcTypeDecl (indexOf (TTI)I)
[info] src/test/resources/code/test/Santa01.pj:20: Package path: std
[info] src/test/resources/code/test/Santa01.pj:20: Package file name: *
[info] src/test/resources/code/test/Santa01.pj:21: Visiting a ProcTypeDecl (lastIndexOf (TT)I)
[info] src/test/resources/code/test/Santa01.pj:21: Package path: std
[info] src/test/resources/code/test/Santa01.pj:21: Package file name: *
[info] src/test/resources/code/test/Santa01.pj:22: Visiting a ProcTypeDecl (lastIndexOf (TI)I)
[info] src/test/resources/code/test/Santa01.pj:22: Package path: std
[info] src/test/resources/code/test/Santa01.pj:22: Package file name: *
[info] src/test/resources/code/test/Santa01.pj:23: Visiting a ProcTypeDecl (lastIndexOf (TII)I)
[info] src/test/resources/code/test/Santa01.pj:23: Package path: std
[info] src/test/resources/code/test/Santa01.pj:23: Package file name: *
[info] src/test/resources/code/test/Santa01.pj:24: Visiting a ProcTypeDecl (substring (TI)T)
[info] src/test/resources/code/test/Santa01.pj:24: Package path: std
[info] src/test/resources/code/test/Santa01.pj:24: Package file name: *
[info] src/test/resources/code/test/Santa01.pj:25: Visiting a ProcTypeDecl (substring (TII)T)
[info] src/test/resources/code/test/Santa01.pj:25: Package path: std
[info] src/test/resources/code/test/Santa01.pj:25: Package file name: *
[info] src/test/resources/code/test/Santa01.pj:26: Visiting a ProcTypeDecl (concat (TT)T)
[info] src/test/resources/code/test/Santa01.pj:26: Package path: std
[info] src/test/resources/code/test/Santa01.pj:26: Package file name: *
[info] src/test/resources/code/test/Santa01.pj:27: Visiting a ProcTypeDecl (replace (TCC)T)
[info] src/test/resources/code/test/Santa01.pj:27: Package path: std
[info] src/test/resources/code/test/Santa01.pj:27: Package file name: *
[info] src/test/resources/code/test/Santa01.pj:28: Visiting a ProcTypeDecl (matches (TT)Z)
[info] src/test/resources/code/test/Santa01.pj:28: Package path: std
[info] src/test/resources/code/test/Santa01.pj:28: Package file name: *
[info] src/test/resources/code/test/Santa01.pj:29: Visiting a ProcTypeDecl (replaceFirst (TTT)T)
[info] src/test/resources/code/test/Santa01.pj:29: Package path: std
[info] src/test/resources/code/test/Santa01.pj:29: Package file name: *
[info] src/test/resources/code/test/Santa01.pj:30: Visiting a ProcTypeDecl (replaceAll (TTT)T)
[info] src/test/resources/code/test/Santa01.pj:30: Package path: std
[info] src/test/resources/code/test/Santa01.pj:30: Package file name: *
[info] src/test/resources/code/test/Santa01.pj:31: Visiting a ProcTypeDecl (split (TT)[T;)
[info] src/test/resources/code/test/Santa01.pj:31: Package path: std
[info] src/test/resources/code/test/Santa01.pj:31: Package file name: *
[info] src/test/resources/code/test/Santa01.pj:32: Visiting a ProcTypeDecl (split (TTI)[T;)
[info] src/test/resources/code/test/Santa01.pj:32: Package path: std
[info] src/test/resources/code/test/Santa01.pj:32: Package file name: *
[info] src/test/resources/code/test/Santa01.pj:33: Visiting a ProcTypeDecl (toLowerCase (T)T)
[info] src/test/resources/code/test/Santa01.pj:33: Package path: std
[info] src/test/resources/code/test/Santa01.pj:33: Package file name: *
[info] src/test/resources/code/test/Santa01.pj:34: Visiting a ProcTypeDecl (toUpperCase (T)T)
[info] src/test/resources/code/test/Santa01.pj:34: Package path: std
[info] src/test/resources/code/test/Santa01.pj:34: Package file name: *
[info] src/test/resources/code/test/Santa01.pj:35: Visiting a ProcTypeDecl (trim ()T)
[info] src/test/resources/code/test/Santa01.pj:35: Package path: std
[info] src/test/resources/code/test/Santa01.pj:35: Package file name: *
[info] src/test/resources/code/test/Santa01.pj:36: Visiting a ProcTypeDecl (toCharArray ()[C;)
[info] src/test/resources/code/test/Santa01.pj:36: Package path: std
[info] src/test/resources/code/test/Santa01.pj:36: Package file name: *
-- Resolving imported types.
[info] ***************************************************
[info] * P A C K A G E D   T Y P E   R E S O L U T I O N *
[info] ***************************************************
[info] > File: src/test/resources/code/test/Santa01.pj
[info] src/test/resources/code/test/Santa01.pj: 1 Resolving Name 'std'
[info] src/test/resources/code/test/Santa01.pj: 1 Resolving Name '*'
[info] src/test/resources/code/test/Santa01.pj: 3 Resolving Name 'N_REINDEER'
[info] src/test/resources/code/test/Santa01.pj: 4 Resolving Name 'G_REINDEER'
[info] src/test/resources/code/test/Santa01.pj: 4 Resolving Name 'N_REINDEER'
[info] src/test/resources/code/test/Santa01.pj: 5 Resolving Name 'N_ELVES'
[info] src/test/resources/code/test/Santa01.pj: 6 Resolving Name 'G_ELVES'
[info] src/test/resources/code/test/Santa01.pj: 7 Resolving Name 'HOLIDAY_TIME'
[info] src/test/resources/code/test/Santa01.pj: 8 Resolving Name 'WORKING_TIME'
[info] src/test/resources/code/test/Santa01.pj: 9 Resolving Name 'DELIVERY_TIME'
[info] src/test/resources/code/test/Santa01.pj: 10 Resolving Name 'CONSULTATION_TIME'
[info] src/test/resources/code/test/Santa01.pj: 12 Resolving Name 'Reindeer_msg'
[info] src/test/resources/code/test/Santa01.pj: 13 Resolving Name 'holiday'
[info] src/test/resources/code/test/Santa01.pj: 13 Resolving Name 'id'
[info] src/test/resources/code/test/Santa01.pj: 14 Resolving Name 'deer_ready'
[info] src/test/resources/code/test/Santa01.pj: 14 Resolving Name 'id'
[info] src/test/resources/code/test/Santa01.pj: 15 Resolving Name 'deliver'
[info] src/test/resources/code/test/Santa01.pj: 15 Resolving Name 'id'
[info] src/test/resources/code/test/Santa01.pj: 16 Resolving Name 'deer_done'
[info] src/test/resources/code/test/Santa01.pj: 16 Resolving Name 'id'
[info] src/test/resources/code/test/Santa01.pj: 19 Resolving Name 'Elf_msg'
[info] src/test/resources/code/test/Santa01.pj: 20 Resolving Name 'working'
[info] src/test/resources/code/test/Santa01.pj: 20 Resolving Name 'id'
[info] src/test/resources/code/test/Santa01.pj: 21 Resolving Name 'elf_ready'
[info] src/test/resources/code/test/Santa01.pj: 21 Resolving Name 'id'
[info] src/test/resources/code/test/Santa01.pj: 22 Resolving Name 'waiting'
[info] src/test/resources/code/test/Santa01.pj: 22 Resolving Name 'id'
[info] src/test/resources/code/test/Santa01.pj: 23 Resolving Name 'consult'
[info] src/test/resources/code/test/Santa01.pj: 23 Resolving Name 'id'
[info] src/test/resources/code/test/Santa01.pj: 24 Resolving Name 'elf_done'
[info] src/test/resources/code/test/Santa01.pj: 24 Resolving Name 'id'
[info] src/test/resources/code/test/Santa01.pj: 27 Resolving Name 'Santa_msg'
[info] src/test/resources/code/test/Santa01.pj: 28 Resolving Name 'reindeer_ready'
[info] src/test/resources/code/test/Santa01.pj: 29 Resolving Name 'harness'
[info] src/test/resources/code/test/Santa01.pj: 29 Resolving Name 'id'
[info] src/test/resources/code/test/Santa01.pj: 30 Resolving Name 'mush_mush'
[info] src/test/resources/code/test/Santa01.pj: 31 Resolving Name 'woah'
[info] src/test/resources/code/test/Santa01.pj: 32 Resolving Name 'unharness'
[info] src/test/resources/code/test/Santa01.pj: 32 Resolving Name 'id'
[info] src/test/resources/code/test/Santa01.pj: 33 Resolving Name 'elves_ready'
[info] src/test/resources/code/test/Santa01.pj: 34 Resolving Name 'greet'
[info] src/test/resources/code/test/Santa01.pj: 34 Resolving Name 'id'
[info] src/test/resources/code/test/Santa01.pj: 35 Resolving Name 'consulting'
[info] src/test/resources/code/test/Santa01.pj: 36 Resolving Name 'santa_done'
[info] src/test/resources/code/test/Santa01.pj: 37 Resolving Name 'goodbye'
[info] src/test/resources/code/test/Santa01.pj: 37 Resolving Name 'id'
[info] src/test/resources/code/test/Santa01.pj: 40 Resolving Name 'Message'
[info] src/test/resources/code/test/Santa01.pj: 12 Resolving Name 'Reindeer_msg'
[info] src/test/resources/code/test/Santa01.pj: 19 Resolving Name 'Elf_msg'
[info] src/test/resources/code/test/Santa01.pj: 27 Resolving Name 'Santa_msg'
[info] src/test/resources/code/test/Santa01.pj: 42 Resolving Name 'random_wait'
[info] src/test/resources/code/test/Santa01.pj: 42 Resolving Name 'max_wait'
[info] src/test/resources/code/test/Santa01.pj: 42 Resolving Name 'seed'
[info] src/test/resources/code/test/Santa01.pj: 43 Resolving Name 't'
[info] src/test/resources/code/test/Santa01.pj: 44 Resolving Name 'wait'
[info] src/test/resources/code/test/Santa01.pj: 45 Resolving Name 'initRandom'
[info] src/test/resources/code/test/Santa01.pj: 45 Resolving Name 'seed'
[info] src/test/resources/code/test/Santa01.pj: 46 Resolving Name 'wait'
[info] src/test/resources/code/test/Santa01.pj: 46 Resolving Name 'longRandom'
[info] src/test/resources/code/test/Santa01.pj: 47 Resolving Name 'wait'
[info] src/test/resources/code/test/Santa01.pj: 47 Resolving Name 'wait'
[info] src/test/resources/code/test/Santa01.pj: 48 Resolving Name 't'
[info] src/test/resources/code/test/Santa01.pj: 48 Resolving Name 'wait'
[info] src/test/resources/code/test/Santa01.pj: 51 Resolving Name 'display'
[info] src/test/resources/code/test/Santa01.pj: 51 Resolving NamedType 'Message'
[info] src/test/resources/code/test/Santa01.pj: 51 Resolving Name 'in'
[info] src/test/resources/code/test/Santa01.pj: 52 Resolving NamedType 'Message'
[info] src/test/resources/code/test/Santa01.pj: 52 Resolving Name 'msg'
[info] src/test/resources/code/test/Santa01.pj: 54 Resolving Name 'msg'
[info] src/test/resources/code/test/Santa01.pj: 54 Resolving Name 'in'
[info] src/test/resources/code/test/Santa01.pj: 55 Resolving Name 'msg'
[info] src/test/resources/code/test/Santa01.pj: 56 Resolving Name 'holiday'
[info] src/test/resources/code/test/Santa01.pj: 57 Resolving Name 'println'
[info] src/test/resources/code/test/Santa01.pj: 57 Resolving Name 'msg'
[info] src/test/resources/code/test/Santa01.pj: 57 Resolving Name 'id'
[info] src/test/resources/code/test/Santa01.pj: 59 Resolving Name 'deer_ready'
[info] src/test/resources/code/test/Santa01.pj: 60 Resolving Name 'println'
[info] src/test/resources/code/test/Santa01.pj: 60 Resolving Name 'msg'
[info] src/test/resources/code/test/Santa01.pj: 60 Resolving Name 'id'
[info] src/test/resources/code/test/Santa01.pj: 62 Resolving Name 'deliver'
[info] src/test/resources/code/test/Santa01.pj: 63 Resolving Name 'println'
[info] src/test/resources/code/test/Santa01.pj: 63 Resolving Name 'msg'
[info] src/test/resources/code/test/Santa01.pj: 63 Resolving Name 'id'
[info] src/test/resources/code/test/Santa01.pj: 65 Resolving Name 'deer_done'
[info] src/test/resources/code/test/Santa01.pj: 66 Resolving Name 'println'
[info] src/test/resources/code/test/Santa01.pj: 66 Resolving Name 'msg'
[info] src/test/resources/code/test/Santa01.pj: 66 Resolving Name 'id'
[info] src/test/resources/code/test/Santa01.pj: 68 Resolving Name 'working'
[info] src/test/resources/code/test/Santa01.pj: 69 Resolving Name 'println'
[info] src/test/resources/code/test/Santa01.pj: 69 Resolving Name 'msg'
[info] src/test/resources/code/test/Santa01.pj: 69 Resolving Name 'id'
[info] src/test/resources/code/test/Santa01.pj: 71 Resolving Name 'elf_ready'
[info] src/test/resources/code/test/Santa01.pj: 72 Resolving Name 'println'
[info] src/test/resources/code/test/Santa01.pj: 72 Resolving Name 'msg'
[info] src/test/resources/code/test/Santa01.pj: 72 Resolving Name 'id'
[info] src/test/resources/code/test/Santa01.pj: 74 Resolving Name 'waiting'
[info] src/test/resources/code/test/Santa01.pj: 75 Resolving Name 'println'
[info] src/test/resources/code/test/Santa01.pj: 75 Resolving Name 'msg'
[info] src/test/resources/code/test/Santa01.pj: 75 Resolving Name 'id'
[info] src/test/resources/code/test/Santa01.pj: 77 Resolving Name 'consult'
[info] src/test/resources/code/test/Santa01.pj: 78 Resolving Name 'println'
[info] src/test/resources/code/test/Santa01.pj: 78 Resolving Name 'msg'
[info] src/test/resources/code/test/Santa01.pj: 78 Resolving Name 'id'
[info] src/test/resources/code/test/Santa01.pj: 80 Resolving Name 'elf_done'
[info] src/test/resources/code/test/Santa01.pj: 81 Resolving Name 'println'
[info] src/test/resources/code/test/Santa01.pj: 81 Resolving Name 'msg'
[info] src/test/resources/code/test/Santa01.pj: 81 Resolving Name 'id'
[info] src/test/resources/code/test/Santa01.pj: 83 Resolving Name 'reindeer_ready'
[info] src/test/resources/code/test/Santa01.pj: 84 Resolving Name 'println'
[info] src/test/resources/code/test/Santa01.pj: 86 Resolving Name 'harness'
[info] src/test/resources/code/test/Santa01.pj: 87 Resolving Name 'println'
[info] src/test/resources/code/test/Santa01.pj: 87 Resolving Name 'msg'
[info] src/test/resources/code/test/Santa01.pj: 87 Resolving Name 'id'
[info] src/test/resources/code/test/Santa01.pj: 89 Resolving Name 'mush_mush'
[info] src/test/resources/code/test/Santa01.pj: 90 Resolving Name 'println'
[info] src/test/resources/code/test/Santa01.pj: 92 Resolving Name 'woah'
[info] src/test/resources/code/test/Santa01.pj: 93 Resolving Name 'println'
[info] src/test/resources/code/test/Santa01.pj: 95 Resolving Name 'unharness'
[info] src/test/resources/code/test/Santa01.pj: 96 Resolving Name 'println'
[info] src/test/resources/code/test/Santa01.pj: 96 Resolving Name 'msg'
[info] src/test/resources/code/test/Santa01.pj: 96 Resolving Name 'id'
[info] src/test/resources/code/test/Santa01.pj: 98 Resolving Name 'elves_ready'
[info] src/test/resources/code/test/Santa01.pj: 99 Resolving Name 'println'
[info] src/test/resources/code/test/Santa01.pj: 101 Resolving Name 'greet'
[info] src/test/resources/code/test/Santa01.pj: 102 Resolving Name 'println'
[info] src/test/resources/code/test/Santa01.pj: 102 Resolving Name 'msg'
[info] src/test/resources/code/test/Santa01.pj: 102 Resolving Name 'id'
[info] src/test/resources/code/test/Santa01.pj: 104 Resolving Name 'consulting'
[info] src/test/resources/code/test/Santa01.pj: 105 Resolving Name 'println'
[info] src/test/resources/code/test/Santa01.pj: 107 Resolving Name 'santa_done'
[info] src/test/resources/code/test/Santa01.pj: 108 Resolving Name 'println'
[info] src/test/resources/code/test/Santa01.pj: 110 Resolving Name 'goodbye'
[info] src/test/resources/code/test/Santa01.pj: 111 Resolving Name 'println'
[info] src/test/resources/code/test/Santa01.pj: 111 Resolving Name 'msg'
[info] src/test/resources/code/test/Santa01.pj: 111 Resolving Name 'id'
[info] src/test/resources/code/test/Santa01.pj: 117 Resolving Name 'p_barrier_knock'
[info] src/test/resources/code/test/Santa01.pj: 117 Resolving Name 'n'
[info] src/test/resources/code/test/Santa01.pj: 117 Resolving Name 'a'
[info] src/test/resources/code/test/Santa01.pj: 118 Resolving Name 'b'
[info] src/test/resources/code/test/Santa01.pj: 119 Resolving Name 'knock'
[info] src/test/resources/code/test/Santa01.pj: 121 Resolving Name 'i'
[info] src/test/resources/code/test/Santa01.pj: 121 Resolving Name 'i'
[info] src/test/resources/code/test/Santa01.pj: 121 Resolving Name 'n'
[info] src/test/resources/code/test/Santa01.pj: 121 Resolving Name 'i'
[info] src/test/resources/code/test/Santa01.pj: 122 Resolving Name 'any'
[info] src/test/resources/code/test/Santa01.pj: 123 Resolving Name 'any'
[info] src/test/resources/code/test/Santa01.pj: 123 Resolving Name 'a'
[info] src/test/resources/code/test/Santa01.pj: 126 Resolving Name 'knock'
[info] src/test/resources/code/test/Santa01.pj: 127 Resolving Name 'i'
[info] src/test/resources/code/test/Santa01.pj: 127 Resolving Name 'i'
[info] src/test/resources/code/test/Santa01.pj: 127 Resolving Name 'n'
[info] src/test/resources/code/test/Santa01.pj: 127 Resolving Name 'i'
[info] src/test/resources/code/test/Santa01.pj: 128 Resolving Name 'any'
[info] src/test/resources/code/test/Santa01.pj: 129 Resolving Name 'any'
[info] src/test/resources/code/test/Santa01.pj: 129 Resolving Name 'b'
[info] src/test/resources/code/test/Santa01.pj: 134 Resolving Name 'p_barrier'
[info] src/test/resources/code/test/Santa01.pj: 134 Resolving Name 'n'
[info] src/test/resources/code/test/Santa01.pj: 135 Resolving Name 'a'
[info] src/test/resources/code/test/Santa01.pj: 136 Resolving Name 'b'
[info] src/test/resources/code/test/Santa01.pj: 138 Resolving Name 'i'
[info] src/test/resources/code/test/Santa01.pj: 138 Resolving Name 'i'
[info] src/test/resources/code/test/Santa01.pj: 138 Resolving Name 'n'
[info] src/test/resources/code/test/Santa01.pj: 138 Resolving Name 'i'
[info] src/test/resources/code/test/Santa01.pj: 139 Resolving Name 'any'
[info] src/test/resources/code/test/Santa01.pj: 140 Resolving Name 'any'
[info] src/test/resources/code/test/Santa01.pj: 140 Resolving Name 'a'
[info] src/test/resources/code/test/Santa01.pj: 142 Resolving Name 'i'
[info] src/test/resources/code/test/Santa01.pj: 142 Resolving Name 'i'
[info] src/test/resources/code/test/Santa01.pj: 142 Resolving Name 'n'
[info] src/test/resources/code/test/Santa01.pj: 142 Resolving Name 'i'
[info] src/test/resources/code/test/Santa01.pj: 143 Resolving Name 'any'
[info] src/test/resources/code/test/Santa01.pj: 144 Resolving Name 'any'
[info] src/test/resources/code/test/Santa01.pj: 144 Resolving Name 'b'
[info] src/test/resources/code/test/Santa01.pj: 149 Resolving Name 'syncronize'
[info] src/test/resources/code/test/Santa01.pj: 149 Resolving Name 'a'
[info] src/test/resources/code/test/Santa01.pj: 150 Resolving Name 'b'
[info] src/test/resources/code/test/Santa01.pj: 151 Resolving Name 'a'
[info] src/test/resources/code/test/Santa01.pj: 152 Resolving Name 'b'
[info] src/test/resources/code/test/Santa01.pj: 155 Resolving Name 'reindeer'
[info] src/test/resources/code/test/Santa01.pj: 155 Resolving Name 'id'
[info] src/test/resources/code/test/Santa01.pj: 156 Resolving Name 'seed'
[info] src/test/resources/code/test/Santa01.pj: 157 Resolving Name 'just_reindeer'
[info] src/test/resources/code/test/Santa01.pj: 158 Resolving Name 'santa_reindeer'
[info] src/test/resources/code/test/Santa01.pj: 159 Resolving Name 'to_santa'
[info] src/test/resources/code/test/Santa01.pj: 160 Resolving NamedType 'Reindeer_msg'
[info] src/test/resources/code/test/Santa01.pj: 160 Resolving Name 'report'
[info] src/test/resources/code/test/Santa01.pj: 161 Resolving Name 'my_seed'
[info] src/test/resources/code/test/Santa01.pj: 161 Resolving Name 'seed'
[info] src/test/resources/code/test/Santa01.pj: 162 Resolving Name 'wait'
[info] src/test/resources/code/test/Santa01.pj: 162 Resolving Name 'HOLIDAY_TIME'
[info] src/test/resources/code/test/Santa01.pj: 163 Resolving Name 't'
[info] src/test/resources/code/test/Santa01.pj: 164 Resolving Name 'tim'
[info] src/test/resources/code/test/Santa01.pj: 167 Resolving Name 'report'
[info] src/test/resources/code/test/Santa01.pj: 167 Resolving Name 'Reindeer_msg'
[info] src/test/resources/code/test/Santa01.pj: 167 Resolving Name 'holiday'
[info] src/test/resources/code/test/Santa01.pj: 167 Resolving Name 'id'
[info] src/test/resources/code/test/Santa01.pj: 167 Resolving Name 'id'
[info] src/test/resources/code/test/Santa01.pj: 168 Resolving Name 'random_wait'
[info] src/test/resources/code/test/Santa01.pj: 168 Resolving Name 'wait'
[info] src/test/resources/code/test/Santa01.pj: 168 Resolving Name 'my_seed'
[info] src/test/resources/code/test/Santa01.pj: 169 Resolving Name 'report'
[info] src/test/resources/code/test/Santa01.pj: 169 Resolving Name 'Reindeer_msg'
[info] src/test/resources/code/test/Santa01.pj: 169 Resolving Name 'deer_ready'
[info] src/test/resources/code/test/Santa01.pj: 169 Resolving Name 'id'
[info] src/test/resources/code/test/Santa01.pj: 169 Resolving Name 'id'
[info] src/test/resources/code/test/Santa01.pj: 170 Resolving Name 'just_reindeer'
[info] src/test/resources/code/test/Santa01.pj: 171 Resolving Name 'to_santa'
[info] src/test/resources/code/test/Santa01.pj: 171 Resolving Name 'id'
[info] src/test/resources/code/test/Santa01.pj: 172 Resolving Name 'santa_reindeer'
[info] src/test/resources/code/test/Santa01.pj: 173 Resolving Name 'report'
[info] src/test/resources/code/test/Santa01.pj: 173 Resolving Name 'Reindeer_msg'
[info] src/test/resources/code/test/Santa01.pj: 173 Resolving Name 'deliver'
[info] src/test/resources/code/test/Santa01.pj: 173 Resolving Name 'id'
[info] src/test/resources/code/test/Santa01.pj: 173 Resolving Name 'id'
[info] src/test/resources/code/test/Santa01.pj: 174 Resolving Name 'santa_reindeer'
[info] src/test/resources/code/test/Santa01.pj: 175 Resolving Name 'report'
[info] src/test/resources/code/test/Santa01.pj: 175 Resolving Name 'Reindeer_msg'
[info] src/test/resources/code/test/Santa01.pj: 175 Resolving Name 'deer_done'
[info] src/test/resources/code/test/Santa01.pj: 175 Resolving Name 'id'
[info] src/test/resources/code/test/Santa01.pj: 175 Resolving Name 'id'
[info] src/test/resources/code/test/Santa01.pj: 176 Resolving Name 'to_santa'
[info] src/test/resources/code/test/Santa01.pj: 176 Resolving Name 'id'
[info] src/test/resources/code/test/Santa01.pj: 180 Resolving Name 'elf'
[info] src/test/resources/code/test/Santa01.pj: 180 Resolving Name 'id'
[info] src/test/resources/code/test/Santa01.pj: 181 Resolving Name 'seed'
[info] src/test/resources/code/test/Santa01.pj: 182 Resolving Name 'elves_a'
[info] src/test/resources/code/test/Santa01.pj: 183 Resolving Name 'elves_b'
[info] src/test/resources/code/test/Santa01.pj: 184 Resolving Name 'santa_elves_a'
[info] src/test/resources/code/test/Santa01.pj: 185 Resolving Name 'santa_elves_b'
[info] src/test/resources/code/test/Santa01.pj: 186 Resolving Name 'to_santa'
[info] src/test/resources/code/test/Santa01.pj: 187 Resolving NamedType 'Elf_msg'
[info] src/test/resources/code/test/Santa01.pj: 187 Resolving Name 'report'
[info] src/test/resources/code/test/Santa01.pj: 189 Resolving Name 'my_seed'
[info] src/test/resources/code/test/Santa01.pj: 189 Resolving Name 'seed'
[info] src/test/resources/code/test/Santa01.pj: 190 Resolving Name 'wait'
[info] src/test/resources/code/test/Santa01.pj: 190 Resolving Name 'WORKING_TIME'
[info] src/test/resources/code/test/Santa01.pj: 193 Resolving Name 'report'
[info] src/test/resources/code/test/Santa01.pj: 193 Resolving Name 'Elf_msg'
[info] src/test/resources/code/test/Santa01.pj: 193 Resolving Name 'working'
[info] src/test/resources/code/test/Santa01.pj: 193 Resolving Name 'id'
[info] src/test/resources/code/test/Santa01.pj: 193 Resolving Name 'id'
[info] src/test/resources/code/test/Santa01.pj: 194 Resolving Name 'random_wait'
[info] src/test/resources/code/test/Santa01.pj: 194 Resolving Name 'wait'
[info] src/test/resources/code/test/Santa01.pj: 194 Resolving Name 'my_seed'
[info] src/test/resources/code/test/Santa01.pj: 195 Resolving Name 'report'
[info] src/test/resources/code/test/Santa01.pj: 195 Resolving Name 'Elf_msg'
[info] src/test/resources/code/test/Santa01.pj: 195 Resolving Name 'elf_ready'
[info] src/test/resources/code/test/Santa01.pj: 195 Resolving Name 'id'
[info] src/test/resources/code/test/Santa01.pj: 195 Resolving Name 'id'
[info] src/test/resources/code/test/Santa01.pj: 196 Resolving Name 'syncronize'
[info] src/test/resources/code/test/Santa01.pj: 196 Resolving Name 'elves_a'
[info] src/test/resources/code/test/Santa01.pj: 196 Resolving Name 'elves_b'
[info] src/test/resources/code/test/Santa01.pj: 197 Resolving Name 'to_santa'
[info] src/test/resources/code/test/Santa01.pj: 197 Resolving Name 'id'
[info] src/test/resources/code/test/Santa01.pj: 198 Resolving Name 'syncronize'
[info] src/test/resources/code/test/Santa01.pj: 198 Resolving Name 'santa_elves_a'
[info] src/test/resources/code/test/Santa01.pj: 198 Resolving Name 'santa_elves_b'
[info] src/test/resources/code/test/Santa01.pj: 199 Resolving Name 'report'
[info] src/test/resources/code/test/Santa01.pj: 199 Resolving Name 'Elf_msg'
[info] src/test/resources/code/test/Santa01.pj: 199 Resolving Name 'consult'
[info] src/test/resources/code/test/Santa01.pj: 199 Resolving Name 'id'
[info] src/test/resources/code/test/Santa01.pj: 199 Resolving Name 'id'
[info] src/test/resources/code/test/Santa01.pj: 200 Resolving Name 'syncronize'
[info] src/test/resources/code/test/Santa01.pj: 200 Resolving Name 'santa_elves_a'
[info] src/test/resources/code/test/Santa01.pj: 200 Resolving Name 'santa_elves_b'
[info] src/test/resources/code/test/Santa01.pj: 201 Resolving Name 'report'
[info] src/test/resources/code/test/Santa01.pj: 201 Resolving Name 'Elf_msg'
[info] src/test/resources/code/test/Santa01.pj: 201 Resolving Name 'elf_done'
[info] src/test/resources/code/test/Santa01.pj: 201 Resolving Name 'id'
[info] src/test/resources/code/test/Santa01.pj: 201 Resolving Name 'id'
[info] src/test/resources/code/test/Santa01.pj: 202 Resolving Name 'to_santa'
[info] src/test/resources/code/test/Santa01.pj: 202 Resolving Name 'id'
[info] src/test/resources/code/test/Santa01.pj: 206 Resolving Name 'santa'
[info] src/test/resources/code/test/Santa01.pj: 206 Resolving Name 'seed'
[info] src/test/resources/code/test/Santa01.pj: 207 Resolving Name 'knock'
[info] src/test/resources/code/test/Santa01.pj: 208 Resolving Name 'from_reindeer'
[info] src/test/resources/code/test/Santa01.pj: 209 Resolving Name 'from_elf'
[info] src/test/resources/code/test/Santa01.pj: 210 Resolving Name 'santa_reindeer'
[info] src/test/resources/code/test/Santa01.pj: 211 Resolving Name 'santa_elves_a'
[info] src/test/resources/code/test/Santa01.pj: 212 Resolving Name 'santa_elves_b'
[info] src/test/resources/code/test/Santa01.pj: 213 Resolving NamedType 'Santa_msg'
[info] src/test/resources/code/test/Santa01.pj: 213 Resolving Name 'report'
[info] src/test/resources/code/test/Santa01.pj: 215 Resolving Name 'my_seed'
[info] src/test/resources/code/test/Santa01.pj: 215 Resolving Name 'seed'
[info] src/test/resources/code/test/Santa01.pj: 216 Resolving Name 'tim'
[info] src/test/resources/code/test/Santa01.pj: 217 Resolving Name 't'
[info] src/test/resources/code/test/Santa01.pj: 217 Resolving Name 'wait'
[info] src/test/resources/code/test/Santa01.pj: 220 Resolving Name 'id'
[info] src/test/resources/code/test/Santa01.pj: 221 Resolving Name 'answer'
[info] src/test/resources/code/test/Santa01.pj: 223 Resolving Name 'id'
[info] src/test/resources/code/test/Santa01.pj: 223 Resolving Name 'from_reindeer'
[info] src/test/resources/code/test/Santa01.pj: 224 Resolving Name 'report'
[info] src/test/resources/code/test/Santa01.pj: 224 Resolving Name 'Santa_msg'
[info] src/test/resources/code/test/Santa01.pj: 224 Resolving Name 'reindeer_ready'
[info] src/test/resources/code/test/Santa01.pj: 225 Resolving Name 'report'
[info] src/test/resources/code/test/Santa01.pj: 225 Resolving Name 'Santa_msg'
[info] src/test/resources/code/test/Santa01.pj: 225 Resolving Name 'harness'
[info] src/test/resources/code/test/Santa01.pj: 225 Resolving Name 'id'
[info] src/test/resources/code/test/Santa01.pj: 225 Resolving Name 'id'
[info] src/test/resources/code/test/Santa01.pj: 227 Resolving Name 'i'
[info] src/test/resources/code/test/Santa01.pj: 227 Resolving Name 'i'
[info] src/test/resources/code/test/Santa01.pj: 227 Resolving Name 'G_REINDEER'
[info] src/test/resources/code/test/Santa01.pj: 227 Resolving Name 'i'
[info] src/test/resources/code/test/Santa01.pj: 228 Resolving Name 'id'
[info] src/test/resources/code/test/Santa01.pj: 228 Resolving Name 'from_reindeer'
[info] src/test/resources/code/test/Santa01.pj: 229 Resolving Name 'report'
[info] src/test/resources/code/test/Santa01.pj: 229 Resolving Name 'Santa_msg'
[info] src/test/resources/code/test/Santa01.pj: 229 Resolving Name 'harness'
[info] src/test/resources/code/test/Santa01.pj: 229 Resolving Name 'id'
[info] src/test/resources/code/test/Santa01.pj: 229 Resolving Name 'id'
[info] src/test/resources/code/test/Santa01.pj: 234 Resolving Name 'report'
[info] src/test/resources/code/test/Santa01.pj: 234 Resolving Name 'Santa_msg'
[info] src/test/resources/code/test/Santa01.pj: 234 Resolving Name 'mush_mush'
[info] src/test/resources/code/test/Santa01.pj: 235 Resolving Name 'santa_reindeer'
[info] src/test/resources/code/test/Santa01.pj: 236 Resolving Name 't'
[info] src/test/resources/code/test/Santa01.pj: 236 Resolving Name 'tim'
[info] src/test/resources/code/test/Santa01.pj: 237 Resolving Name 'tim'
[info] src/test/resources/code/test/Santa01.pj: 239 Resolving Name 'report'
[info] src/test/resources/code/test/Santa01.pj: 239 Resolving Name 'Santa_msg'
[info] src/test/resources/code/test/Santa01.pj: 239 Resolving Name 'woah'
[info] src/test/resources/code/test/Santa01.pj: 240 Resolving Name 'santa_reindeer'
[info] src/test/resources/code/test/Santa01.pj: 241 Resolving Name 'i'
[info] src/test/resources/code/test/Santa01.pj: 241 Resolving Name 'i'
[info] src/test/resources/code/test/Santa01.pj: 241 Resolving Name 'G_REINDEER'
[info] src/test/resources/code/test/Santa01.pj: 241 Resolving Name 'i'
[info] src/test/resources/code/test/Santa01.pj: 242 Resolving Name 'id'
[info] src/test/resources/code/test/Santa01.pj: 242 Resolving Name 'from_reindeer'
[info] src/test/resources/code/test/Santa01.pj: 242 Resolving Name 'report'
[info] src/test/resources/code/test/Santa01.pj: 242 Resolving Name 'Santa_msg'
[info] src/test/resources/code/test/Santa01.pj: 242 Resolving Name 'unharness'
[info] src/test/resources/code/test/Santa01.pj: 242 Resolving Name 'id'
[info] src/test/resources/code/test/Santa01.pj: 242 Resolving Name 'id'
[info] src/test/resources/code/test/Santa01.pj: 245 Resolving Name 'answer'
[info] src/test/resources/code/test/Santa01.pj: 245 Resolving Name 'knock'
[info] src/test/resources/code/test/Santa01.pj: 246 Resolving Name 'report'
[info] src/test/resources/code/test/Santa01.pj: 246 Resolving Name 'Santa_msg'
[info] src/test/resources/code/test/Santa01.pj: 246 Resolving Name 'elves_ready'
[info] src/test/resources/code/test/Santa01.pj: 247 Resolving Name 'i'
[info] src/test/resources/code/test/Santa01.pj: 247 Resolving Name 'i'
[info] src/test/resources/code/test/Santa01.pj: 247 Resolving Name 'G_ELVES'
[info] src/test/resources/code/test/Santa01.pj: 247 Resolving Name 'i'
[info] src/test/resources/code/test/Santa01.pj: 248 Resolving Name 'id'
[info] src/test/resources/code/test/Santa01.pj: 248 Resolving Name 'from_elf'
[info] src/test/resources/code/test/Santa01.pj: 249 Resolving Name 'report'
[info] src/test/resources/code/test/Santa01.pj: 249 Resolving Name 'Santa_msg'
[info] src/test/resources/code/test/Santa01.pj: 249 Resolving Name 'greet'
[info] src/test/resources/code/test/Santa01.pj: 249 Resolving Name 'id'
[info] src/test/resources/code/test/Santa01.pj: 249 Resolving Name 'id'
[info] src/test/resources/code/test/Santa01.pj: 251 Resolving Name 'syncronize'
[info] src/test/resources/code/test/Santa01.pj: 251 Resolving Name 'santa_elves_a'
[info] src/test/resources/code/test/Santa01.pj: 251 Resolving Name 'santa_elves_b'
[info] src/test/resources/code/test/Santa01.pj: 252 Resolving Name 'report'
[info] src/test/resources/code/test/Santa01.pj: 252 Resolving Name 'Santa_msg'
[info] src/test/resources/code/test/Santa01.pj: 252 Resolving Name 'consulting'
[info] src/test/resources/code/test/Santa01.pj: 253 Resolving Name 't'
[info] src/test/resources/code/test/Santa01.pj: 253 Resolving Name 'tim'
[info] src/test/resources/code/test/Santa01.pj: 254 Resolving Name 'tim'
[info] src/test/resources/code/test/Santa01.pj: 256 Resolving Name 'report'
[info] src/test/resources/code/test/Santa01.pj: 256 Resolving Name 'Santa_msg'
[info] src/test/resources/code/test/Santa01.pj: 256 Resolving Name 'santa_done'
[info] src/test/resources/code/test/Santa01.pj: 257 Resolving Name 'syncronize'
[info] src/test/resources/code/test/Santa01.pj: 257 Resolving Name 'santa_elves_a'
[info] src/test/resources/code/test/Santa01.pj: 257 Resolving Name 'santa_elves_b'
[info] src/test/resources/code/test/Santa01.pj: 258 Resolving Name 'i'
[info] src/test/resources/code/test/Santa01.pj: 258 Resolving Name 'i'
[info] src/test/resources/code/test/Santa01.pj: 258 Resolving Name 'G_ELVES'
[info] src/test/resources/code/test/Santa01.pj: 258 Resolving Name 'i'
[info] src/test/resources/code/test/Santa01.pj: 259 Resolving Name 'id'
[info] src/test/resources/code/test/Santa01.pj: 259 Resolving Name 'from_elf'
[info] src/test/resources/code/test/Santa01.pj: 259 Resolving Name 'report'
[info] src/test/resources/code/test/Santa01.pj: 259 Resolving Name 'Santa_msg'
[info] src/test/resources/code/test/Santa01.pj: 259 Resolving Name 'goodbye'
[info] src/test/resources/code/test/Santa01.pj: 259 Resolving Name 'id'
[info] src/test/resources/code/test/Santa01.pj: 259 Resolving Name 'id'
[info] src/test/resources/code/test/Santa01.pj: 266 Resolving Name 'main'
[info] src/test/resources/code/test/Santa01.pj: 266 Resolving Name 'args'
[info] src/test/resources/code/test/Santa01.pj: 267 Resolving Name 'tim'
[info] src/test/resources/code/test/Santa01.pj: 268 Resolving Name 'seed'
[info] src/test/resources/code/test/Santa01.pj: 269 Resolving Name 'seed'
[info] src/test/resources/code/test/Santa01.pj: 269 Resolving Name 'tim'
[info] src/test/resources/code/test/Santa01.pj: 270 Resolving Name 'seed'
[info] src/test/resources/code/test/Santa01.pj: 270 Resolving Name 'seed'
[info] src/test/resources/code/test/Santa01.pj: 272 Resolving Name 'just_reindeer'
[info] src/test/resources/code/test/Santa01.pj: 272 Resolving Name 'santa_reindeer'
[info] src/test/resources/code/test/Santa01.pj: 274 Resolving Name 'elves_a'
[info] src/test/resources/code/test/Santa01.pj: 274 Resolving Name 'elves_b'
[info] src/test/resources/code/test/Santa01.pj: 275 Resolving Name 'knock'
[info] src/test/resources/code/test/Santa01.pj: 276 Resolving Name 'santa_elves_a'
[info] src/test/resources/code/test/Santa01.pj: 276 Resolving Name 'santa_elves_b'
[info] src/test/resources/code/test/Santa01.pj: 277 Resolving Name 'reindeer_santa'
[info] src/test/resources/code/test/Santa01.pj: 277 Resolving Name 'elf_santa'
[info] src/test/resources/code/test/Santa01.pj: 278 Resolving NamedType 'Message'
[info] src/test/resources/code/test/Santa01.pj: 278 Resolving Name 'report'
[info] src/test/resources/code/test/Santa01.pj: 280 Resolving Name 'println'
[info] src/test/resources/code/test/Santa01.pj: 281 Resolving Name 'println'
[info] src/test/resources/code/test/Santa01.pj: 285 Resolving Name 'santa'
[info] src/test/resources/code/test/Santa01.pj: 285 Resolving Name 'seed'
[info] src/test/resources/code/test/Santa01.pj: 285 Resolving Name 'N_REINDEER'
[info] src/test/resources/code/test/Santa01.pj: 285 Resolving Name 'N_ELVES'
[info] src/test/resources/code/test/Santa01.pj: 286 Resolving Name 'knock'
[info] src/test/resources/code/test/Santa01.pj: 286 Resolving Name 'reindeer_santa'
[info] src/test/resources/code/test/Santa01.pj: 287 Resolving Name 'elf_santa'
[info] src/test/resources/code/test/Santa01.pj: 287 Resolving Name 'santa_reindeer'
[info] src/test/resources/code/test/Santa01.pj: 288 Resolving Name 'santa_elves_a'
[info] src/test/resources/code/test/Santa01.pj: 288 Resolving Name 'santa_elves_b'
[info] src/test/resources/code/test/Santa01.pj: 289 Resolving Name 'report'
[info] src/test/resources/code/test/Santa01.pj: 291 Resolving Name 'reindeer'
[info] src/test/resources/code/test/Santa01.pj: 291 Resolving Name 'seed'
[info] src/test/resources/code/test/Santa01.pj: 291 Resolving Name 'just_reindeer'
[info] src/test/resources/code/test/Santa01.pj: 291 Resolving Name 'santa_reindeer'
[info] src/test/resources/code/test/Santa01.pj: 292 Resolving Name 'reindeer_santa'
[info] src/test/resources/code/test/Santa01.pj: 292 Resolving Name 'report'
[info] src/test/resources/code/test/Santa01.pj: 293 Resolving Name 'reindeer'
[info] src/test/resources/code/test/Santa01.pj: 293 Resolving Name 'seed'
[info] src/test/resources/code/test/Santa01.pj: 293 Resolving Name 'just_reindeer'
[info] src/test/resources/code/test/Santa01.pj: 293 Resolving Name 'santa_reindeer'
[info] src/test/resources/code/test/Santa01.pj: 294 Resolving Name 'reindeer_santa'
[info] src/test/resources/code/test/Santa01.pj: 294 Resolving Name 'report'
[info] src/test/resources/code/test/Santa01.pj: 295 Resolving Name 'reindeer'
[info] src/test/resources/code/test/Santa01.pj: 295 Resolving Name 'seed'
[info] src/test/resources/code/test/Santa01.pj: 295 Resolving Name 'just_reindeer'
[info] src/test/resources/code/test/Santa01.pj: 295 Resolving Name 'santa_reindeer'
[info] src/test/resources/code/test/Santa01.pj: 296 Resolving Name 'reindeer_santa'
[info] src/test/resources/code/test/Santa01.pj: 296 Resolving Name 'report'
[info] src/test/resources/code/test/Santa01.pj: 290 Resolving Name 'just_reindeer'
[info] src/test/resources/code/test/Santa01.pj: 290 Resolving Name 'santa_reindeer'
[info] src/test/resources/code/test/Santa01.pj: 284 Resolving Name 'santa_reindeer'
[info] src/test/resources/code/test/Santa01.pj: 313 Resolving Name 'elf'
[info] src/test/resources/code/test/Santa01.pj: 313 Resolving Name 'N_REINDEER'
[info] src/test/resources/code/test/Santa01.pj: 313 Resolving Name 'seed'
[info] src/test/resources/code/test/Santa01.pj: 313 Resolving Name 'elves_a'
[info] src/test/resources/code/test/Santa01.pj: 313 Resolving Name 'elves_b'
[info] src/test/resources/code/test/Santa01.pj: 313 Resolving Name 'santa_elves_a'
[info] src/test/resources/code/test/Santa01.pj: 314 Resolving Name 'santa_elves_b'
[info] src/test/resources/code/test/Santa01.pj: 314 Resolving Name 'elf_santa'
[info] src/test/resources/code/test/Santa01.pj: 314 Resolving Name 'report'
[info] src/test/resources/code/test/Santa01.pj: 315 Resolving Name 'elf'
[info] src/test/resources/code/test/Santa01.pj: 315 Resolving Name 'N_REINDEER'
[info] src/test/resources/code/test/Santa01.pj: 315 Resolving Name 'seed'
[info] src/test/resources/code/test/Santa01.pj: 315 Resolving Name 'elves_a'
[info] src/test/resources/code/test/Santa01.pj: 315 Resolving Name 'elves_b'
[info] src/test/resources/code/test/Santa01.pj: 315 Resolving Name 'santa_elves_a'
[info] src/test/resources/code/test/Santa01.pj: 316 Resolving Name 'santa_elves_b'
[info] src/test/resources/code/test/Santa01.pj: 316 Resolving Name 'elf_santa'
[info] src/test/resources/code/test/Santa01.pj: 316 Resolving Name 'report'
[info] src/test/resources/code/test/Santa01.pj: 317 Resolving Name 'elf'
[info] src/test/resources/code/test/Santa01.pj: 317 Resolving Name 'N_REINDEER'
[info] src/test/resources/code/test/Santa01.pj: 317 Resolving Name 'seed'
[info] src/test/resources/code/test/Santa01.pj: 317 Resolving Name 'elves_a'
[info] src/test/resources/code/test/Santa01.pj: 317 Resolving Name 'elves_b'
[info] src/test/resources/code/test/Santa01.pj: 317 Resolving Name 'santa_elves_a'
[info] src/test/resources/code/test/Santa01.pj: 318 Resolving Name 'santa_elves_b'
[info] src/test/resources/code/test/Santa01.pj: 318 Resolving Name 'elf_santa'
[info] src/test/resources/code/test/Santa01.pj: 318 Resolving Name 'report'
[info] src/test/resources/code/test/Santa01.pj: 319 Resolving Name 'elf'
[info] src/test/resources/code/test/Santa01.pj: 319 Resolving Name 'N_REINDEER'
[info] src/test/resources/code/test/Santa01.pj: 319 Resolving Name 'seed'
[info] src/test/resources/code/test/Santa01.pj: 319 Resolving Name 'elves_a'
[info] src/test/resources/code/test/Santa01.pj: 319 Resolving Name 'elves_b'
[info] src/test/resources/code/test/Santa01.pj: 319 Resolving Name 'santa_elves_a'
[info] src/test/resources/code/test/Santa01.pj: 320 Resolving Name 'santa_elves_b'
[info] src/test/resources/code/test/Santa01.pj: 320 Resolving Name 'elf_santa'
[info] src/test/resources/code/test/Santa01.pj: 320 Resolving Name 'report'
[info] src/test/resources/code/test/Santa01.pj: 335 Resolving Name 'display'
[info] src/test/resources/code/test/Santa01.pj: 335 Resolving Name 'report'
[info] src/test/resources/code/test/Santa01.pj: 336 Resolving Name 'p_barrier_knock'
[info] src/test/resources/code/test/Santa01.pj: 336 Resolving Name 'G_ELVES'
[info] src/test/resources/code/test/Santa01.pj: 336 Resolving Name 'elves_a'
[info] src/test/resources/code/test/Santa01.pj: 336 Resolving Name 'elves_b'
[info] src/test/resources/code/test/Santa01.pj: 336 Resolving Name 'knock'
[info] src/test/resources/code/test/Santa01.pj: 337 Resolving Name 'p_barrier'
[info] src/test/resources/code/test/Santa01.pj: 337 Resolving Name 'G_ELVES'
[info] src/test/resources/code/test/Santa01.pj: 337 Resolving Name 'santa_elves_a'
[info] src/test/resources/code/test/Santa01.pj: 337 Resolving Name 'santa_elves_b'
-- Checking name usage.
[info] src/test/resources/code/test/Santa01.pj: **************************************
[info] src/test/resources/code/test/Santa01.pj: *       N A M E   C H E C K E R      *
[info] src/test/resources/code/test/Santa01.pj: **************************************
[info] src/test/resources/code/test/Santa01.pj: 3: Visting ConstantDecl 'N_REINDEER' (Setting myDecl)
[info] src/test/resources/code/test/Santa01.pj: 4: Visting ConstantDecl 'G_REINDEER' (Setting myDecl)
[info] src/test/resources/code/test/Santa01.pj: 4: Visiting NameExpr (N_REINDEER)
[info] src/test/resources/code/test/Santa01.pj: resolveName: resolving name: N_REINDEER
[info] src/test/resources/code/test/Santa01.pj: Found : N_REINDEER
[info] src/test/resources/code/test/Santa01.pj: 5: Visting ConstantDecl 'N_ELVES' (Setting myDecl)
[info] src/test/resources/code/test/Santa01.pj: 6: Visting ConstantDecl 'G_ELVES' (Setting myDecl)
[info] src/test/resources/code/test/Santa01.pj: 7: Visting ConstantDecl 'HOLIDAY_TIME' (Setting myDecl)
[info] src/test/resources/code/test/Santa01.pj: 8: Visting ConstantDecl 'WORKING_TIME' (Setting myDecl)
[info] src/test/resources/code/test/Santa01.pj: 9: Visting ConstantDecl 'DELIVERY_TIME' (Setting myDecl)
[info] src/test/resources/code/test/Santa01.pj: 10: Visting ConstantDecl 'CONSULTATION_TIME' (Setting myDecl)
[info] src/test/resources/code/test/Santa01.pj: 12: Visiting ProtocolTypeDecl (Reindeer_msg).
[info] src/test/resources/code/test/Santa01.pj: 19: Visiting ProtocolTypeDecl (Elf_msg).
[info] src/test/resources/code/test/Santa01.pj: 27: Visiting ProtocolTypeDecl (Santa_msg).
[info] src/test/resources/code/test/Santa01.pj: 40: Visiting ProtocolTypeDecl (Message).
[info] src/test/resources/code/test/Santa01.pj: resolveName: resolving name: Reindeer_msg
[info] src/test/resources/code/test/Santa01.pj: Found : Reindeer_msg
[info] src/test/resources/code/test/Santa01.pj: resolveName: resolving name: Elf_msg
[info] src/test/resources/code/test/Santa01.pj: Found : Elf_msg
[info] src/test/resources/code/test/Santa01.pj: resolveName: resolving name: Santa_msg
[info] src/test/resources/code/test/Santa01.pj: Found : Santa_msg
[info] src/test/resources/code/test/Santa01.pj: 42: Visiting ProcTypeDecl (random_wait).
[info] src/test/resources/code/test/Santa01.pj: 42: Visiting ParamDecl (max_wait).
[info] src/test/resources/code/test/Santa01.pj: 42: Visiting ParamDecl (seed).
[info] src/test/resources/code/test/Santa01.pj: 0: Visting Block (Opening new scope)
[info] src/test/resources/code/test/Santa01.pj: 43: Visting LocalDecl (timer t)
[info] src/test/resources/code/test/Santa01.pj: 44: Visting LocalDecl (long wait)
[info] src/test/resources/code/test/Santa01.pj: 45: Visiting Invocation (initRandom)
[info] src/test/resources/code/test/Santa01.pj: resolveName: resolving name: initRandom
[info] src/test/resources/code/test/Santa01.pj: Found : SymbolTable:<anonymous>
 -> {(J)V=initRandom}
[info] src/test/resources/code/test/Santa01.pj: 45: Visiting NameExpr (seed)
[info] src/test/resources/code/test/Santa01.pj: resolveName: resolving name: seed
[info] src/test/resources/code/test/Santa01.pj: Found : ParamDecl (Type:long Name:seed)
[info] src/test/resources/code/test/Santa01.pj: 46: Visiting NameExpr (wait)
[info] src/test/resources/code/test/Santa01.pj: resolveName: resolving name: wait
[info] src/test/resources/code/test/Santa01.pj: Found : LocalDecl (Type:long Name:wait)
[info] src/test/resources/code/test/Santa01.pj: 46: Visiting Invocation (longRandom)
[info] src/test/resources/code/test/Santa01.pj: resolveName: resolving name: longRandom
[info] src/test/resources/code/test/Santa01.pj: Found : SymbolTable:<anonymous>
 -> {()J=longRandom}
[info] src/test/resources/code/test/Santa01.pj: 47: Visiting NameExpr (wait)
[info] src/test/resources/code/test/Santa01.pj: resolveName: resolving name: wait
[info] src/test/resources/code/test/Santa01.pj: Found : LocalDecl (Type:long Name:wait)
[info] src/test/resources/code/test/Santa01.pj: 47: Visiting NameExpr (wait)
[info] src/test/resources/code/test/Santa01.pj: resolveName: resolving name: wait
[info] src/test/resources/code/test/Santa01.pj: Found : LocalDecl (Type:long Name:wait)
[info] src/test/resources/code/test/Santa01.pj: 48: Visiting NameExpr (t)
[info] src/test/resources/code/test/Santa01.pj: resolveName: resolving name: t
[info] src/test/resources/code/test/Santa01.pj: Found : LocalDecl (Type:timer Name:t)
[info] src/test/resources/code/test/Santa01.pj: 48: Visiting NameExpr (wait)
[info] src/test/resources/code/test/Santa01.pj: resolveName: resolving name: wait
[info] src/test/resources/code/test/Santa01.pj: Found : LocalDecl (Type:long Name:wait)
[info] src/test/resources/code/test/Santa01.pj: 0: Closing scope (end of Block)
[info] src/test/resources/code/test/Santa01.pj: 51: Visiting ProcTypeDecl (display).
[info] src/test/resources/code/test/Santa01.pj: 51: Visiting ParamDecl (in).
[info] src/test/resources/code/test/Santa01.pj: 51: Visiting NamedType Message
[info] src/test/resources/code/test/Santa01.pj: resolveName: resolving name: Message
[info] src/test/resources/code/test/Santa01.pj: Found : Message
[info] src/test/resources/code/test/Santa01.pj: NamedType: o = Message
[info] src/test/resources/code/test/Santa01.pj: 0: Visting Block (Opening new scope)
[info] src/test/resources/code/test/Santa01.pj: 52: Visting LocalDecl (Message msg)
[info] src/test/resources/code/test/Santa01.pj: 52: Visiting NamedType Message
[info] src/test/resources/code/test/Santa01.pj: resolveName: resolving name: Message
[info] src/test/resources/code/test/Santa01.pj: Found : Message
[info] src/test/resources/code/test/Santa01.pj: NamedType: o = Message
[info] src/test/resources/code/test/Santa01.pj: 54: Visting Block (Opening new scope)
[info] src/test/resources/code/test/Santa01.pj: 54: Visiting NameExpr (msg)
[info] src/test/resources/code/test/Santa01.pj: resolveName: resolving name: msg
[info] src/test/resources/code/test/Santa01.pj: Found : LocalDecl (Type:Message Name:msg)
[info] src/test/resources/code/test/Santa01.pj: 54: Visiting NameExpr (in)
[info] src/test/resources/code/test/Santa01.pj: resolveName: resolving name: in
[info] src/test/resources/code/test/Santa01.pj: Found : ParamDecl (Type:chan<Message>.read Name:in)
[info] src/test/resources/code/test/Santa01.pj: 55: Visiting NameExpr (msg)
[info] src/test/resources/code/test/Santa01.pj: resolveName: resolving name: msg
[info] src/test/resources/code/test/Santa01.pj: Found : LocalDecl (Type:Message Name:msg)
[info] src/test/resources/code/test/Santa01.pj: 56: Visiting SwitchLabel (holiday).
[info] src/test/resources/code/test/Santa01.pj: 57: Visiting Invocation (println)
[info] src/test/resources/code/test/Santa01.pj: resolveName: resolving name: println
[info] src/test/resources/code/test/Santa01.pj: Found : SymbolTable:<anonymous>
 -> {()V=println, (I)V=println, (T)V=println, (F)V=println, (S)V=println, (B)V=println, (J)V=println, (D)V=println}
[info] src/test/resources/code/test/Santa01.pj: 57: Visiting NameExpr (msg)
[info] src/test/resources/code/test/Santa01.pj: resolveName: resolving name: msg
[info] src/test/resources/code/test/Santa01.pj: Found : LocalDecl (Type:Message Name:msg)
[info] src/test/resources/code/test/Santa01.pj: 59: Visiting SwitchLabel (deer_ready).
[info] src/test/resources/code/test/Santa01.pj: 60: Visiting Invocation (println)
[info] src/test/resources/code/test/Santa01.pj: resolveName: resolving name: println
[info] src/test/resources/code/test/Santa01.pj: Found : SymbolTable:<anonymous>
 -> {()V=println, (I)V=println, (T)V=println, (F)V=println, (S)V=println, (B)V=println, (J)V=println, (D)V=println}
[info] src/test/resources/code/test/Santa01.pj: 60: Visiting NameExpr (msg)
[info] src/test/resources/code/test/Santa01.pj: resolveName: resolving name: msg
[info] src/test/resources/code/test/Santa01.pj: Found : LocalDecl (Type:Message Name:msg)
[info] src/test/resources/code/test/Santa01.pj: 62: Visiting SwitchLabel (deliver).
[info] src/test/resources/code/test/Santa01.pj: 63: Visiting Invocation (println)
[info] src/test/resources/code/test/Santa01.pj: resolveName: resolving name: println
[info] src/test/resources/code/test/Santa01.pj: Found : SymbolTable:<anonymous>
 -> {()V=println, (I)V=println, (T)V=println, (F)V=println, (S)V=println, (B)V=println, (J)V=println, (D)V=println}
[info] src/test/resources/code/test/Santa01.pj: 63: Visiting NameExpr (msg)
[info] src/test/resources/code/test/Santa01.pj: resolveName: resolving name: msg
[info] src/test/resources/code/test/Santa01.pj: Found : LocalDecl (Type:Message Name:msg)
[info] src/test/resources/code/test/Santa01.pj: 65: Visiting SwitchLabel (deer_done).
[info] src/test/resources/code/test/Santa01.pj: 66: Visiting Invocation (println)
[info] src/test/resources/code/test/Santa01.pj: resolveName: resolving name: println
[info] src/test/resources/code/test/Santa01.pj: Found : SymbolTable:<anonymous>
 -> {()V=println, (I)V=println, (T)V=println, (F)V=println, (S)V=println, (B)V=println, (J)V=println, (D)V=println}
[info] src/test/resources/code/test/Santa01.pj: 66: Visiting NameExpr (msg)
[info] src/test/resources/code/test/Santa01.pj: resolveName: resolving name: msg
[info] src/test/resources/code/test/Santa01.pj: Found : LocalDecl (Type:Message Name:msg)
[info] src/test/resources/code/test/Santa01.pj: 68: Visiting SwitchLabel (working).
[info] src/test/resources/code/test/Santa01.pj: 69: Visiting Invocation (println)
[info] src/test/resources/code/test/Santa01.pj: resolveName: resolving name: println
[info] src/test/resources/code/test/Santa01.pj: Found : SymbolTable:<anonymous>
 -> {()V=println, (I)V=println, (T)V=println, (F)V=println, (S)V=println, (B)V=println, (J)V=println, (D)V=println}
[info] src/test/resources/code/test/Santa01.pj: 69: Visiting NameExpr (msg)
[info] src/test/resources/code/test/Santa01.pj: resolveName: resolving name: msg
[info] src/test/resources/code/test/Santa01.pj: Found : LocalDecl (Type:Message Name:msg)
[info] src/test/resources/code/test/Santa01.pj: 71: Visiting SwitchLabel (elf_ready).
[info] src/test/resources/code/test/Santa01.pj: 72: Visiting Invocation (println)
[info] src/test/resources/code/test/Santa01.pj: resolveName: resolving name: println
[info] src/test/resources/code/test/Santa01.pj: Found : SymbolTable:<anonymous>
 -> {()V=println, (I)V=println, (T)V=println, (F)V=println, (S)V=println, (B)V=println, (J)V=println, (D)V=println}
[info] src/test/resources/code/test/Santa01.pj: 72: Visiting NameExpr (msg)
[info] src/test/resources/code/test/Santa01.pj: resolveName: resolving name: msg
[info] src/test/resources/code/test/Santa01.pj: Found : LocalDecl (Type:Message Name:msg)
[info] src/test/resources/code/test/Santa01.pj: 74: Visiting SwitchLabel (waiting).
[info] src/test/resources/code/test/Santa01.pj: 75: Visiting Invocation (println)
[info] src/test/resources/code/test/Santa01.pj: resolveName: resolving name: println
[info] src/test/resources/code/test/Santa01.pj: Found : SymbolTable:<anonymous>
 -> {()V=println, (I)V=println, (T)V=println, (F)V=println, (S)V=println, (B)V=println, (J)V=println, (D)V=println}
[info] src/test/resources/code/test/Santa01.pj: 75: Visiting NameExpr (msg)
[info] src/test/resources/code/test/Santa01.pj: resolveName: resolving name: msg
[info] src/test/resources/code/test/Santa01.pj: Found : LocalDecl (Type:Message Name:msg)
[info] src/test/resources/code/test/Santa01.pj: 77: Visiting SwitchLabel (consult).
[info] src/test/resources/code/test/Santa01.pj: 78: Visiting Invocation (println)
[info] src/test/resources/code/test/Santa01.pj: resolveName: resolving name: println
[info] src/test/resources/code/test/Santa01.pj: Found : SymbolTable:<anonymous>
 -> {()V=println, (I)V=println, (T)V=println, (F)V=println, (S)V=println, (B)V=println, (J)V=println, (D)V=println}
[info] src/test/resources/code/test/Santa01.pj: 78: Visiting NameExpr (msg)
[info] src/test/resources/code/test/Santa01.pj: resolveName: resolving name: msg
[info] src/test/resources/code/test/Santa01.pj: Found : LocalDecl (Type:Message Name:msg)
[info] src/test/resources/code/test/Santa01.pj: 80: Visiting SwitchLabel (elf_done).
[info] src/test/resources/code/test/Santa01.pj: 81: Visiting Invocation (println)
[info] src/test/resources/code/test/Santa01.pj: resolveName: resolving name: println
[info] src/test/resources/code/test/Santa01.pj: Found : SymbolTable:<anonymous>
 -> {()V=println, (I)V=println, (T)V=println, (F)V=println, (S)V=println, (B)V=println, (J)V=println, (D)V=println}
[info] src/test/resources/code/test/Santa01.pj: 81: Visiting NameExpr (msg)
[info] src/test/resources/code/test/Santa01.pj: resolveName: resolving name: msg
[info] src/test/resources/code/test/Santa01.pj: Found : LocalDecl (Type:Message Name:msg)
[info] src/test/resources/code/test/Santa01.pj: 83: Visiting SwitchLabel (reindeer_ready).
[info] src/test/resources/code/test/Santa01.pj: 84: Visiting Invocation (println)
[info] src/test/resources/code/test/Santa01.pj: resolveName: resolving name: println
[info] src/test/resources/code/test/Santa01.pj: Found : SymbolTable:<anonymous>
 -> {()V=println, (I)V=println, (T)V=println, (F)V=println, (S)V=println, (B)V=println, (J)V=println, (D)V=println}
[info] src/test/resources/code/test/Santa01.pj: 86: Visiting SwitchLabel (harness).
[info] src/test/resources/code/test/Santa01.pj: 87: Visiting Invocation (println)
[info] src/test/resources/code/test/Santa01.pj: resolveName: resolving name: println
[info] src/test/resources/code/test/Santa01.pj: Found : SymbolTable:<anonymous>
 -> {()V=println, (I)V=println, (T)V=println, (F)V=println, (S)V=println, (B)V=println, (J)V=println, (D)V=println}
[info] src/test/resources/code/test/Santa01.pj: 87: Visiting NameExpr (msg)
[info] src/test/resources/code/test/Santa01.pj: resolveName: resolving name: msg
[info] src/test/resources/code/test/Santa01.pj: Found : LocalDecl (Type:Message Name:msg)
[info] src/test/resources/code/test/Santa01.pj: 89: Visiting SwitchLabel (mush_mush).
[info] src/test/resources/code/test/Santa01.pj: 90: Visiting Invocation (println)
[info] src/test/resources/code/test/Santa01.pj: resolveName: resolving name: println
[info] src/test/resources/code/test/Santa01.pj: Found : SymbolTable:<anonymous>
 -> {()V=println, (I)V=println, (T)V=println, (F)V=println, (S)V=println, (B)V=println, (J)V=println, (D)V=println}
[info] src/test/resources/code/test/Santa01.pj: 92: Visiting SwitchLabel (woah).
[info] src/test/resources/code/test/Santa01.pj: 93: Visiting Invocation (println)
[info] src/test/resources/code/test/Santa01.pj: resolveName: resolving name: println
[info] src/test/resources/code/test/Santa01.pj: Found : SymbolTable:<anonymous>
 -> {()V=println, (I)V=println, (T)V=println, (F)V=println, (S)V=println, (B)V=println, (J)V=println, (D)V=println}
[info] src/test/resources/code/test/Santa01.pj: 95: Visiting SwitchLabel (unharness).
[info] src/test/resources/code/test/Santa01.pj: 96: Visiting Invocation (println)
[info] src/test/resources/code/test/Santa01.pj: resolveName: resolving name: println
[info] src/test/resources/code/test/Santa01.pj: Found : SymbolTable:<anonymous>
 -> {()V=println, (I)V=println, (T)V=println, (F)V=println, (S)V=println, (B)V=println, (J)V=println, (D)V=println}
[info] src/test/resources/code/test/Santa01.pj: 96: Visiting NameExpr (msg)
[info] src/test/resources/code/test/Santa01.pj: resolveName: resolving name: msg
[info] src/test/resources/code/test/Santa01.pj: Found : LocalDecl (Type:Message Name:msg)
[info] src/test/resources/code/test/Santa01.pj: 98: Visiting SwitchLabel (elves_ready).
[info] src/test/resources/code/test/Santa01.pj: 99: Visiting Invocation (println)
[info] src/test/resources/code/test/Santa01.pj: resolveName: resolving name: println
[info] src/test/resources/code/test/Santa01.pj: Found : SymbolTable:<anonymous>
 -> {()V=println, (I)V=println, (T)V=println, (F)V=println, (S)V=println, (B)V=println, (J)V=println, (D)V=println}
[info] src/test/resources/code/test/Santa01.pj: 101: Visiting SwitchLabel (greet).
[info] src/test/resources/code/test/Santa01.pj: 102: Visiting Invocation (println)
[info] src/test/resources/code/test/Santa01.pj: resolveName: resolving name: println
[info] src/test/resources/code/test/Santa01.pj: Found : SymbolTable:<anonymous>
 -> {()V=println, (I)V=println, (T)V=println, (F)V=println, (S)V=println, (B)V=println, (J)V=println, (D)V=println}
[info] src/test/resources/code/test/Santa01.pj: 102: Visiting NameExpr (msg)
[info] src/test/resources/code/test/Santa01.pj: resolveName: resolving name: msg
[info] src/test/resources/code/test/Santa01.pj: Found : LocalDecl (Type:Message Name:msg)
[info] src/test/resources/code/test/Santa01.pj: 104: Visiting SwitchLabel (consulting).
[info] src/test/resources/code/test/Santa01.pj: 105: Visiting Invocation (println)
[info] src/test/resources/code/test/Santa01.pj: resolveName: resolving name: println
[info] src/test/resources/code/test/Santa01.pj: Found : SymbolTable:<anonymous>
 -> {()V=println, (I)V=println, (T)V=println, (F)V=println, (S)V=println, (B)V=println, (J)V=println, (D)V=println}
[info] src/test/resources/code/test/Santa01.pj: 107: Visiting SwitchLabel (santa_done).
[info] src/test/resources/code/test/Santa01.pj: 108: Visiting Invocation (println)
[info] src/test/resources/code/test/Santa01.pj: resolveName: resolving name: println
[info] src/test/resources/code/test/Santa01.pj: Found : SymbolTable:<anonymous>
 -> {()V=println, (I)V=println, (T)V=println, (F)V=println, (S)V=println, (B)V=println, (J)V=println, (D)V=println}
[info] src/test/resources/code/test/Santa01.pj: 110: Visiting SwitchLabel (goodbye).
[info] src/test/resources/code/test/Santa01.pj: 111: Visiting Invocation (println)
[info] src/test/resources/code/test/Santa01.pj: resolveName: resolving name: println
[info] src/test/resources/code/test/Santa01.pj: Found : SymbolTable:<anonymous>
 -> {()V=println, (I)V=println, (T)V=println, (F)V=println, (S)V=println, (B)V=println, (J)V=println, (D)V=println}
[info] src/test/resources/code/test/Santa01.pj: 111: Visiting NameExpr (msg)
[info] src/test/resources/code/test/Santa01.pj: resolveName: resolving name: msg
[info] src/test/resources/code/test/Santa01.pj: Found : LocalDecl (Type:Message Name:msg)
[info] src/test/resources/code/test/Santa01.pj: 54: Closing scope (end of Block)
[info] src/test/resources/code/test/Santa01.pj: 0: Closing scope (end of Block)
[info] src/test/resources/code/test/Santa01.pj: 117: Visiting ProcTypeDecl (p_barrier_knock).
[info] src/test/resources/code/test/Santa01.pj: 117: Visiting ParamDecl (n).
[info] src/test/resources/code/test/Santa01.pj: 117: Visiting ParamDecl (a).
[info] src/test/resources/code/test/Santa01.pj: 118: Visiting ParamDecl (b).
[info] src/test/resources/code/test/Santa01.pj: 119: Visiting ParamDecl (knock).
[info] src/test/resources/code/test/Santa01.pj: 120: Visting Block (Opening new scope)
[info] src/test/resources/code/test/Santa01.pj: 121: Visting Block (Opening new scope)
[info] src/test/resources/code/test/Santa01.pj: 121: Visting ForStat (Opening new scope)
[info] src/test/resources/code/test/Santa01.pj: 121: Visting LocalDecl (int i)
[info] src/test/resources/code/test/Santa01.pj: 121: Visiting NameExpr (i)
[info] src/test/resources/code/test/Santa01.pj: resolveName: resolving name: i
[info] src/test/resources/code/test/Santa01.pj: Found : LocalDecl (Type:int Name:i)
[info] src/test/resources/code/test/Santa01.pj: 121: Visiting NameExpr (n)
[info] src/test/resources/code/test/Santa01.pj: resolveName: resolving name: n
[info] src/test/resources/code/test/Santa01.pj: Found : ParamDecl (Type:int Name:n)
[info] src/test/resources/code/test/Santa01.pj: 121: Visiting NameExpr (i)
[info] src/test/resources/code/test/Santa01.pj: resolveName: resolving name: i
[info] src/test/resources/code/test/Santa01.pj: Found : LocalDecl (Type:int Name:i)
[info] src/test/resources/code/test/Santa01.pj: 0: Visting Block (Opening new scope)
[info] src/test/resources/code/test/Santa01.pj: 122: Visting LocalDecl (boolean any)
[info] src/test/resources/code/test/Santa01.pj: 123: Visiting NameExpr (any)
[info] src/test/resources/code/test/Santa01.pj: resolveName: resolving name: any
[info] src/test/resources/code/test/Santa01.pj: Found : LocalDecl (Type:boolean Name:any)
[info] src/test/resources/code/test/Santa01.pj: 123: Visiting NameExpr (a)
[info] src/test/resources/code/test/Santa01.pj: resolveName: resolving name: a
[info] src/test/resources/code/test/Santa01.pj: Found : ParamDecl (Type:chan<boolean>.read Name:a)
[info] src/test/resources/code/test/Santa01.pj: 0: Closing scope (end of Block)
[info] src/test/resources/code/test/Santa01.pj: 121: Closing scope (end of ForStat)
[info] src/test/resources/code/test/Santa01.pj: 126: Visiting NameExpr (knock)
[info] src/test/resources/code/test/Santa01.pj: resolveName: resolving name: knock
[info] src/test/resources/code/test/Santa01.pj: Found : ParamDecl (Type:chan<boolean>.write Name:knock)
[info] src/test/resources/code/test/Santa01.pj: 127: Visting ForStat (Opening new scope)
[info] src/test/resources/code/test/Santa01.pj: 127: Visting LocalDecl (int i)
[info] src/test/resources/code/test/Santa01.pj: 127: Visiting NameExpr (i)
[info] src/test/resources/code/test/Santa01.pj: resolveName: resolving name: i
[info] src/test/resources/code/test/Santa01.pj: Found : LocalDecl (Type:int Name:i)
[info] src/test/resources/code/test/Santa01.pj: 127: Visiting NameExpr (n)
[info] src/test/resources/code/test/Santa01.pj: resolveName: resolving name: n
[info] src/test/resources/code/test/Santa01.pj: Found : ParamDecl (Type:int Name:n)
[info] src/test/resources/code/test/Santa01.pj: 127: Visiting NameExpr (i)
[info] src/test/resources/code/test/Santa01.pj: resolveName: resolving name: i
[info] src/test/resources/code/test/Santa01.pj: Found : LocalDecl (Type:int Name:i)
[info] src/test/resources/code/test/Santa01.pj: 0: Visting Block (Opening new scope)
[info] src/test/resources/code/test/Santa01.pj: 128: Visting LocalDecl (boolean any)
[info] src/test/resources/code/test/Santa01.pj: 129: Visiting NameExpr (any)
[info] src/test/resources/code/test/Santa01.pj: resolveName: resolving name: any
[info] src/test/resources/code/test/Santa01.pj: Found : LocalDecl (Type:boolean Name:any)
[info] src/test/resources/code/test/Santa01.pj: 129: Visiting NameExpr (b)
[info] src/test/resources/code/test/Santa01.pj: resolveName: resolving name: b
[info] src/test/resources/code/test/Santa01.pj: Found : ParamDecl (Type:chan<boolean>.read Name:b)
[info] src/test/resources/code/test/Santa01.pj: 0: Closing scope (end of Block)
[info] src/test/resources/code/test/Santa01.pj: 127: Closing scope (end of ForStat)
[info] src/test/resources/code/test/Santa01.pj: 121: Closing scope (end of Block)
[info] src/test/resources/code/test/Santa01.pj: 120: Closing scope (end of Block)
[info] src/test/resources/code/test/Santa01.pj: 134: Visiting ProcTypeDecl (p_barrier).
[info] src/test/resources/code/test/Santa01.pj: 134: Visiting ParamDecl (n).
[info] src/test/resources/code/test/Santa01.pj: 135: Visiting ParamDecl (a).
[info] src/test/resources/code/test/Santa01.pj: 136: Visiting ParamDecl (b).
[info] src/test/resources/code/test/Santa01.pj: 137: Visting Block (Opening new scope)
[info] src/test/resources/code/test/Santa01.pj: 138: Visting Block (Opening new scope)
[info] src/test/resources/code/test/Santa01.pj: 138: Visting ForStat (Opening new scope)
[info] src/test/resources/code/test/Santa01.pj: 138: Visting LocalDecl (int i)
[info] src/test/resources/code/test/Santa01.pj: 138: Visiting NameExpr (i)
[info] src/test/resources/code/test/Santa01.pj: resolveName: resolving name: i
[info] src/test/resources/code/test/Santa01.pj: Found : LocalDecl (Type:int Name:i)
[info] src/test/resources/code/test/Santa01.pj: 138: Visiting NameExpr (n)
[info] src/test/resources/code/test/Santa01.pj: resolveName: resolving name: n
[info] src/test/resources/code/test/Santa01.pj: Found : ParamDecl (Type:int Name:n)
[info] src/test/resources/code/test/Santa01.pj: 138: Visiting NameExpr (i)
[info] src/test/resources/code/test/Santa01.pj: resolveName: resolving name: i
[info] src/test/resources/code/test/Santa01.pj: Found : LocalDecl (Type:int Name:i)
[info] src/test/resources/code/test/Santa01.pj: 0: Visting Block (Opening new scope)
[info] src/test/resources/code/test/Santa01.pj: 139: Visting LocalDecl (boolean any)
[info] src/test/resources/code/test/Santa01.pj: 140: Visiting NameExpr (any)
[info] src/test/resources/code/test/Santa01.pj: resolveName: resolving name: any
[info] src/test/resources/code/test/Santa01.pj: Found : LocalDecl (Type:boolean Name:any)
[info] src/test/resources/code/test/Santa01.pj: 140: Visiting NameExpr (a)
[info] src/test/resources/code/test/Santa01.pj: resolveName: resolving name: a
[info] src/test/resources/code/test/Santa01.pj: Found : ParamDecl (Type:chan<boolean>.read Name:a)
[info] src/test/resources/code/test/Santa01.pj: 0: Closing scope (end of Block)
[info] src/test/resources/code/test/Santa01.pj: 138: Closing scope (end of ForStat)
[info] src/test/resources/code/test/Santa01.pj: 142: Visting ForStat (Opening new scope)
[info] src/test/resources/code/test/Santa01.pj: 142: Visting LocalDecl (int i)
[info] src/test/resources/code/test/Santa01.pj: 142: Visiting NameExpr (i)
[info] src/test/resources/code/test/Santa01.pj: resolveName: resolving name: i
[info] src/test/resources/code/test/Santa01.pj: Found : LocalDecl (Type:int Name:i)
[info] src/test/resources/code/test/Santa01.pj: 142: Visiting NameExpr (n)
[info] src/test/resources/code/test/Santa01.pj: resolveName: resolving name: n
[info] src/test/resources/code/test/Santa01.pj: Found : ParamDecl (Type:int Name:n)
[info] src/test/resources/code/test/Santa01.pj: 142: Visiting NameExpr (i)
[info] src/test/resources/code/test/Santa01.pj: resolveName: resolving name: i
[info] src/test/resources/code/test/Santa01.pj: Found : LocalDecl (Type:int Name:i)
[info] src/test/resources/code/test/Santa01.pj: 0: Visting Block (Opening new scope)
[info] src/test/resources/code/test/Santa01.pj: 143: Visting LocalDecl (boolean any)
[info] src/test/resources/code/test/Santa01.pj: 144: Visiting NameExpr (any)
[info] src/test/resources/code/test/Santa01.pj: resolveName: resolving name: any
[info] src/test/resources/code/test/Santa01.pj: Found : LocalDecl (Type:boolean Name:any)
[info] src/test/resources/code/test/Santa01.pj: 144: Visiting NameExpr (b)
[info] src/test/resources/code/test/Santa01.pj: resolveName: resolving name: b
[info] src/test/resources/code/test/Santa01.pj: Found : ParamDecl (Type:chan<boolean>.read Name:b)
[info] src/test/resources/code/test/Santa01.pj: 0: Closing scope (end of Block)
[info] src/test/resources/code/test/Santa01.pj: 142: Closing scope (end of ForStat)
[info] src/test/resources/code/test/Santa01.pj: 138: Closing scope (end of Block)
[info] src/test/resources/code/test/Santa01.pj: 137: Closing scope (end of Block)
[info] src/test/resources/code/test/Santa01.pj: 149: Visiting ProcTypeDecl (syncronize).
[info] src/test/resources/code/test/Santa01.pj: 149: Visiting ParamDecl (a).
[info] src/test/resources/code/test/Santa01.pj: 150: Visiting ParamDecl (b).
[info] src/test/resources/code/test/Santa01.pj: 151: Visting Block (Opening new scope)
[info] src/test/resources/code/test/Santa01.pj: 151: Visiting NameExpr (a)
[info] src/test/resources/code/test/Santa01.pj: resolveName: resolving name: a
[info] src/test/resources/code/test/Santa01.pj: Found : ParamDecl (Type:chan<boolean>.write Name:a)
[info] src/test/resources/code/test/Santa01.pj: 152: Visiting NameExpr (b)
[info] src/test/resources/code/test/Santa01.pj: resolveName: resolving name: b
[info] src/test/resources/code/test/Santa01.pj: Found : ParamDecl (Type:chan<boolean>.write Name:b)
[info] src/test/resources/code/test/Santa01.pj: 151: Closing scope (end of Block)
[info] src/test/resources/code/test/Santa01.pj: 155: Visiting ProcTypeDecl (reindeer).
[info] src/test/resources/code/test/Santa01.pj: 155: Visiting ParamDecl (id).
[info] src/test/resources/code/test/Santa01.pj: 156: Visiting ParamDecl (seed).
[info] src/test/resources/code/test/Santa01.pj: 157: Visiting ParamDecl (just_reindeer).
[info] src/test/resources/code/test/Santa01.pj: 158: Visiting ParamDecl (santa_reindeer).
[info] src/test/resources/code/test/Santa01.pj: 159: Visiting ParamDecl (to_santa).
[info] src/test/resources/code/test/Santa01.pj: 160: Visiting ParamDecl (report).
[info] src/test/resources/code/test/Santa01.pj: 160: Visiting NamedType Reindeer_msg
[info] src/test/resources/code/test/Santa01.pj: resolveName: resolving name: Reindeer_msg
[info] src/test/resources/code/test/Santa01.pj: Found : Reindeer_msg
[info] src/test/resources/code/test/Santa01.pj: NamedType: o = Reindeer_msg
[info] src/test/resources/code/test/Santa01.pj: 0: Visting Block (Opening new scope)
[info] src/test/resources/code/test/Santa01.pj: 161: Visting LocalDecl (long my_seed)
[info] src/test/resources/code/test/Santa01.pj: 161: Visiting NameExpr (seed)
[info] src/test/resources/code/test/Santa01.pj: resolveName: resolving name: seed
[info] src/test/resources/code/test/Santa01.pj: Found : ParamDecl (Type:long Name:seed)
[info] src/test/resources/code/test/Santa01.pj: 162: Visting LocalDecl (long wait)
[info] src/test/resources/code/test/Santa01.pj: 162: Visiting NameExpr (HOLIDAY_TIME)
[info] src/test/resources/code/test/Santa01.pj: resolveName: resolving name: HOLIDAY_TIME
[info] src/test/resources/code/test/Santa01.pj: Found : HOLIDAY_TIME
[info] src/test/resources/code/test/Santa01.pj: 163: Visting LocalDecl (long t)
[info] src/test/resources/code/test/Santa01.pj: 164: Visting LocalDecl (timer tim)
[info] src/test/resources/code/test/Santa01.pj: 167: Visting Block (Opening new scope)
[info] src/test/resources/code/test/Santa01.pj: 167: Visiting NameExpr (report)
[info] src/test/resources/code/test/Santa01.pj: resolveName: resolving name: report
[info] src/test/resources/code/test/Santa01.pj: Found : ParamDecl (Type:chan<Reindeer_msg>.write Name:report)
[info] src/test/resources/code/test/Santa01.pj: 167: Visiting ProtocolLiteral (Reindeer_msg).
[info] src/test/resources/code/test/Santa01.pj: resolveName: resolving name: Reindeer_msg
[info] src/test/resources/code/test/Santa01.pj: Found : Reindeer_msg
[info] src/test/resources/code/test/Santa01.pj: 167: Visiting NameExpr (id)
[info] src/test/resources/code/test/Santa01.pj: resolveName: resolving name: id
[info] src/test/resources/code/test/Santa01.pj: Found : ParamDecl (Type:int Name:id)
[info] src/test/resources/code/test/Santa01.pj: 168: Visiting Invocation (random_wait)
[info] src/test/resources/code/test/Santa01.pj: resolveName: resolving name: random_wait
[info] src/test/resources/code/test/Santa01.pj: Found : SymbolTable:<anonymous>
 -> {(JJ)V=random_wait}
[info] src/test/resources/code/test/Santa01.pj: 168: Visiting NameExpr (wait)
[info] src/test/resources/code/test/Santa01.pj: resolveName: resolving name: wait
[info] src/test/resources/code/test/Santa01.pj: Found : LocalDecl (Type:long Name:wait)
[info] src/test/resources/code/test/Santa01.pj: 168: Visiting NameExpr (my_seed)
[info] src/test/resources/code/test/Santa01.pj: resolveName: resolving name: my_seed
[info] src/test/resources/code/test/Santa01.pj: Found : LocalDecl (Type:long Name:my_seed)
[info] src/test/resources/code/test/Santa01.pj: 169: Visiting NameExpr (report)
[info] src/test/resources/code/test/Santa01.pj: resolveName: resolving name: report
[info] src/test/resources/code/test/Santa01.pj: Found : ParamDecl (Type:chan<Reindeer_msg>.write Name:report)
[info] src/test/resources/code/test/Santa01.pj: 169: Visiting ProtocolLiteral (Reindeer_msg).
[info] src/test/resources/code/test/Santa01.pj: resolveName: resolving name: Reindeer_msg
[info] src/test/resources/code/test/Santa01.pj: Found : Reindeer_msg
[info] src/test/resources/code/test/Santa01.pj: 169: Visiting NameExpr (id)
[info] src/test/resources/code/test/Santa01.pj: resolveName: resolving name: id
[info] src/test/resources/code/test/Santa01.pj: Found : ParamDecl (Type:int Name:id)
[info] src/test/resources/code/test/Santa01.pj: 170: Visiting NameExpr (just_reindeer)
[info] src/test/resources/code/test/Santa01.pj: resolveName: resolving name: just_reindeer
[info] src/test/resources/code/test/Santa01.pj: Found : ParamDecl (Type:barrier Name:just_reindeer)
[info] src/test/resources/code/test/Santa01.pj: 171: Visiting NameExpr (to_santa)
[info] src/test/resources/code/test/Santa01.pj: resolveName: resolving name: to_santa
[info] src/test/resources/code/test/Santa01.pj: Found : ParamDecl (Type:chan<int>.write Name:to_santa)
[info] src/test/resources/code/test/Santa01.pj: 171: Visiting NameExpr (id)
[info] src/test/resources/code/test/Santa01.pj: resolveName: resolving name: id
[info] src/test/resources/code/test/Santa01.pj: Found : ParamDecl (Type:int Name:id)
[info] src/test/resources/code/test/Santa01.pj: 172: Visiting NameExpr (santa_reindeer)
[info] src/test/resources/code/test/Santa01.pj: resolveName: resolving name: santa_reindeer
[info] src/test/resources/code/test/Santa01.pj: Found : ParamDecl (Type:barrier Name:santa_reindeer)
[info] src/test/resources/code/test/Santa01.pj: 173: Visiting NameExpr (report)
[info] src/test/resources/code/test/Santa01.pj: resolveName: resolving name: report
[info] src/test/resources/code/test/Santa01.pj: Found : ParamDecl (Type:chan<Reindeer_msg>.write Name:report)
[info] src/test/resources/code/test/Santa01.pj: 173: Visiting ProtocolLiteral (Reindeer_msg).
[info] src/test/resources/code/test/Santa01.pj: resolveName: resolving name: Reindeer_msg
[info] src/test/resources/code/test/Santa01.pj: Found : Reindeer_msg
[info] src/test/resources/code/test/Santa01.pj: 173: Visiting NameExpr (id)
[info] src/test/resources/code/test/Santa01.pj: resolveName: resolving name: id
[info] src/test/resources/code/test/Santa01.pj: Found : ParamDecl (Type:int Name:id)
[info] src/test/resources/code/test/Santa01.pj: 174: Visiting NameExpr (santa_reindeer)
[info] src/test/resources/code/test/Santa01.pj: resolveName: resolving name: santa_reindeer
[info] src/test/resources/code/test/Santa01.pj: Found : ParamDecl (Type:barrier Name:santa_reindeer)
[info] src/test/resources/code/test/Santa01.pj: 175: Visiting NameExpr (report)
[info] src/test/resources/code/test/Santa01.pj: resolveName: resolving name: report
[info] src/test/resources/code/test/Santa01.pj: Found : ParamDecl (Type:chan<Reindeer_msg>.write Name:report)
[info] src/test/resources/code/test/Santa01.pj: 175: Visiting ProtocolLiteral (Reindeer_msg).
[info] src/test/resources/code/test/Santa01.pj: resolveName: resolving name: Reindeer_msg
[info] src/test/resources/code/test/Santa01.pj: Found : Reindeer_msg
[info] src/test/resources/code/test/Santa01.pj: 175: Visiting NameExpr (id)
[info] src/test/resources/code/test/Santa01.pj: resolveName: resolving name: id
[info] src/test/resources/code/test/Santa01.pj: Found : ParamDecl (Type:int Name:id)
[info] src/test/resources/code/test/Santa01.pj: 176: Visiting NameExpr (to_santa)
[info] src/test/resources/code/test/Santa01.pj: resolveName: resolving name: to_santa
[info] src/test/resources/code/test/Santa01.pj: Found : ParamDecl (Type:chan<int>.write Name:to_santa)
[info] src/test/resources/code/test/Santa01.pj: 176: Visiting NameExpr (id)
[info] src/test/resources/code/test/Santa01.pj: resolveName: resolving name: id
[info] src/test/resources/code/test/Santa01.pj: Found : ParamDecl (Type:int Name:id)
[info] src/test/resources/code/test/Santa01.pj: 167: Closing scope (end of Block)
[info] src/test/resources/code/test/Santa01.pj: 0: Closing scope (end of Block)
[info] src/test/resources/code/test/Santa01.pj: 180: Visiting ProcTypeDecl (elf).
[info] src/test/resources/code/test/Santa01.pj: 180: Visiting ParamDecl (id).
[info] src/test/resources/code/test/Santa01.pj: 181: Visiting ParamDecl (seed).
[info] src/test/resources/code/test/Santa01.pj: 182: Visiting ParamDecl (elves_a).
[info] src/test/resources/code/test/Santa01.pj: 183: Visiting ParamDecl (elves_b).
[info] src/test/resources/code/test/Santa01.pj: 184: Visiting ParamDecl (santa_elves_a).
[info] src/test/resources/code/test/Santa01.pj: 185: Visiting ParamDecl (santa_elves_b).
[info] src/test/resources/code/test/Santa01.pj: 186: Visiting ParamDecl (to_santa).
[info] src/test/resources/code/test/Santa01.pj: 187: Visiting ParamDecl (report).
[info] src/test/resources/code/test/Santa01.pj: 187: Visiting NamedType Elf_msg
[info] src/test/resources/code/test/Santa01.pj: resolveName: resolving name: Elf_msg
[info] src/test/resources/code/test/Santa01.pj: Found : Elf_msg
[info] src/test/resources/code/test/Santa01.pj: NamedType: o = Elf_msg
[info] src/test/resources/code/test/Santa01.pj: 0: Visting Block (Opening new scope)
[info] src/test/resources/code/test/Santa01.pj: 189: Visting LocalDecl (long my_seed)
[info] src/test/resources/code/test/Santa01.pj: 189: Visiting NameExpr (seed)
[info] src/test/resources/code/test/Santa01.pj: resolveName: resolving name: seed
[info] src/test/resources/code/test/Santa01.pj: Found : ParamDecl (Type:long Name:seed)
[info] src/test/resources/code/test/Santa01.pj: 190: Visting LocalDecl (long wait)
[info] src/test/resources/code/test/Santa01.pj: 190: Visiting NameExpr (WORKING_TIME)
[info] src/test/resources/code/test/Santa01.pj: resolveName: resolving name: WORKING_TIME
[info] src/test/resources/code/test/Santa01.pj: Found : WORKING_TIME
[info] src/test/resources/code/test/Santa01.pj: 193: Visting Block (Opening new scope)
[info] src/test/resources/code/test/Santa01.pj: 193: Visiting NameExpr (report)
[info] src/test/resources/code/test/Santa01.pj: resolveName: resolving name: report
[info] src/test/resources/code/test/Santa01.pj: Found : ParamDecl (Type:chan<Elf_msg>.write Name:report)
[info] src/test/resources/code/test/Santa01.pj: 193: Visiting ProtocolLiteral (Elf_msg).
[info] src/test/resources/code/test/Santa01.pj: resolveName: resolving name: Elf_msg
[info] src/test/resources/code/test/Santa01.pj: Found : Elf_msg
[info] src/test/resources/code/test/Santa01.pj: 193: Visiting NameExpr (id)
[info] src/test/resources/code/test/Santa01.pj: resolveName: resolving name: id
[info] src/test/resources/code/test/Santa01.pj: Found : ParamDecl (Type:int Name:id)
[info] src/test/resources/code/test/Santa01.pj: 194: Visiting Invocation (random_wait)
[info] src/test/resources/code/test/Santa01.pj: resolveName: resolving name: random_wait
[info] src/test/resources/code/test/Santa01.pj: Found : SymbolTable:<anonymous>
 -> {(JJ)V=random_wait}
[info] src/test/resources/code/test/Santa01.pj: 194: Visiting NameExpr (wait)
[info] src/test/resources/code/test/Santa01.pj: resolveName: resolving name: wait
[info] src/test/resources/code/test/Santa01.pj: Found : LocalDecl (Type:long Name:wait)
[info] src/test/resources/code/test/Santa01.pj: 194: Visiting NameExpr (my_seed)
[info] src/test/resources/code/test/Santa01.pj: resolveName: resolving name: my_seed
[info] src/test/resources/code/test/Santa01.pj: Found : LocalDecl (Type:long Name:my_seed)
[info] src/test/resources/code/test/Santa01.pj: 195: Visiting NameExpr (report)
[info] src/test/resources/code/test/Santa01.pj: resolveName: resolving name: report
[info] src/test/resources/code/test/Santa01.pj: Found : ParamDecl (Type:chan<Elf_msg>.write Name:report)
[info] src/test/resources/code/test/Santa01.pj: 195: Visiting ProtocolLiteral (Elf_msg).
[info] src/test/resources/code/test/Santa01.pj: resolveName: resolving name: Elf_msg
[info] src/test/resources/code/test/Santa01.pj: Found : Elf_msg
[info] src/test/resources/code/test/Santa01.pj: 195: Visiting NameExpr (id)
[info] src/test/resources/code/test/Santa01.pj: resolveName: resolving name: id
[info] src/test/resources/code/test/Santa01.pj: Found : ParamDecl (Type:int Name:id)
[info] src/test/resources/code/test/Santa01.pj: 196: Visiting Invocation (syncronize)
[info] src/test/resources/code/test/Santa01.pj: resolveName: resolving name: syncronize
[info] src/test/resources/code/test/Santa01.pj: Found : SymbolTable:<anonymous>
 -> {({Z;!{Z;!)V=syncronize}
[info] src/test/resources/code/test/Santa01.pj: 196: Visiting NameExpr (elves_a)
[info] src/test/resources/code/test/Santa01.pj: resolveName: resolving name: elves_a
[info] src/test/resources/code/test/Santa01.pj: Found : ParamDecl (Type:chan<boolean>.write Name:elves_a)
[info] src/test/resources/code/test/Santa01.pj: 196: Visiting NameExpr (elves_b)
[info] src/test/resources/code/test/Santa01.pj: resolveName: resolving name: elves_b
[info] src/test/resources/code/test/Santa01.pj: Found : ParamDecl (Type:chan<boolean>.write Name:elves_b)
[info] src/test/resources/code/test/Santa01.pj: 197: Visiting NameExpr (to_santa)
[info] src/test/resources/code/test/Santa01.pj: resolveName: resolving name: to_santa
[info] src/test/resources/code/test/Santa01.pj: Found : ParamDecl (Type:chan<int>.write Name:to_santa)
[info] src/test/resources/code/test/Santa01.pj: 197: Visiting NameExpr (id)
[info] src/test/resources/code/test/Santa01.pj: resolveName: resolving name: id
[info] src/test/resources/code/test/Santa01.pj: Found : ParamDecl (Type:int Name:id)
[info] src/test/resources/code/test/Santa01.pj: 198: Visiting Invocation (syncronize)
[info] src/test/resources/code/test/Santa01.pj: resolveName: resolving name: syncronize
[info] src/test/resources/code/test/Santa01.pj: Found : SymbolTable:<anonymous>
 -> {({Z;!{Z;!)V=syncronize}
[info] src/test/resources/code/test/Santa01.pj: 198: Visiting NameExpr (santa_elves_a)
[info] src/test/resources/code/test/Santa01.pj: resolveName: resolving name: santa_elves_a
[info] src/test/resources/code/test/Santa01.pj: Found : ParamDecl (Type:chan<boolean>.write Name:santa_elves_a)
[info] src/test/resources/code/test/Santa01.pj: 198: Visiting NameExpr (santa_elves_b)
[info] src/test/resources/code/test/Santa01.pj: resolveName: resolving name: santa_elves_b
[info] src/test/resources/code/test/Santa01.pj: Found : ParamDecl (Type:chan<boolean>.write Name:santa_elves_b)
[info] src/test/resources/code/test/Santa01.pj: 199: Visiting NameExpr (report)
[info] src/test/resources/code/test/Santa01.pj: resolveName: resolving name: report
[info] src/test/resources/code/test/Santa01.pj: Found : ParamDecl (Type:chan<Elf_msg>.write Name:report)
[info] src/test/resources/code/test/Santa01.pj: 199: Visiting ProtocolLiteral (Elf_msg).
[info] src/test/resources/code/test/Santa01.pj: resolveName: resolving name: Elf_msg
[info] src/test/resources/code/test/Santa01.pj: Found : Elf_msg
[info] src/test/resources/code/test/Santa01.pj: 199: Visiting NameExpr (id)
[info] src/test/resources/code/test/Santa01.pj: resolveName: resolving name: id
[info] src/test/resources/code/test/Santa01.pj: Found : ParamDecl (Type:int Name:id)
[info] src/test/resources/code/test/Santa01.pj: 200: Visiting Invocation (syncronize)
[info] src/test/resources/code/test/Santa01.pj: resolveName: resolving name: syncronize
[info] src/test/resources/code/test/Santa01.pj: Found : SymbolTable:<anonymous>
 -> {({Z;!{Z;!)V=syncronize}
[info] src/test/resources/code/test/Santa01.pj: 200: Visiting NameExpr (santa_elves_a)
[info] src/test/resources/code/test/Santa01.pj: resolveName: resolving name: santa_elves_a
[info] src/test/resources/code/test/Santa01.pj: Found : ParamDecl (Type:chan<boolean>.write Name:santa_elves_a)
[info] src/test/resources/code/test/Santa01.pj: 200: Visiting NameExpr (santa_elves_b)
[info] src/test/resources/code/test/Santa01.pj: resolveName: resolving name: santa_elves_b
[info] src/test/resources/code/test/Santa01.pj: Found : ParamDecl (Type:chan<boolean>.write Name:santa_elves_b)
[info] src/test/resources/code/test/Santa01.pj: 201: Visiting NameExpr (report)
[info] src/test/resources/code/test/Santa01.pj: resolveName: resolving name: report
[info] src/test/resources/code/test/Santa01.pj: Found : ParamDecl (Type:chan<Elf_msg>.write Name:report)
[info] src/test/resources/code/test/Santa01.pj: 201: Visiting ProtocolLiteral (Elf_msg).
[info] src/test/resources/code/test/Santa01.pj: resolveName: resolving name: Elf_msg
[info] src/test/resources/code/test/Santa01.pj: Found : Elf_msg
[info] src/test/resources/code/test/Santa01.pj: 201: Visiting NameExpr (id)
[info] src/test/resources/code/test/Santa01.pj: resolveName: resolving name: id
[info] src/test/resources/code/test/Santa01.pj: Found : ParamDecl (Type:int Name:id)
[info] src/test/resources/code/test/Santa01.pj: 202: Visiting NameExpr (to_santa)
[info] src/test/resources/code/test/Santa01.pj: resolveName: resolving name: to_santa
[info] src/test/resources/code/test/Santa01.pj: Found : ParamDecl (Type:chan<int>.write Name:to_santa)
[info] src/test/resources/code/test/Santa01.pj: 202: Visiting NameExpr (id)
[info] src/test/resources/code/test/Santa01.pj: resolveName: resolving name: id
[info] src/test/resources/code/test/Santa01.pj: Found : ParamDecl (Type:int Name:id)
[info] src/test/resources/code/test/Santa01.pj: 193: Closing scope (end of Block)
[info] src/test/resources/code/test/Santa01.pj: 0: Closing scope (end of Block)
[info] src/test/resources/code/test/Santa01.pj: 206: Visiting ProcTypeDecl (santa).
[info] src/test/resources/code/test/Santa01.pj: 206: Visiting ParamDecl (seed).
[info] src/test/resources/code/test/Santa01.pj: 207: Visiting ParamDecl (knock).
[info] src/test/resources/code/test/Santa01.pj: 208: Visiting ParamDecl (from_reindeer).
[info] src/test/resources/code/test/Santa01.pj: 209: Visiting ParamDecl (from_elf).
[info] src/test/resources/code/test/Santa01.pj: 210: Visiting ParamDecl (santa_reindeer).
[info] src/test/resources/code/test/Santa01.pj: 211: Visiting ParamDecl (santa_elves_a).
[info] src/test/resources/code/test/Santa01.pj: 212: Visiting ParamDecl (santa_elves_b).
[info] src/test/resources/code/test/Santa01.pj: 213: Visiting ParamDecl (report).
[info] src/test/resources/code/test/Santa01.pj: 213: Visiting NamedType Santa_msg
[info] src/test/resources/code/test/Santa01.pj: resolveName: resolving name: Santa_msg
[info] src/test/resources/code/test/Santa01.pj: Found : Santa_msg
[info] src/test/resources/code/test/Santa01.pj: NamedType: o = Santa_msg
[info] src/test/resources/code/test/Santa01.pj: 0: Visting Block (Opening new scope)
[info] src/test/resources/code/test/Santa01.pj: 215: Visting LocalDecl (long my_seed)
[info] src/test/resources/code/test/Santa01.pj: 215: Visiting NameExpr (seed)
[info] src/test/resources/code/test/Santa01.pj: resolveName: resolving name: seed
[info] src/test/resources/code/test/Santa01.pj: Found : ParamDecl (Type:long Name:seed)
[info] src/test/resources/code/test/Santa01.pj: 216: Visting LocalDecl (timer tim)
[info] src/test/resources/code/test/Santa01.pj: 217: Visting LocalDecl (long t)
[info] src/test/resources/code/test/Santa01.pj: 217: Visting LocalDecl (long wait)
[info] src/test/resources/code/test/Santa01.pj: 0: Visting Block (Opening new scope)
[info] src/test/resources/code/test/Santa01.pj: 220: Visting LocalDecl (int id)
[info] src/test/resources/code/test/Santa01.pj: 221: Visting LocalDecl (boolean answer)
[info] src/test/resources/code/test/Santa01.pj: 223: Visiting AltStat
[info] src/test/resources/code/test/Santa01.pj: 223: Visiting NameExpr (id)
[info] src/test/resources/code/test/Santa01.pj: resolveName: resolving name: id
[info] src/test/resources/code/test/Santa01.pj: Found : LocalDecl (Type:int Name:id)
[info] src/test/resources/code/test/Santa01.pj: 223: Visiting NameExpr (from_reindeer)
[info] src/test/resources/code/test/Santa01.pj: resolveName: resolving name: from_reindeer
[info] src/test/resources/code/test/Santa01.pj: Found : ParamDecl (Type:chan<int>.read Name:from_reindeer)
[info] src/test/resources/code/test/Santa01.pj: 224: Visting Block (Opening new scope)
[info] src/test/resources/code/test/Santa01.pj: 224: Visiting NameExpr (report)
[info] src/test/resources/code/test/Santa01.pj: resolveName: resolving name: report
[info] src/test/resources/code/test/Santa01.pj: Found : ParamDecl (Type:chan<Santa_msg>.write Name:report)
[info] src/test/resources/code/test/Santa01.pj: 224: Visiting ProtocolLiteral (Santa_msg).
[info] src/test/resources/code/test/Santa01.pj: resolveName: resolving name: Santa_msg
[info] src/test/resources/code/test/Santa01.pj: Found : Santa_msg
[info] src/test/resources/code/test/Santa01.pj: 225: Visiting NameExpr (report)
[info] src/test/resources/code/test/Santa01.pj: resolveName: resolving name: report
[info] src/test/resources/code/test/Santa01.pj: Found : ParamDecl (Type:chan<Santa_msg>.write Name:report)
[info] src/test/resources/code/test/Santa01.pj: 225: Visiting ProtocolLiteral (Santa_msg).
[info] src/test/resources/code/test/Santa01.pj: resolveName: resolving name: Santa_msg
[info] src/test/resources/code/test/Santa01.pj: Found : Santa_msg
[info] src/test/resources/code/test/Santa01.pj: 225: Visiting NameExpr (id)
[info] src/test/resources/code/test/Santa01.pj: resolveName: resolving name: id
[info] src/test/resources/code/test/Santa01.pj: Found : LocalDecl (Type:int Name:id)
[info] src/test/resources/code/test/Santa01.pj: 227: Visting ForStat (Opening new scope)
[info] src/test/resources/code/test/Santa01.pj: 227: Visting LocalDecl (int i)
[info] src/test/resources/code/test/Santa01.pj: 227: Visiting NameExpr (i)
[info] src/test/resources/code/test/Santa01.pj: resolveName: resolving name: i
[info] src/test/resources/code/test/Santa01.pj: Found : LocalDecl (Type:int Name:i)
[info] src/test/resources/code/test/Santa01.pj: 227: Visiting NameExpr (G_REINDEER)
[info] src/test/resources/code/test/Santa01.pj: resolveName: resolving name: G_REINDEER
[info] src/test/resources/code/test/Santa01.pj: Found : G_REINDEER
[info] src/test/resources/code/test/Santa01.pj: 227: Visiting NameExpr (i)
[info] src/test/resources/code/test/Santa01.pj: resolveName: resolving name: i
[info] src/test/resources/code/test/Santa01.pj: Found : LocalDecl (Type:int Name:i)
[info] src/test/resources/code/test/Santa01.pj: 228: Visting Block (Opening new scope)
[info] src/test/resources/code/test/Santa01.pj: 228: Visiting NameExpr (id)
[info] src/test/resources/code/test/Santa01.pj: resolveName: resolving name: id
[info] src/test/resources/code/test/Santa01.pj: Found : LocalDecl (Type:int Name:id)
[info] src/test/resources/code/test/Santa01.pj: 228: Visiting NameExpr (from_reindeer)
[info] src/test/resources/code/test/Santa01.pj: resolveName: resolving name: from_reindeer
[info] src/test/resources/code/test/Santa01.pj: Found : ParamDecl (Type:chan<int>.read Name:from_reindeer)
[info] src/test/resources/code/test/Santa01.pj: 229: Visiting NameExpr (report)
[info] src/test/resources/code/test/Santa01.pj: resolveName: resolving name: report
[info] src/test/resources/code/test/Santa01.pj: Found : ParamDecl (Type:chan<Santa_msg>.write Name:report)
[info] src/test/resources/code/test/Santa01.pj: 229: Visiting ProtocolLiteral (Santa_msg).
[info] src/test/resources/code/test/Santa01.pj: resolveName: resolving name: Santa_msg
[info] src/test/resources/code/test/Santa01.pj: Found : Santa_msg
[info] src/test/resources/code/test/Santa01.pj: 229: Visiting NameExpr (id)
[info] src/test/resources/code/test/Santa01.pj: resolveName: resolving name: id
[info] src/test/resources/code/test/Santa01.pj: Found : LocalDecl (Type:int Name:id)
[info] src/test/resources/code/test/Santa01.pj: 228: Closing scope (end of Block)
[info] src/test/resources/code/test/Santa01.pj: 227: Closing scope (end of ForStat)
[info] src/test/resources/code/test/Santa01.pj: 234: Visiting NameExpr (report)
[info] src/test/resources/code/test/Santa01.pj: resolveName: resolving name: report
[info] src/test/resources/code/test/Santa01.pj: Found : ParamDecl (Type:chan<Santa_msg>.write Name:report)
[info] src/test/resources/code/test/Santa01.pj: 234: Visiting ProtocolLiteral (Santa_msg).
[info] src/test/resources/code/test/Santa01.pj: resolveName: resolving name: Santa_msg
[info] src/test/resources/code/test/Santa01.pj: Found : Santa_msg
[info] src/test/resources/code/test/Santa01.pj: 235: Visiting NameExpr (santa_reindeer)
[info] src/test/resources/code/test/Santa01.pj: resolveName: resolving name: santa_reindeer
[info] src/test/resources/code/test/Santa01.pj: Found : ParamDecl (Type:barrier Name:santa_reindeer)
[info] src/test/resources/code/test/Santa01.pj: 236: Visiting NameExpr (t)
[info] src/test/resources/code/test/Santa01.pj: resolveName: resolving name: t
[info] src/test/resources/code/test/Santa01.pj: Found : LocalDecl (Type:long Name:t)
[info] src/test/resources/code/test/Santa01.pj: 236: Visiting NameExpr (tim)
[info] src/test/resources/code/test/Santa01.pj: resolveName: resolving name: tim
[info] src/test/resources/code/test/Santa01.pj: Found : LocalDecl (Type:timer Name:tim)
[info] src/test/resources/code/test/Santa01.pj: 237: Visiting NameExpr (tim)
[info] src/test/resources/code/test/Santa01.pj: resolveName: resolving name: tim
[info] src/test/resources/code/test/Santa01.pj: Found : LocalDecl (Type:timer Name:tim)
[info] src/test/resources/code/test/Santa01.pj: 239: Visiting NameExpr (report)
[info] src/test/resources/code/test/Santa01.pj: resolveName: resolving name: report
[info] src/test/resources/code/test/Santa01.pj: Found : ParamDecl (Type:chan<Santa_msg>.write Name:report)
[info] src/test/resources/code/test/Santa01.pj: 239: Visiting ProtocolLiteral (Santa_msg).
[info] src/test/resources/code/test/Santa01.pj: resolveName: resolving name: Santa_msg
[info] src/test/resources/code/test/Santa01.pj: Found : Santa_msg
[info] src/test/resources/code/test/Santa01.pj: 240: Visiting NameExpr (santa_reindeer)
[info] src/test/resources/code/test/Santa01.pj: resolveName: resolving name: santa_reindeer
[info] src/test/resources/code/test/Santa01.pj: Found : ParamDecl (Type:barrier Name:santa_reindeer)
[info] src/test/resources/code/test/Santa01.pj: 241: Visting ForStat (Opening new scope)
[info] src/test/resources/code/test/Santa01.pj: 241: Visting LocalDecl (int i)
[info] src/test/resources/code/test/Santa01.pj: 241: Visiting NameExpr (i)
[info] src/test/resources/code/test/Santa01.pj: resolveName: resolving name: i
[info] src/test/resources/code/test/Santa01.pj: Found : LocalDecl (Type:int Name:i)
[info] src/test/resources/code/test/Santa01.pj: 241: Visiting NameExpr (G_REINDEER)
[info] src/test/resources/code/test/Santa01.pj: resolveName: resolving name: G_REINDEER
[info] src/test/resources/code/test/Santa01.pj: Found : G_REINDEER
[info] src/test/resources/code/test/Santa01.pj: 241: Visiting NameExpr (i)
[info] src/test/resources/code/test/Santa01.pj: resolveName: resolving name: i
[info] src/test/resources/code/test/Santa01.pj: Found : LocalDecl (Type:int Name:i)
[info] src/test/resources/code/test/Santa01.pj: 242: Visting Block (Opening new scope)
[info] src/test/resources/code/test/Santa01.pj: 242: Visiting NameExpr (id)
[info] src/test/resources/code/test/Santa01.pj: resolveName: resolving name: id
[info] src/test/resources/code/test/Santa01.pj: Found : LocalDecl (Type:int Name:id)
[info] src/test/resources/code/test/Santa01.pj: 242: Visiting NameExpr (from_reindeer)
[info] src/test/resources/code/test/Santa01.pj: resolveName: resolving name: from_reindeer
[info] src/test/resources/code/test/Santa01.pj: Found : ParamDecl (Type:chan<int>.read Name:from_reindeer)
[info] src/test/resources/code/test/Santa01.pj: 242: Visting Block (Opening new scope)
[info] src/test/resources/code/test/Santa01.pj: 242: Visiting NameExpr (report)
[info] src/test/resources/code/test/Santa01.pj: resolveName: resolving name: report
[info] src/test/resources/code/test/Santa01.pj: Found : ParamDecl (Type:chan<Santa_msg>.write Name:report)
[info] src/test/resources/code/test/Santa01.pj: 242: Visiting ProtocolLiteral (Santa_msg).
[info] src/test/resources/code/test/Santa01.pj: resolveName: resolving name: Santa_msg
[info] src/test/resources/code/test/Santa01.pj: Found : Santa_msg
[info] src/test/resources/code/test/Santa01.pj: 242: Visiting NameExpr (id)
[info] src/test/resources/code/test/Santa01.pj: resolveName: resolving name: id
[info] src/test/resources/code/test/Santa01.pj: Found : LocalDecl (Type:int Name:id)
[info] src/test/resources/code/test/Santa01.pj: 242: Closing scope (end of Block)
[info] src/test/resources/code/test/Santa01.pj: 242: Closing scope (end of Block)
[info] src/test/resources/code/test/Santa01.pj: 241: Closing scope (end of ForStat)
[info] src/test/resources/code/test/Santa01.pj: 224: Closing scope (end of Block)
[info] src/test/resources/code/test/Santa01.pj: 245: Visiting NameExpr (answer)
[info] src/test/resources/code/test/Santa01.pj: resolveName: resolving name: answer
[info] src/test/resources/code/test/Santa01.pj: Found : LocalDecl (Type:boolean Name:answer)
[info] src/test/resources/code/test/Santa01.pj: 245: Visiting NameExpr (knock)
[info] src/test/resources/code/test/Santa01.pj: resolveName: resolving name: knock
[info] src/test/resources/code/test/Santa01.pj: Found : ParamDecl (Type:chan<boolean>.read Name:knock)
[info] src/test/resources/code/test/Santa01.pj: 246: Visting Block (Opening new scope)
[info] src/test/resources/code/test/Santa01.pj: 246: Visiting NameExpr (report)
[info] src/test/resources/code/test/Santa01.pj: resolveName: resolving name: report
[info] src/test/resources/code/test/Santa01.pj: Found : ParamDecl (Type:chan<Santa_msg>.write Name:report)
[info] src/test/resources/code/test/Santa01.pj: 246: Visiting ProtocolLiteral (Santa_msg).
[info] src/test/resources/code/test/Santa01.pj: resolveName: resolving name: Santa_msg
[info] src/test/resources/code/test/Santa01.pj: Found : Santa_msg
[info] src/test/resources/code/test/Santa01.pj: 247: Visting ForStat (Opening new scope)
[info] src/test/resources/code/test/Santa01.pj: 247: Visting LocalDecl (int i)
[info] src/test/resources/code/test/Santa01.pj: 247: Visiting NameExpr (i)
[info] src/test/resources/code/test/Santa01.pj: resolveName: resolving name: i
[info] src/test/resources/code/test/Santa01.pj: Found : LocalDecl (Type:int Name:i)
[info] src/test/resources/code/test/Santa01.pj: 247: Visiting NameExpr (G_ELVES)
[info] src/test/resources/code/test/Santa01.pj: resolveName: resolving name: G_ELVES
[info] src/test/resources/code/test/Santa01.pj: Found : G_ELVES
[info] src/test/resources/code/test/Santa01.pj: 247: Visiting NameExpr (i)
[info] src/test/resources/code/test/Santa01.pj: resolveName: resolving name: i
[info] src/test/resources/code/test/Santa01.pj: Found : LocalDecl (Type:int Name:i)
[info] src/test/resources/code/test/Santa01.pj: 248: Visting Block (Opening new scope)
[info] src/test/resources/code/test/Santa01.pj: 248: Visiting NameExpr (id)
[info] src/test/resources/code/test/Santa01.pj: resolveName: resolving name: id
[info] src/test/resources/code/test/Santa01.pj: Found : LocalDecl (Type:int Name:id)
[info] src/test/resources/code/test/Santa01.pj: 248: Visiting NameExpr (from_elf)
[info] src/test/resources/code/test/Santa01.pj: resolveName: resolving name: from_elf
[info] src/test/resources/code/test/Santa01.pj: Found : ParamDecl (Type:chan<int>.read Name:from_elf)
[info] src/test/resources/code/test/Santa01.pj: 249: Visiting NameExpr (report)
[info] src/test/resources/code/test/Santa01.pj: resolveName: resolving name: report
[info] src/test/resources/code/test/Santa01.pj: Found : ParamDecl (Type:chan<Santa_msg>.write Name:report)
[info] src/test/resources/code/test/Santa01.pj: 249: Visiting ProtocolLiteral (Santa_msg).
[info] src/test/resources/code/test/Santa01.pj: resolveName: resolving name: Santa_msg
[info] src/test/resources/code/test/Santa01.pj: Found : Santa_msg
[info] src/test/resources/code/test/Santa01.pj: 249: Visiting NameExpr (id)
[info] src/test/resources/code/test/Santa01.pj: resolveName: resolving name: id
[info] src/test/resources/code/test/Santa01.pj: Found : LocalDecl (Type:int Name:id)
[info] src/test/resources/code/test/Santa01.pj: 248: Closing scope (end of Block)
[info] src/test/resources/code/test/Santa01.pj: 247: Closing scope (end of ForStat)
[info] src/test/resources/code/test/Santa01.pj: 251: Visiting Invocation (syncronize)
[info] src/test/resources/code/test/Santa01.pj: resolveName: resolving name: syncronize
[info] src/test/resources/code/test/Santa01.pj: Found : SymbolTable:<anonymous>
 -> {({Z;!{Z;!)V=syncronize}
[info] src/test/resources/code/test/Santa01.pj: 251: Visiting NameExpr (santa_elves_a)
[info] src/test/resources/code/test/Santa01.pj: resolveName: resolving name: santa_elves_a
[info] src/test/resources/code/test/Santa01.pj: Found : ParamDecl (Type:chan<boolean>.write Name:santa_elves_a)
[info] src/test/resources/code/test/Santa01.pj: 251: Visiting NameExpr (santa_elves_b)
[info] src/test/resources/code/test/Santa01.pj: resolveName: resolving name: santa_elves_b
[info] src/test/resources/code/test/Santa01.pj: Found : ParamDecl (Type:chan<boolean>.write Name:santa_elves_b)
[info] src/test/resources/code/test/Santa01.pj: 252: Visiting NameExpr (report)
[info] src/test/resources/code/test/Santa01.pj: resolveName: resolving name: report
[info] src/test/resources/code/test/Santa01.pj: Found : ParamDecl (Type:chan<Santa_msg>.write Name:report)
[info] src/test/resources/code/test/Santa01.pj: 252: Visiting ProtocolLiteral (Santa_msg).
[info] src/test/resources/code/test/Santa01.pj: resolveName: resolving name: Santa_msg
[info] src/test/resources/code/test/Santa01.pj: Found : Santa_msg
[info] src/test/resources/code/test/Santa01.pj: 253: Visiting NameExpr (t)
[info] src/test/resources/code/test/Santa01.pj: resolveName: resolving name: t
[info] src/test/resources/code/test/Santa01.pj: Found : LocalDecl (Type:long Name:t)
[info] src/test/resources/code/test/Santa01.pj: 253: Visiting NameExpr (tim)
[info] src/test/resources/code/test/Santa01.pj: resolveName: resolving name: tim
[info] src/test/resources/code/test/Santa01.pj: Found : LocalDecl (Type:timer Name:tim)
[info] src/test/resources/code/test/Santa01.pj: 254: Visiting NameExpr (tim)
[info] src/test/resources/code/test/Santa01.pj: resolveName: resolving name: tim
[info] src/test/resources/code/test/Santa01.pj: Found : LocalDecl (Type:timer Name:tim)
[info] src/test/resources/code/test/Santa01.pj: 256: Visiting NameExpr (report)
[info] src/test/resources/code/test/Santa01.pj: resolveName: resolving name: report
[info] src/test/resources/code/test/Santa01.pj: Found : ParamDecl (Type:chan<Santa_msg>.write Name:report)
[info] src/test/resources/code/test/Santa01.pj: 256: Visiting ProtocolLiteral (Santa_msg).
[info] src/test/resources/code/test/Santa01.pj: resolveName: resolving name: Santa_msg
[info] src/test/resources/code/test/Santa01.pj: Found : Santa_msg
[info] src/test/resources/code/test/Santa01.pj: 257: Visiting Invocation (syncronize)
[info] src/test/resources/code/test/Santa01.pj: resolveName: resolving name: syncronize
[info] src/test/resources/code/test/Santa01.pj: Found : SymbolTable:<anonymous>
 -> {({Z;!{Z;!)V=syncronize}
[info] src/test/resources/code/test/Santa01.pj: 257: Visiting NameExpr (santa_elves_a)
[info] src/test/resources/code/test/Santa01.pj: resolveName: resolving name: santa_elves_a
[info] src/test/resources/code/test/Santa01.pj: Found : ParamDecl (Type:chan<boolean>.write Name:santa_elves_a)
[info] src/test/resources/code/test/Santa01.pj: 257: Visiting NameExpr (santa_elves_b)
[info] src/test/resources/code/test/Santa01.pj: resolveName: resolving name: santa_elves_b
[info] src/test/resources/code/test/Santa01.pj: Found : ParamDecl (Type:chan<boolean>.write Name:santa_elves_b)
[info] src/test/resources/code/test/Santa01.pj: 258: Visting ForStat (Opening new scope)
[info] src/test/resources/code/test/Santa01.pj: 258: Visting LocalDecl (int i)
[info] src/test/resources/code/test/Santa01.pj: 258: Visiting NameExpr (i)
[info] src/test/resources/code/test/Santa01.pj: resolveName: resolving name: i
[info] src/test/resources/code/test/Santa01.pj: Found : LocalDecl (Type:int Name:i)
[info] src/test/resources/code/test/Santa01.pj: 258: Visiting NameExpr (G_ELVES)
[info] src/test/resources/code/test/Santa01.pj: resolveName: resolving name: G_ELVES
[info] src/test/resources/code/test/Santa01.pj: Found : G_ELVES
[info] src/test/resources/code/test/Santa01.pj: 258: Visiting NameExpr (i)
[info] src/test/resources/code/test/Santa01.pj: resolveName: resolving name: i
[info] src/test/resources/code/test/Santa01.pj: Found : LocalDecl (Type:int Name:i)
[info] src/test/resources/code/test/Santa01.pj: 259: Visting Block (Opening new scope)
[info] src/test/resources/code/test/Santa01.pj: 259: Visiting NameExpr (id)
[info] src/test/resources/code/test/Santa01.pj: resolveName: resolving name: id
[info] src/test/resources/code/test/Santa01.pj: Found : LocalDecl (Type:int Name:id)
[info] src/test/resources/code/test/Santa01.pj: 259: Visiting NameExpr (from_elf)
[info] src/test/resources/code/test/Santa01.pj: resolveName: resolving name: from_elf
[info] src/test/resources/code/test/Santa01.pj: Found : ParamDecl (Type:chan<int>.read Name:from_elf)
[info] src/test/resources/code/test/Santa01.pj: 259: Visting Block (Opening new scope)
[info] src/test/resources/code/test/Santa01.pj: 259: Visiting NameExpr (report)
[info] src/test/resources/code/test/Santa01.pj: resolveName: resolving name: report
[info] src/test/resources/code/test/Santa01.pj: Found : ParamDecl (Type:chan<Santa_msg>.write Name:report)
[info] src/test/resources/code/test/Santa01.pj: 259: Visiting ProtocolLiteral (Santa_msg).
[info] src/test/resources/code/test/Santa01.pj: resolveName: resolving name: Santa_msg
[info] src/test/resources/code/test/Santa01.pj: Found : Santa_msg
[info] src/test/resources/code/test/Santa01.pj: 259: Visiting NameExpr (id)
[info] src/test/resources/code/test/Santa01.pj: resolveName: resolving name: id
[info] src/test/resources/code/test/Santa01.pj: Found : LocalDecl (Type:int Name:id)
[info] src/test/resources/code/test/Santa01.pj: 259: Closing scope (end of Block)
[info] src/test/resources/code/test/Santa01.pj: 259: Closing scope (end of Block)
[info] src/test/resources/code/test/Santa01.pj: 258: Closing scope (end of ForStat)
[info] src/test/resources/code/test/Santa01.pj: 246: Closing scope (end of Block)
[info] src/test/resources/code/test/Santa01.pj: 0: Closing scope (end of Block)
[info] src/test/resources/code/test/Santa01.pj: 0: Closing scope (end of Block)
[info] src/test/resources/code/test/Santa01.pj: 266: Visiting ProcTypeDecl (main).
[info] src/test/resources/code/test/Santa01.pj: 266: Visiting ParamDecl (args).
[info] src/test/resources/code/test/Santa01.pj: 0: Visting Block (Opening new scope)
[info] src/test/resources/code/test/Santa01.pj: 267: Visting LocalDecl (timer tim)
[info] src/test/resources/code/test/Santa01.pj: 268: Visting LocalDecl (long seed)
[info] src/test/resources/code/test/Santa01.pj: 269: Visiting NameExpr (seed)
[info] src/test/resources/code/test/Santa01.pj: resolveName: resolving name: seed
[info] src/test/resources/code/test/Santa01.pj: Found : LocalDecl (Type:long Name:seed)
[info] src/test/resources/code/test/Santa01.pj: 269: Visiting NameExpr (tim)
[info] src/test/resources/code/test/Santa01.pj: resolveName: resolving name: tim
[info] src/test/resources/code/test/Santa01.pj: Found : LocalDecl (Type:timer Name:tim)
[info] src/test/resources/code/test/Santa01.pj: 270: Visiting NameExpr (seed)
[info] src/test/resources/code/test/Santa01.pj: resolveName: resolving name: seed
[info] src/test/resources/code/test/Santa01.pj: Found : LocalDecl (Type:long Name:seed)
[info] src/test/resources/code/test/Santa01.pj: 270: Visiting NameExpr (seed)
[info] src/test/resources/code/test/Santa01.pj: resolveName: resolving name: seed
[info] src/test/resources/code/test/Santa01.pj: Found : LocalDecl (Type:long Name:seed)
[info] src/test/resources/code/test/Santa01.pj: 272: Visting LocalDecl (barrier just_reindeer)
[info] src/test/resources/code/test/Santa01.pj: 272: Visting LocalDecl (barrier santa_reindeer)
[info] src/test/resources/code/test/Santa01.pj: 274: Visting LocalDecl (chan<boolean> elves_a)
[info] src/test/resources/code/test/Santa01.pj: 274: Visting LocalDecl (chan<boolean> elves_b)
[info] src/test/resources/code/test/Santa01.pj: 275: Visting LocalDecl (chan<boolean> knock)
[info] src/test/resources/code/test/Santa01.pj: 276: Visting LocalDecl (chan<boolean> santa_elves_a)
[info] src/test/resources/code/test/Santa01.pj: 276: Visting LocalDecl (chan<boolean> santa_elves_b)
[info] src/test/resources/code/test/Santa01.pj: 277: Visting LocalDecl (chan<int> reindeer_santa)
[info] src/test/resources/code/test/Santa01.pj: 277: Visting LocalDecl (chan<int> elf_santa)
[info] src/test/resources/code/test/Santa01.pj: 278: Visting LocalDecl (chan<Message> report)
[info] src/test/resources/code/test/Santa01.pj: 278: Visiting NamedType Message
[info] src/test/resources/code/test/Santa01.pj: resolveName: resolving name: Message
[info] src/test/resources/code/test/Santa01.pj: Found : Message
[info] src/test/resources/code/test/Santa01.pj: NamedType: o = Message
[info] src/test/resources/code/test/Santa01.pj: 280: Visiting Invocation (println)
[info] src/test/resources/code/test/Santa01.pj: resolveName: resolving name: println
[info] src/test/resources/code/test/Santa01.pj: Found : SymbolTable:<anonymous>
 -> {()V=println, (I)V=println, (T)V=println, (F)V=println, (S)V=println, (B)V=println, (J)V=println, (D)V=println}
[info] src/test/resources/code/test/Santa01.pj: 281: Visiting Invocation (println)
[info] src/test/resources/code/test/Santa01.pj: resolveName: resolving name: println
[info] src/test/resources/code/test/Santa01.pj: Found : SymbolTable:<anonymous>
 -> {()V=println, (I)V=println, (T)V=println, (F)V=println, (S)V=println, (B)V=println, (J)V=println, (D)V=println}
[info] src/test/resources/code/test/Santa01.pj: 285: Visting ParBlock (Opening new scope)
[info] src/test/resources/code/test/Santa01.pj: 285: Visting ParBlock (Opening new scope)
[info] src/test/resources/code/test/Santa01.pj: 285: Visiting Invocation (santa)
[info] src/test/resources/code/test/Santa01.pj: resolveName: resolving name: santa
[info] src/test/resources/code/test/Santa01.pj: Found : SymbolTable:<anonymous>
 -> {(J{Z;?{I;?{I;?R{Z;!{Z;!{LSanta_msg;;!)V=santa}
[info] src/test/resources/code/test/Santa01.pj: 285: Visiting NameExpr (seed)
[info] src/test/resources/code/test/Santa01.pj: resolveName: resolving name: seed
[info] src/test/resources/code/test/Santa01.pj: Found : LocalDecl (Type:long Name:seed)
[info] src/test/resources/code/test/Santa01.pj: 285: Visiting NameExpr (N_REINDEER)
[info] src/test/resources/code/test/Santa01.pj: resolveName: resolving name: N_REINDEER
[info] src/test/resources/code/test/Santa01.pj: Found : N_REINDEER
[info] src/test/resources/code/test/Santa01.pj: 285: Visiting NameExpr (N_ELVES)
[info] src/test/resources/code/test/Santa01.pj: resolveName: resolving name: N_ELVES
[info] src/test/resources/code/test/Santa01.pj: Found : N_ELVES
[info] src/test/resources/code/test/Santa01.pj: 286: Visiting NameExpr (knock)
[info] src/test/resources/code/test/Santa01.pj: resolveName: resolving name: knock
[info] src/test/resources/code/test/Santa01.pj: Found : LocalDecl (Type:chan<boolean> Name:knock)
[info] src/test/resources/code/test/Santa01.pj: 286: Visiting NameExpr (reindeer_santa)
[info] src/test/resources/code/test/Santa01.pj: resolveName: resolving name: reindeer_santa
[info] src/test/resources/code/test/Santa01.pj: Found : LocalDecl (Type:chan<int> Name:reindeer_santa)
[info] src/test/resources/code/test/Santa01.pj: 287: Visiting NameExpr (elf_santa)
[info] src/test/resources/code/test/Santa01.pj: resolveName: resolving name: elf_santa
[info] src/test/resources/code/test/Santa01.pj: Found : LocalDecl (Type:chan<int> Name:elf_santa)
[info] src/test/resources/code/test/Santa01.pj: 287: Visiting NameExpr (santa_reindeer)
[info] src/test/resources/code/test/Santa01.pj: resolveName: resolving name: santa_reindeer
[info] src/test/resources/code/test/Santa01.pj: Found : LocalDecl (Type:barrier Name:santa_reindeer)
[info] src/test/resources/code/test/Santa01.pj: 288: Visiting NameExpr (santa_elves_a)
[info] src/test/resources/code/test/Santa01.pj: resolveName: resolving name: santa_elves_a
[info] src/test/resources/code/test/Santa01.pj: Found : LocalDecl (Type:chan<boolean> Name:santa_elves_a)
[info] src/test/resources/code/test/Santa01.pj: 288: Visiting NameExpr (santa_elves_b)
[info] src/test/resources/code/test/Santa01.pj: resolveName: resolving name: santa_elves_b
[info] src/test/resources/code/test/Santa01.pj: Found : LocalDecl (Type:chan<boolean> Name:santa_elves_b)
[info] src/test/resources/code/test/Santa01.pj: 289: Visiting NameExpr (report)
[info] src/test/resources/code/test/Santa01.pj: resolveName: resolving name: report
[info] src/test/resources/code/test/Santa01.pj: Found : LocalDecl (Type:chan<Message> Name:report)
[info] src/test/resources/code/test/Santa01.pj: 291: Visting ParBlock (Opening new scope)
[info] src/test/resources/code/test/Santa01.pj: 291: Visiting Invocation (reindeer)
[info] src/test/resources/code/test/Santa01.pj: resolveName: resolving name: reindeer
[info] src/test/resources/code/test/Santa01.pj: Found : SymbolTable:<anonymous>
 -> {(IJRR{I;!{LReindeer_msg;;!)V=reindeer}
[info] src/test/resources/code/test/Santa01.pj: 291: Visiting NameExpr (seed)
[info] src/test/resources/code/test/Santa01.pj: resolveName: resolving name: seed
[info] src/test/resources/code/test/Santa01.pj: Found : LocalDecl (Type:long Name:seed)
[info] src/test/resources/code/test/Santa01.pj: 291: Visiting NameExpr (just_reindeer)
[info] src/test/resources/code/test/Santa01.pj: resolveName: resolving name: just_reindeer
[info] src/test/resources/code/test/Santa01.pj: Found : LocalDecl (Type:barrier Name:just_reindeer)
[info] src/test/resources/code/test/Santa01.pj: 291: Visiting NameExpr (santa_reindeer)
[info] src/test/resources/code/test/Santa01.pj: resolveName: resolving name: santa_reindeer
[info] src/test/resources/code/test/Santa01.pj: Found : LocalDecl (Type:barrier Name:santa_reindeer)
[info] src/test/resources/code/test/Santa01.pj: 292: Visiting NameExpr (reindeer_santa)
[info] src/test/resources/code/test/Santa01.pj: resolveName: resolving name: reindeer_santa
[info] src/test/resources/code/test/Santa01.pj: Found : LocalDecl (Type:chan<int> Name:reindeer_santa)
[info] src/test/resources/code/test/Santa01.pj: 292: Visiting NameExpr (report)
[info] src/test/resources/code/test/Santa01.pj: resolveName: resolving name: report
[info] src/test/resources/code/test/Santa01.pj: Found : LocalDecl (Type:chan<Message> Name:report)
[info] src/test/resources/code/test/Santa01.pj: 293: Visiting Invocation (reindeer)
[info] src/test/resources/code/test/Santa01.pj: resolveName: resolving name: reindeer
[info] src/test/resources/code/test/Santa01.pj: Found : SymbolTable:<anonymous>
 -> {(IJRR{I;!{LReindeer_msg;;!)V=reindeer}
[info] src/test/resources/code/test/Santa01.pj: 293: Visiting NameExpr (seed)
[info] src/test/resources/code/test/Santa01.pj: resolveName: resolving name: seed
[info] src/test/resources/code/test/Santa01.pj: Found : LocalDecl (Type:long Name:seed)
[info] src/test/resources/code/test/Santa01.pj: 293: Visiting NameExpr (just_reindeer)
[info] src/test/resources/code/test/Santa01.pj: resolveName: resolving name: just_reindeer
[info] src/test/resources/code/test/Santa01.pj: Found : LocalDecl (Type:barrier Name:just_reindeer)
[info] src/test/resources/code/test/Santa01.pj: 293: Visiting NameExpr (santa_reindeer)
[info] src/test/resources/code/test/Santa01.pj: resolveName: resolving name: santa_reindeer
[info] src/test/resources/code/test/Santa01.pj: Found : LocalDecl (Type:barrier Name:santa_reindeer)
[info] src/test/resources/code/test/Santa01.pj: 294: Visiting NameExpr (reindeer_santa)
[info] src/test/resources/code/test/Santa01.pj: resolveName: resolving name: reindeer_santa
[info] src/test/resources/code/test/Santa01.pj: Found : LocalDecl (Type:chan<int> Name:reindeer_santa)
[info] src/test/resources/code/test/Santa01.pj: 294: Visiting NameExpr (report)
[info] src/test/resources/code/test/Santa01.pj: resolveName: resolving name: report
[info] src/test/resources/code/test/Santa01.pj: Found : LocalDecl (Type:chan<Message> Name:report)
[info] src/test/resources/code/test/Santa01.pj: 295: Visiting Invocation (reindeer)
[info] src/test/resources/code/test/Santa01.pj: resolveName: resolving name: reindeer
[info] src/test/resources/code/test/Santa01.pj: Found : SymbolTable:<anonymous>
 -> {(IJRR{I;!{LReindeer_msg;;!)V=reindeer}
[info] src/test/resources/code/test/Santa01.pj: 295: Visiting NameExpr (seed)
[info] src/test/resources/code/test/Santa01.pj: resolveName: resolving name: seed
[info] src/test/resources/code/test/Santa01.pj: Found : LocalDecl (Type:long Name:seed)
[info] src/test/resources/code/test/Santa01.pj: 295: Visiting NameExpr (just_reindeer)
[info] src/test/resources/code/test/Santa01.pj: resolveName: resolving name: just_reindeer
[info] src/test/resources/code/test/Santa01.pj: Found : LocalDecl (Type:barrier Name:just_reindeer)
[info] src/test/resources/code/test/Santa01.pj: 295: Visiting NameExpr (santa_reindeer)
[info] src/test/resources/code/test/Santa01.pj: resolveName: resolving name: santa_reindeer
[info] src/test/resources/code/test/Santa01.pj: Found : LocalDecl (Type:barrier Name:santa_reindeer)
[info] src/test/resources/code/test/Santa01.pj: 296: Visiting NameExpr (reindeer_santa)
[info] src/test/resources/code/test/Santa01.pj: resolveName: resolving name: reindeer_santa
[info] src/test/resources/code/test/Santa01.pj: Found : LocalDecl (Type:chan<int> Name:reindeer_santa)
[info] src/test/resources/code/test/Santa01.pj: 296: Visiting NameExpr (report)
[info] src/test/resources/code/test/Santa01.pj: resolveName: resolving name: report
[info] src/test/resources/code/test/Santa01.pj: Found : LocalDecl (Type:chan<Message> Name:report)
[info] src/test/resources/code/test/Santa01.pj: 290: Visiting NameExpr (just_reindeer)
[info] src/test/resources/code/test/Santa01.pj: resolveName: resolving name: just_reindeer
[info] src/test/resources/code/test/Santa01.pj: Found : LocalDecl (Type:barrier Name:just_reindeer)
[info] src/test/resources/code/test/Santa01.pj: 290: Visiting NameExpr (santa_reindeer)
[info] src/test/resources/code/test/Santa01.pj: resolveName: resolving name: santa_reindeer
[info] src/test/resources/code/test/Santa01.pj: Found : LocalDecl (Type:barrier Name:santa_reindeer)
[info] src/test/resources/code/test/Santa01.pj: 291: Closing scope (end of ParBlock)
[info] src/test/resources/code/test/Santa01.pj: 284: Visiting NameExpr (santa_reindeer)
[info] src/test/resources/code/test/Santa01.pj: resolveName: resolving name: santa_reindeer
[info] src/test/resources/code/test/Santa01.pj: Found : LocalDecl (Type:barrier Name:santa_reindeer)
[info] src/test/resources/code/test/Santa01.pj: 285: Closing scope (end of ParBlock)
[info] src/test/resources/code/test/Santa01.pj: 313: Visting ParBlock (Opening new scope)
[info] src/test/resources/code/test/Santa01.pj: 313: Visiting Invocation (elf)
[info] src/test/resources/code/test/Santa01.pj: resolveName: resolving name: elf
[info] src/test/resources/code/test/Santa01.pj: Found : SymbolTable:<anonymous>
 -> {(IJ{Z;!{Z;!{Z;!{Z;!{I;!{LElf_msg;;!)V=elf}
[info] src/test/resources/code/test/Santa01.pj: 313: Visiting NameExpr (N_REINDEER)
[info] src/test/resources/code/test/Santa01.pj: resolveName: resolving name: N_REINDEER
[info] src/test/resources/code/test/Santa01.pj: Found : N_REINDEER
[info] src/test/resources/code/test/Santa01.pj: 313: Visiting NameExpr (seed)
[info] src/test/resources/code/test/Santa01.pj: resolveName: resolving name: seed
[info] src/test/resources/code/test/Santa01.pj: Found : LocalDecl (Type:long Name:seed)
[info] src/test/resources/code/test/Santa01.pj: 313: Visiting NameExpr (elves_a)
[info] src/test/resources/code/test/Santa01.pj: resolveName: resolving name: elves_a
[info] src/test/resources/code/test/Santa01.pj: Found : LocalDecl (Type:chan<boolean> Name:elves_a)
[info] src/test/resources/code/test/Santa01.pj: 313: Visiting NameExpr (elves_b)
[info] src/test/resources/code/test/Santa01.pj: resolveName: resolving name: elves_b
[info] src/test/resources/code/test/Santa01.pj: Found : LocalDecl (Type:chan<boolean> Name:elves_b)
[info] src/test/resources/code/test/Santa01.pj: 313: Visiting NameExpr (santa_elves_a)
[info] src/test/resources/code/test/Santa01.pj: resolveName: resolving name: santa_elves_a
[info] src/test/resources/code/test/Santa01.pj: Found : LocalDecl (Type:chan<boolean> Name:santa_elves_a)
[info] src/test/resources/code/test/Santa01.pj: 314: Visiting NameExpr (santa_elves_b)
[info] src/test/resources/code/test/Santa01.pj: resolveName: resolving name: santa_elves_b
[info] src/test/resources/code/test/Santa01.pj: Found : LocalDecl (Type:chan<boolean> Name:santa_elves_b)
[info] src/test/resources/code/test/Santa01.pj: 314: Visiting NameExpr (elf_santa)
[info] src/test/resources/code/test/Santa01.pj: resolveName: resolving name: elf_santa
[info] src/test/resources/code/test/Santa01.pj: Found : LocalDecl (Type:chan<int> Name:elf_santa)
[info] src/test/resources/code/test/Santa01.pj: 314: Visiting NameExpr (report)
[info] src/test/resources/code/test/Santa01.pj: resolveName: resolving name: report
[info] src/test/resources/code/test/Santa01.pj: Found : LocalDecl (Type:chan<Message> Name:report)
[info] src/test/resources/code/test/Santa01.pj: 315: Visiting Invocation (elf)
[info] src/test/resources/code/test/Santa01.pj: resolveName: resolving name: elf
[info] src/test/resources/code/test/Santa01.pj: Found : SymbolTable:<anonymous>
 -> {(IJ{Z;!{Z;!{Z;!{Z;!{I;!{LElf_msg;;!)V=elf}
[info] src/test/resources/code/test/Santa01.pj: 315: Visiting NameExpr (N_REINDEER)
[info] src/test/resources/code/test/Santa01.pj: resolveName: resolving name: N_REINDEER
[info] src/test/resources/code/test/Santa01.pj: Found : N_REINDEER
[info] src/test/resources/code/test/Santa01.pj: 315: Visiting NameExpr (seed)
[info] src/test/resources/code/test/Santa01.pj: resolveName: resolving name: seed
[info] src/test/resources/code/test/Santa01.pj: Found : LocalDecl (Type:long Name:seed)
[info] src/test/resources/code/test/Santa01.pj: 315: Visiting NameExpr (elves_a)
[info] src/test/resources/code/test/Santa01.pj: resolveName: resolving name: elves_a
[info] src/test/resources/code/test/Santa01.pj: Found : LocalDecl (Type:chan<boolean> Name:elves_a)
[info] src/test/resources/code/test/Santa01.pj: 315: Visiting NameExpr (elves_b)
[info] src/test/resources/code/test/Santa01.pj: resolveName: resolving name: elves_b
[info] src/test/resources/code/test/Santa01.pj: Found : LocalDecl (Type:chan<boolean> Name:elves_b)
[info] src/test/resources/code/test/Santa01.pj: 315: Visiting NameExpr (santa_elves_a)
[info] src/test/resources/code/test/Santa01.pj: resolveName: resolving name: santa_elves_a
[info] src/test/resources/code/test/Santa01.pj: Found : LocalDecl (Type:chan<boolean> Name:santa_elves_a)
[info] src/test/resources/code/test/Santa01.pj: 316: Visiting NameExpr (santa_elves_b)
[info] src/test/resources/code/test/Santa01.pj: resolveName: resolving name: santa_elves_b
[info] src/test/resources/code/test/Santa01.pj: Found : LocalDecl (Type:chan<boolean> Name:santa_elves_b)
[info] src/test/resources/code/test/Santa01.pj: 316: Visiting NameExpr (elf_santa)
[info] src/test/resources/code/test/Santa01.pj: resolveName: resolving name: elf_santa
[info] src/test/resources/code/test/Santa01.pj: Found : LocalDecl (Type:chan<int> Name:elf_santa)
[info] src/test/resources/code/test/Santa01.pj: 316: Visiting NameExpr (report)
[info] src/test/resources/code/test/Santa01.pj: resolveName: resolving name: report
[info] src/test/resources/code/test/Santa01.pj: Found : LocalDecl (Type:chan<Message> Name:report)
[info] src/test/resources/code/test/Santa01.pj: 317: Visiting Invocation (elf)
[info] src/test/resources/code/test/Santa01.pj: resolveName: resolving name: elf
[info] src/test/resources/code/test/Santa01.pj: Found : SymbolTable:<anonymous>
 -> {(IJ{Z;!{Z;!{Z;!{Z;!{I;!{LElf_msg;;!)V=elf}
[info] src/test/resources/code/test/Santa01.pj: 317: Visiting NameExpr (N_REINDEER)
[info] src/test/resources/code/test/Santa01.pj: resolveName: resolving name: N_REINDEER
[info] src/test/resources/code/test/Santa01.pj: Found : N_REINDEER
[info] src/test/resources/code/test/Santa01.pj: 317: Visiting NameExpr (seed)
[info] src/test/resources/code/test/Santa01.pj: resolveName: resolving name: seed
[info] src/test/resources/code/test/Santa01.pj: Found : LocalDecl (Type:long Name:seed)
[info] src/test/resources/code/test/Santa01.pj: 317: Visiting NameExpr (elves_a)
[info] src/test/resources/code/test/Santa01.pj: resolveName: resolving name: elves_a
[info] src/test/resources/code/test/Santa01.pj: Found : LocalDecl (Type:chan<boolean> Name:elves_a)
[info] src/test/resources/code/test/Santa01.pj: 317: Visiting NameExpr (elves_b)
[info] src/test/resources/code/test/Santa01.pj: resolveName: resolving name: elves_b
[info] src/test/resources/code/test/Santa01.pj: Found : LocalDecl (Type:chan<boolean> Name:elves_b)
[info] src/test/resources/code/test/Santa01.pj: 317: Visiting NameExpr (santa_elves_a)
[info] src/test/resources/code/test/Santa01.pj: resolveName: resolving name: santa_elves_a
[info] src/test/resources/code/test/Santa01.pj: Found : LocalDecl (Type:chan<boolean> Name:santa_elves_a)
[info] src/test/resources/code/test/Santa01.pj: 318: Visiting NameExpr (santa_elves_b)
[info] src/test/resources/code/test/Santa01.pj: resolveName: resolving name: santa_elves_b
[info] src/test/resources/code/test/Santa01.pj: Found : LocalDecl (Type:chan<boolean> Name:santa_elves_b)
[info] src/test/resources/code/test/Santa01.pj: 318: Visiting NameExpr (elf_santa)
[info] src/test/resources/code/test/Santa01.pj: resolveName: resolving name: elf_santa
[info] src/test/resources/code/test/Santa01.pj: Found : LocalDecl (Type:chan<int> Name:elf_santa)
[info] src/test/resources/code/test/Santa01.pj: 318: Visiting NameExpr (report)
[info] src/test/resources/code/test/Santa01.pj: resolveName: resolving name: report
[info] src/test/resources/code/test/Santa01.pj: Found : LocalDecl (Type:chan<Message> Name:report)
[info] src/test/resources/code/test/Santa01.pj: 319: Visiting Invocation (elf)
[info] src/test/resources/code/test/Santa01.pj: resolveName: resolving name: elf
[info] src/test/resources/code/test/Santa01.pj: Found : SymbolTable:<anonymous>
 -> {(IJ{Z;!{Z;!{Z;!{Z;!{I;!{LElf_msg;;!)V=elf}
[info] src/test/resources/code/test/Santa01.pj: 319: Visiting NameExpr (N_REINDEER)
[info] src/test/resources/code/test/Santa01.pj: resolveName: resolving name: N_REINDEER
[info] src/test/resources/code/test/Santa01.pj: Found : N_REINDEER
[info] src/test/resources/code/test/Santa01.pj: 319: Visiting NameExpr (seed)
[info] src/test/resources/code/test/Santa01.pj: resolveName: resolving name: seed
[info] src/test/resources/code/test/Santa01.pj: Found : LocalDecl (Type:long Name:seed)
[info] src/test/resources/code/test/Santa01.pj: 319: Visiting NameExpr (elves_a)
[info] src/test/resources/code/test/Santa01.pj: resolveName: resolving name: elves_a
[info] src/test/resources/code/test/Santa01.pj: Found : LocalDecl (Type:chan<boolean> Name:elves_a)
[info] src/test/resources/code/test/Santa01.pj: 319: Visiting NameExpr (elves_b)
[info] src/test/resources/code/test/Santa01.pj: resolveName: resolving name: elves_b
[info] src/test/resources/code/test/Santa01.pj: Found : LocalDecl (Type:chan<boolean> Name:elves_b)
[info] src/test/resources/code/test/Santa01.pj: 319: Visiting NameExpr (santa_elves_a)
[info] src/test/resources/code/test/Santa01.pj: resolveName: resolving name: santa_elves_a
[info] src/test/resources/code/test/Santa01.pj: Found : LocalDecl (Type:chan<boolean> Name:santa_elves_a)
[info] src/test/resources/code/test/Santa01.pj: 320: Visiting NameExpr (santa_elves_b)
[info] src/test/resources/code/test/Santa01.pj: resolveName: resolving name: santa_elves_b
[info] src/test/resources/code/test/Santa01.pj: Found : LocalDecl (Type:chan<boolean> Name:santa_elves_b)
[info] src/test/resources/code/test/Santa01.pj: 320: Visiting NameExpr (elf_santa)
[info] src/test/resources/code/test/Santa01.pj: resolveName: resolving name: elf_santa
[info] src/test/resources/code/test/Santa01.pj: Found : LocalDecl (Type:chan<int> Name:elf_santa)
[info] src/test/resources/code/test/Santa01.pj: 320: Visiting NameExpr (report)
[info] src/test/resources/code/test/Santa01.pj: resolveName: resolving name: report
[info] src/test/resources/code/test/Santa01.pj: Found : LocalDecl (Type:chan<Message> Name:report)
[info] src/test/resources/code/test/Santa01.pj: 313: Closing scope (end of ParBlock)
[info] src/test/resources/code/test/Santa01.pj: 335: Visiting Invocation (display)
[info] src/test/resources/code/test/Santa01.pj: resolveName: resolving name: display
[info] src/test/resources/code/test/Santa01.pj: Found : SymbolTable:<anonymous>
 -> {({LMessage;;?)V=display}
[info] src/test/resources/code/test/Santa01.pj: 335: Visiting NameExpr (report)
[info] src/test/resources/code/test/Santa01.pj: resolveName: resolving name: report
[info] src/test/resources/code/test/Santa01.pj: Found : LocalDecl (Type:chan<Message> Name:report)
[info] src/test/resources/code/test/Santa01.pj: 336: Visiting Invocation (p_barrier_knock)
[info] src/test/resources/code/test/Santa01.pj: resolveName: resolving name: p_barrier_knock
[info] src/test/resources/code/test/Santa01.pj: Found : SymbolTable:<anonymous>
 -> {(I{Z;?{Z;?{Z;!)V=p_barrier_knock}
[info] src/test/resources/code/test/Santa01.pj: 336: Visiting NameExpr (G_ELVES)
[info] src/test/resources/code/test/Santa01.pj: resolveName: resolving name: G_ELVES
[info] src/test/resources/code/test/Santa01.pj: Found : G_ELVES
[info] src/test/resources/code/test/Santa01.pj: 336: Visiting NameExpr (elves_a)
[info] src/test/resources/code/test/Santa01.pj: resolveName: resolving name: elves_a
[info] src/test/resources/code/test/Santa01.pj: Found : LocalDecl (Type:chan<boolean> Name:elves_a)
[info] src/test/resources/code/test/Santa01.pj: 336: Visiting NameExpr (elves_b)
[info] src/test/resources/code/test/Santa01.pj: resolveName: resolving name: elves_b
[info] src/test/resources/code/test/Santa01.pj: Found : LocalDecl (Type:chan<boolean> Name:elves_b)
[info] src/test/resources/code/test/Santa01.pj: 336: Visiting NameExpr (knock)
[info] src/test/resources/code/test/Santa01.pj: resolveName: resolving name: knock
[info] src/test/resources/code/test/Santa01.pj: Found : LocalDecl (Type:chan<boolean> Name:knock)
[info] src/test/resources/code/test/Santa01.pj: 337: Visiting Invocation (p_barrier)
[info] src/test/resources/code/test/Santa01.pj: resolveName: resolving name: p_barrier
[info] src/test/resources/code/test/Santa01.pj: Found : SymbolTable:<anonymous>
 -> {(I{Z;?{Z;?)V=p_barrier}
[info] src/test/resources/code/test/Santa01.pj: 337: Visiting NameExpr (G_ELVES)
[info] src/test/resources/code/test/Santa01.pj: resolveName: resolving name: G_ELVES
[info] src/test/resources/code/test/Santa01.pj: Found : G_ELVES
[info] src/test/resources/code/test/Santa01.pj: 337: Visiting NameExpr (santa_elves_a)
[info] src/test/resources/code/test/Santa01.pj: resolveName: resolving name: santa_elves_a
[info] src/test/resources/code/test/Santa01.pj: Found : LocalDecl (Type:chan<boolean> Name:santa_elves_a)
[info] src/test/resources/code/test/Santa01.pj: 337: Visiting NameExpr (santa_elves_b)
[info] src/test/resources/code/test/Santa01.pj: resolveName: resolving name: santa_elves_b
[info] src/test/resources/code/test/Santa01.pj: Found : LocalDecl (Type:chan<boolean> Name:santa_elves_b)
[info] src/test/resources/code/test/Santa01.pj: 285: Closing scope (end of ParBlock)
[info] src/test/resources/code/test/Santa01.pj: 0: Closing scope (end of Block)
[info] src/test/resources/code/test/Santa01.pj: ---=== Name Checker done ===---
-- Reconstructing array types.
-- Reconstructing array literals.
[info] ****************************************
[info]        A R R A Y S   R E W R I T E      
[info] ****************************************
[info] src/test/resources/code/test/Santa01.pj:43: Attempting to rewrite array
[info] src/test/resources/code/test/Santa01.pj:44: Attempting to rewrite array
[info] src/test/resources/code/test/Santa01.pj:52: Attempting to rewrite array
[info] src/test/resources/code/test/Santa01.pj:121: Attempting to rewrite array
[info] src/test/resources/code/test/Santa01.pj:122: Attempting to rewrite array
[info] src/test/resources/code/test/Santa01.pj:127: Attempting to rewrite array
[info] src/test/resources/code/test/Santa01.pj:128: Attempting to rewrite array
[info] src/test/resources/code/test/Santa01.pj:138: Attempting to rewrite array
[info] src/test/resources/code/test/Santa01.pj:139: Attempting to rewrite array
[info] src/test/resources/code/test/Santa01.pj:142: Attempting to rewrite array
[info] src/test/resources/code/test/Santa01.pj:143: Attempting to rewrite array
[info] src/test/resources/code/test/Santa01.pj:161: Attempting to rewrite array
[info] src/test/resources/code/test/Santa01.pj:162: Attempting to rewrite array
[info] src/test/resources/code/test/Santa01.pj:163: Attempting to rewrite array
[info] src/test/resources/code/test/Santa01.pj:164: Attempting to rewrite array
[info] src/test/resources/code/test/Santa01.pj:189: Attempting to rewrite array
[info] src/test/resources/code/test/Santa01.pj:190: Attempting to rewrite array
[info] src/test/resources/code/test/Santa01.pj:215: Attempting to rewrite array
[info] src/test/resources/code/test/Santa01.pj:216: Attempting to rewrite array
[info] src/test/resources/code/test/Santa01.pj:217: Attempting to rewrite array
[info] src/test/resources/code/test/Santa01.pj:217: Attempting to rewrite array
[info] src/test/resources/code/test/Santa01.pj:220: Attempting to rewrite array
[info] src/test/resources/code/test/Santa01.pj:221: Attempting to rewrite array
[info] src/test/resources/code/test/Santa01.pj:227: Attempting to rewrite array
[info] src/test/resources/code/test/Santa01.pj:241: Attempting to rewrite array
[info] src/test/resources/code/test/Santa01.pj:247: Attempting to rewrite array
[info] src/test/resources/code/test/Santa01.pj:258: Attempting to rewrite array
[info] src/test/resources/code/test/Santa01.pj:267: Attempting to rewrite array
[info] src/test/resources/code/test/Santa01.pj:268: Attempting to rewrite array
[info] src/test/resources/code/test/Santa01.pj:272: Attempting to rewrite array
[info] src/test/resources/code/test/Santa01.pj:272: Attempting to rewrite array
[info] src/test/resources/code/test/Santa01.pj:274: Attempting to rewrite array
[info] src/test/resources/code/test/Santa01.pj:274: Attempting to rewrite array
[info] src/test/resources/code/test/Santa01.pj:275: Attempting to rewrite array
[info] src/test/resources/code/test/Santa01.pj:276: Attempting to rewrite array
[info] src/test/resources/code/test/Santa01.pj:276: Attempting to rewrite array
[info] src/test/resources/code/test/Santa01.pj:277: Attempting to rewrite array
[info] src/test/resources/code/test/Santa01.pj:277: Attempting to rewrite array
[info] src/test/resources/code/test/Santa01.pj:278: Attempting to rewrite array
-- Resolving named type.
[info] src/test/resources/code/test/Santa01.pj: *******************************************
[info] src/test/resources/code/test/Santa01.pj: *    R E S O L V E   N A M E D T Y P E    *
[info] src/test/resources/code/test/Santa01.pj: *******************************************
[info] src/test/resources/code/test/Santa01.pj:12: Visiting a protocol type decl.
[info] src/test/resources/code/test/Santa01.pj:19: Visiting a protocol type decl.
[info] src/test/resources/code/test/Santa01.pj:27: Visiting a protocol type decl.
[info] src/test/resources/code/test/Santa01.pj:40: Visiting a protocol type decl.
[info] src/test/resources/code/test/Santa01.pj:42: Visiting a procedure type decl.
[info] src/test/resources/code/test/Santa01.pj:42: Visiting a paramdecl.
[info] src/test/resources/code/test/Santa01.pj:42: Visiting a paramdecl.
[info] src/test/resources/code/test/Santa01.pj:43: Visiting a local decl
[info] src/test/resources/code/test/Santa01.pj:44: Visiting a local decl
[info] src/test/resources/code/test/Santa01.pj:51: Visiting a procedure type decl.
[info] src/test/resources/code/test/Santa01.pj:51: Visiting a paramdecl.
[info] src/test/resources/code/test/Santa01.pj:51: Visiting a channel end type.
[info] src/test/resources/code/test/Santa01.pj:51: Visiting a named type.
[info] src/test/resources/code/test/Santa01.pj:52: Visiting a local decl
[info] src/test/resources/code/test/Santa01.pj:52: Visiting a named type.
[info] src/test/resources/code/test/Santa01.pj:117: Visiting a procedure type decl.
[info] src/test/resources/code/test/Santa01.pj:117: Visiting a paramdecl.
[info] src/test/resources/code/test/Santa01.pj:117: Visiting a paramdecl.
[info] src/test/resources/code/test/Santa01.pj:117: Visiting a channel end type.
[info] src/test/resources/code/test/Santa01.pj:118: Visiting a paramdecl.
[info] src/test/resources/code/test/Santa01.pj:118: Visiting a channel end type.
[info] src/test/resources/code/test/Santa01.pj:119: Visiting a paramdecl.
[info] src/test/resources/code/test/Santa01.pj:119: Visiting a channel end type.
[info] src/test/resources/code/test/Santa01.pj:121: Visiting a local decl
[info] src/test/resources/code/test/Santa01.pj:122: Visiting a local decl
[info] src/test/resources/code/test/Santa01.pj:127: Visiting a local decl
[info] src/test/resources/code/test/Santa01.pj:128: Visiting a local decl
[info] src/test/resources/code/test/Santa01.pj:134: Visiting a procedure type decl.
[info] src/test/resources/code/test/Santa01.pj:134: Visiting a paramdecl.
[info] src/test/resources/code/test/Santa01.pj:135: Visiting a paramdecl.
[info] src/test/resources/code/test/Santa01.pj:135: Visiting a channel end type.
[info] src/test/resources/code/test/Santa01.pj:136: Visiting a paramdecl.
[info] src/test/resources/code/test/Santa01.pj:136: Visiting a channel end type.
[info] src/test/resources/code/test/Santa01.pj:138: Visiting a local decl
[info] src/test/resources/code/test/Santa01.pj:139: Visiting a local decl
[info] src/test/resources/code/test/Santa01.pj:142: Visiting a local decl
[info] src/test/resources/code/test/Santa01.pj:143: Visiting a local decl
[info] src/test/resources/code/test/Santa01.pj:149: Visiting a procedure type decl.
[info] src/test/resources/code/test/Santa01.pj:149: Visiting a paramdecl.
[info] src/test/resources/code/test/Santa01.pj:149: Visiting a channel end type.
[info] src/test/resources/code/test/Santa01.pj:150: Visiting a paramdecl.
[info] src/test/resources/code/test/Santa01.pj:150: Visiting a channel end type.
[info] src/test/resources/code/test/Santa01.pj:155: Visiting a procedure type decl.
[info] src/test/resources/code/test/Santa01.pj:155: Visiting a paramdecl.
[info] src/test/resources/code/test/Santa01.pj:156: Visiting a paramdecl.
[info] src/test/resources/code/test/Santa01.pj:157: Visiting a paramdecl.
[info] src/test/resources/code/test/Santa01.pj:158: Visiting a paramdecl.
[info] src/test/resources/code/test/Santa01.pj:159: Visiting a paramdecl.
[info] src/test/resources/code/test/Santa01.pj:159: Visiting a channel end type.
[info] src/test/resources/code/test/Santa01.pj:160: Visiting a paramdecl.
[info] src/test/resources/code/test/Santa01.pj:160: Visiting a channel end type.
[info] src/test/resources/code/test/Santa01.pj:160: Visiting a named type.
[info] src/test/resources/code/test/Santa01.pj:161: Visiting a local decl
[info] src/test/resources/code/test/Santa01.pj:162: Visiting a local decl
[info] src/test/resources/code/test/Santa01.pj:163: Visiting a local decl
[info] src/test/resources/code/test/Santa01.pj:164: Visiting a local decl
[info] src/test/resources/code/test/Santa01.pj:180: Visiting a procedure type decl.
[info] src/test/resources/code/test/Santa01.pj:180: Visiting a paramdecl.
[info] src/test/resources/code/test/Santa01.pj:181: Visiting a paramdecl.
[info] src/test/resources/code/test/Santa01.pj:182: Visiting a paramdecl.
[info] src/test/resources/code/test/Santa01.pj:182: Visiting a channel end type.
[info] src/test/resources/code/test/Santa01.pj:183: Visiting a paramdecl.
[info] src/test/resources/code/test/Santa01.pj:183: Visiting a channel end type.
[info] src/test/resources/code/test/Santa01.pj:184: Visiting a paramdecl.
[info] src/test/resources/code/test/Santa01.pj:184: Visiting a channel end type.
[info] src/test/resources/code/test/Santa01.pj:185: Visiting a paramdecl.
[info] src/test/resources/code/test/Santa01.pj:185: Visiting a channel end type.
[info] src/test/resources/code/test/Santa01.pj:186: Visiting a paramdecl.
[info] src/test/resources/code/test/Santa01.pj:186: Visiting a channel end type.
[info] src/test/resources/code/test/Santa01.pj:187: Visiting a paramdecl.
[info] src/test/resources/code/test/Santa01.pj:187: Visiting a channel end type.
[info] src/test/resources/code/test/Santa01.pj:187: Visiting a named type.
[info] src/test/resources/code/test/Santa01.pj:189: Visiting a local decl
[info] src/test/resources/code/test/Santa01.pj:190: Visiting a local decl
[info] src/test/resources/code/test/Santa01.pj:206: Visiting a procedure type decl.
[info] src/test/resources/code/test/Santa01.pj:206: Visiting a paramdecl.
[info] src/test/resources/code/test/Santa01.pj:207: Visiting a paramdecl.
[info] src/test/resources/code/test/Santa01.pj:207: Visiting a channel end type.
[info] src/test/resources/code/test/Santa01.pj:208: Visiting a paramdecl.
[info] src/test/resources/code/test/Santa01.pj:208: Visiting a channel end type.
[info] src/test/resources/code/test/Santa01.pj:209: Visiting a paramdecl.
[info] src/test/resources/code/test/Santa01.pj:209: Visiting a channel end type.
[info] src/test/resources/code/test/Santa01.pj:210: Visiting a paramdecl.
[info] src/test/resources/code/test/Santa01.pj:211: Visiting a paramdecl.
[info] src/test/resources/code/test/Santa01.pj:211: Visiting a channel end type.
[info] src/test/resources/code/test/Santa01.pj:212: Visiting a paramdecl.
[info] src/test/resources/code/test/Santa01.pj:212: Visiting a channel end type.
[info] src/test/resources/code/test/Santa01.pj:213: Visiting a paramdecl.
[info] src/test/resources/code/test/Santa01.pj:213: Visiting a channel end type.
[info] src/test/resources/code/test/Santa01.pj:213: Visiting a named type.
[info] src/test/resources/code/test/Santa01.pj:215: Visiting a local decl
[info] src/test/resources/code/test/Santa01.pj:216: Visiting a local decl
[info] src/test/resources/code/test/Santa01.pj:217: Visiting a local decl
[info] src/test/resources/code/test/Santa01.pj:217: Visiting a local decl
[info] src/test/resources/code/test/Santa01.pj:220: Visiting a local decl
[info] src/test/resources/code/test/Santa01.pj:221: Visiting a local decl
[info] src/test/resources/code/test/Santa01.pj:227: Visiting a local decl
[info] src/test/resources/code/test/Santa01.pj:241: Visiting a local decl
[info] src/test/resources/code/test/Santa01.pj:247: Visiting a local decl
[info] src/test/resources/code/test/Santa01.pj:258: Visiting a local decl
[info] src/test/resources/code/test/Santa01.pj:266: Visiting a procedure type decl.
[info] src/test/resources/code/test/Santa01.pj:266: Visiting a paramdecl.
[info] src/test/resources/code/test/Santa01.pj:266: Visiting an array type.
[info] src/test/resources/code/test/Santa01.pj:267: Visiting a local decl
[info] src/test/resources/code/test/Santa01.pj:268: Visiting a local decl
[info] src/test/resources/code/test/Santa01.pj:272: Visiting a local decl
[info] src/test/resources/code/test/Santa01.pj:272: Visiting a local decl
[info] src/test/resources/code/test/Santa01.pj:274: Visiting a local decl
[info] src/test/resources/code/test/Santa01.pj:274: Visiting a channel type.
[info] src/test/resources/code/test/Santa01.pj:274: Visiting a local decl
[info] src/test/resources/code/test/Santa01.pj:274: Visiting a channel type.
[info] src/test/resources/code/test/Santa01.pj:275: Visiting a local decl
[info] src/test/resources/code/test/Santa01.pj:275: Visiting a channel type.
[info] src/test/resources/code/test/Santa01.pj:276: Visiting a local decl
[info] src/test/resources/code/test/Santa01.pj:276: Visiting a channel type.
[info] src/test/resources/code/test/Santa01.pj:276: Visiting a local decl
[info] src/test/resources/code/test/Santa01.pj:276: Visiting a channel type.
[info] src/test/resources/code/test/Santa01.pj:277: Visiting a local decl
[info] src/test/resources/code/test/Santa01.pj:277: Visiting a channel type.
[info] src/test/resources/code/test/Santa01.pj:277: Visiting a local decl
[info] src/test/resources/code/test/Santa01.pj:277: Visiting a channel type.
[info] src/test/resources/code/test/Santa01.pj:278: Visiting a local decl
[info] src/test/resources/code/test/Santa01.pj:278: Visiting a channel type.
[info] src/test/resources/code/test/Santa01.pj:278: Visiting a named type.
-- Checking types.
[info] src/test/resources/code/test/Santa01.pj: ======================================
[info] src/test/resources/code/test/Santa01.pj: *       T Y P E   C H E C K E R      *
[info] src/test/resources/code/test/Santa01.pj: ======================================
[info] src/test/resources/code/test/Santa01.pj: 3: Visiting a Primitive type.
[info] src/test/resources/code/test/Santa01.pj: 3: Primitive type has type: int
[info] src/test/resources/code/test/Santa01.pj: 3: Visiting a var (N_REINDEER).
[info] src/test/resources/code/test/Santa01.pj:   > Resolve: int
[info] src/test/resources/code/test/Santa01.pj:   > Nothing to resolve - type remains: int
[info] src/test/resources/code/test/Santa01.pj: 3: Visiting a Primitive Literal (3)
[info] src/test/resources/code/test/Santa01.pj: 3: Primitive Literal has type: int
[info] src/test/resources/code/test/Santa01.pj:   > Resolve: int
[info] src/test/resources/code/test/Santa01.pj:   > Nothing to resolve - type remains: int
[info] src/test/resources/code/test/Santa01.pj: 4: Visiting a Primitive type.
[info] src/test/resources/code/test/Santa01.pj: 4: Primitive type has type: int
[info] src/test/resources/code/test/Santa01.pj: 4: Visiting a var (G_REINDEER).
[info] src/test/resources/code/test/Santa01.pj:   > Resolve: int
[info] src/test/resources/code/test/Santa01.pj:   > Nothing to resolve - type remains: int
[info] src/test/resources/code/test/Santa01.pj: 4: Visiting a Name Expression (N_REINDEER).
[info] src/test/resources/code/test/Santa01.pj:   > Resolve: int
[info] src/test/resources/code/test/Santa01.pj:   > Nothing to resolve - type remains: int
[info] src/test/resources/code/test/Santa01.pj: 4: Name Expression (N_REINDEER) has type: int
[info] src/test/resources/code/test/Santa01.pj:   > Resolve: int
[info] src/test/resources/code/test/Santa01.pj:   > Nothing to resolve - type remains: int
[info] src/test/resources/code/test/Santa01.pj: 5: Visiting a Primitive type.
[info] src/test/resources/code/test/Santa01.pj: 5: Primitive type has type: int
[info] src/test/resources/code/test/Santa01.pj: 5: Visiting a var (N_ELVES).
[info] src/test/resources/code/test/Santa01.pj:   > Resolve: int
[info] src/test/resources/code/test/Santa01.pj:   > Nothing to resolve - type remains: int
[info] src/test/resources/code/test/Santa01.pj: 5: Visiting a Primitive Literal (4)
[info] src/test/resources/code/test/Santa01.pj: 5: Primitive Literal has type: int
[info] src/test/resources/code/test/Santa01.pj:   > Resolve: int
[info] src/test/resources/code/test/Santa01.pj:   > Nothing to resolve - type remains: int
[info] src/test/resources/code/test/Santa01.pj: 6: Visiting a Primitive type.
[info] src/test/resources/code/test/Santa01.pj: 6: Primitive type has type: int
[info] src/test/resources/code/test/Santa01.pj: 6: Visiting a var (G_ELVES).
[info] src/test/resources/code/test/Santa01.pj:   > Resolve: int
[info] src/test/resources/code/test/Santa01.pj:   > Nothing to resolve - type remains: int
[info] src/test/resources/code/test/Santa01.pj: 6: Visiting a Primitive Literal (3)
[info] src/test/resources/code/test/Santa01.pj: 6: Primitive Literal has type: int
[info] src/test/resources/code/test/Santa01.pj:   > Resolve: int
[info] src/test/resources/code/test/Santa01.pj:   > Nothing to resolve - type remains: int
[info] src/test/resources/code/test/Santa01.pj: 7: Visiting a Primitive type.
[info] src/test/resources/code/test/Santa01.pj: 7: Primitive type has type: int
[info] src/test/resources/code/test/Santa01.pj: 7: Visiting a var (HOLIDAY_TIME).
[info] src/test/resources/code/test/Santa01.pj:   > Resolve: int
[info] src/test/resources/code/test/Santa01.pj:   > Nothing to resolve - type remains: int
[info] src/test/resources/code/test/Santa01.pj: 7: Visiting a Primitive Literal (100000)
[info] src/test/resources/code/test/Santa01.pj: 7: Primitive Literal has type: int
[info] src/test/resources/code/test/Santa01.pj:   > Resolve: int
[info] src/test/resources/code/test/Santa01.pj:   > Nothing to resolve - type remains: int
[info] src/test/resources/code/test/Santa01.pj: 8: Visiting a Primitive type.
[info] src/test/resources/code/test/Santa01.pj: 8: Primitive type has type: int
[info] src/test/resources/code/test/Santa01.pj: 8: Visiting a var (WORKING_TIME).
[info] src/test/resources/code/test/Santa01.pj:   > Resolve: int
[info] src/test/resources/code/test/Santa01.pj:   > Nothing to resolve - type remains: int
[info] src/test/resources/code/test/Santa01.pj: 8: Visiting a Primitive Literal (200000)
[info] src/test/resources/code/test/Santa01.pj: 8: Primitive Literal has type: int
[info] src/test/resources/code/test/Santa01.pj:   > Resolve: int
[info] src/test/resources/code/test/Santa01.pj:   > Nothing to resolve - type remains: int
[info] src/test/resources/code/test/Santa01.pj: 9: Visiting a Primitive type.
[info] src/test/resources/code/test/Santa01.pj: 9: Primitive type has type: int
[info] src/test/resources/code/test/Santa01.pj: 9: Visiting a var (DELIVERY_TIME).
[info] src/test/resources/code/test/Santa01.pj:   > Resolve: int
[info] src/test/resources/code/test/Santa01.pj:   > Nothing to resolve - type remains: int
[info] src/test/resources/code/test/Santa01.pj: 9: Visiting a Primitive Literal (100000)
[info] src/test/resources/code/test/Santa01.pj: 9: Primitive Literal has type: int
[info] src/test/resources/code/test/Santa01.pj:   > Resolve: int
[info] src/test/resources/code/test/Santa01.pj:   > Nothing to resolve - type remains: int
[info] src/test/resources/code/test/Santa01.pj: 10: Visiting a Primitive type.
[info] src/test/resources/code/test/Santa01.pj: 10: Primitive type has type: int
[info] src/test/resources/code/test/Santa01.pj: 10: Visiting a var (CONSULTATION_TIME).
[info] src/test/resources/code/test/Santa01.pj:   > Resolve: int
[info] src/test/resources/code/test/Santa01.pj:   > Nothing to resolve - type remains: int
[info] src/test/resources/code/test/Santa01.pj: 10: Visiting a Primitive Literal (200000)
[info] src/test/resources/code/test/Santa01.pj: 10: Primitive Literal has type: int
[info] src/test/resources/code/test/Santa01.pj:   > Resolve: int
[info] src/test/resources/code/test/Santa01.pj:   > Nothing to resolve - type remains: int
[info] src/test/resources/code/test/Santa01.pj: 12: Visiting a protocol type decl.
[info] src/test/resources/code/test/Santa01.pj: 13: Visiting a Primitive type.
[info] src/test/resources/code/test/Santa01.pj: 13: Primitive type has type: int
[info] src/test/resources/code/test/Santa01.pj: 14: Visiting a Primitive type.
[info] src/test/resources/code/test/Santa01.pj: 14: Primitive type has type: int
[info] src/test/resources/code/test/Santa01.pj: 15: Visiting a Primitive type.
[info] src/test/resources/code/test/Santa01.pj: 15: Primitive type has type: int
[info] src/test/resources/code/test/Santa01.pj: 16: Visiting a Primitive type.
[info] src/test/resources/code/test/Santa01.pj: 16: Primitive type has type: int
[info] src/test/resources/code/test/Santa01.pj: 12: Protocol type decl has type: Reindeer_msg
[info] src/test/resources/code/test/Santa01.pj: 19: Visiting a protocol type decl.
[info] src/test/resources/code/test/Santa01.pj: 20: Visiting a Primitive type.
[info] src/test/resources/code/test/Santa01.pj: 20: Primitive type has type: int
[info] src/test/resources/code/test/Santa01.pj: 21: Visiting a Primitive type.
[info] src/test/resources/code/test/Santa01.pj: 21: Primitive type has type: int
[info] src/test/resources/code/test/Santa01.pj: 22: Visiting a Primitive type.
[info] src/test/resources/code/test/Santa01.pj: 22: Primitive type has type: int
[info] src/test/resources/code/test/Santa01.pj: 23: Visiting a Primitive type.
[info] src/test/resources/code/test/Santa01.pj: 23: Primitive type has type: int
[info] src/test/resources/code/test/Santa01.pj: 24: Visiting a Primitive type.
[info] src/test/resources/code/test/Santa01.pj: 24: Primitive type has type: int
[info] src/test/resources/code/test/Santa01.pj: 19: Protocol type decl has type: Elf_msg
[info] src/test/resources/code/test/Santa01.pj: 27: Visiting a protocol type decl.
[info] src/test/resources/code/test/Santa01.pj: 29: Visiting a Primitive type.
[info] src/test/resources/code/test/Santa01.pj: 29: Primitive type has type: int
[info] src/test/resources/code/test/Santa01.pj: 32: Visiting a Primitive type.
[info] src/test/resources/code/test/Santa01.pj: 32: Primitive type has type: int
[info] src/test/resources/code/test/Santa01.pj: 34: Visiting a Primitive type.
[info] src/test/resources/code/test/Santa01.pj: 34: Primitive type has type: int
[info] src/test/resources/code/test/Santa01.pj: 37: Visiting a Primitive type.
[info] src/test/resources/code/test/Santa01.pj: 37: Primitive type has type: int
[info] src/test/resources/code/test/Santa01.pj: 27: Protocol type decl has type: Santa_msg
[info] src/test/resources/code/test/Santa01.pj: 40: Visiting a protocol type decl.
[info] src/test/resources/code/test/Santa01.pj: 40: Protocol type decl has type: Message
[info] src/test/resources/code/test/Santa01.pj: 42: visiting a procedure type declaration (random_wait).
[info] src/test/resources/code/test/Santa01.pj: 42: Visiting a Primitive type.
[info] src/test/resources/code/test/Santa01.pj: 42: Primitive type has type: void
Visiting ParamDecl: ParamDecl (Type:long Name:max_wait)
[info] src/test/resources/code/test/Santa01.pj: 42: Visiting a Primitive type.
[info] src/test/resources/code/test/Santa01.pj: 42: Primitive type has type: long
Visiting ParamDecl: ParamDecl (Type:long Name:seed)
[info] src/test/resources/code/test/Santa01.pj: 42: Visiting a Primitive type.
[info] src/test/resources/code/test/Santa01.pj: 42: Primitive type has type: long
[info] src/test/resources/code/test/Santa01.pj: 43: Visiting a Primitive type.
[info] src/test/resources/code/test/Santa01.pj: 43: Primitive type has type: timer
[info] src/test/resources/code/test/Santa01.pj: 43: Visiting a var (t).
[info] src/test/resources/code/test/Santa01.pj: 44: Visiting a Primitive type.
[info] src/test/resources/code/test/Santa01.pj: 44: Primitive type has type: long
[info] src/test/resources/code/test/Santa01.pj: 44: Visiting a var (wait).
[info] src/test/resources/code/test/Santa01.pj: 45: visiting invocation (initRandom)
[info] src/test/resources/code/test/Santa01.pj: 45: Visiting a Name Expression (seed).
[info] src/test/resources/code/test/Santa01.pj:   > Resolve: long
[info] src/test/resources/code/test/Santa01.pj:   > Nothing to resolve - type remains: long
[info] src/test/resources/code/test/Santa01.pj: 45: Name Expression (seed) has type: long
[info] src/test/resources/code/test/Santa01.pj:  checking if Assignment Compatible proc: initRandom ( (J)V ) 
Visiting ParamDecl: ParamDecl (Type:long Name:seed)
[info] src/test/resources/code/test/Santa01.pj: 8: Visiting a Primitive type.
[info] src/test/resources/code/test/Santa01.pj: 8: Primitive type has type: long
[info] src/test/resources/code/test/Santa01.pj: 45: Visiting a Name Expression (seed).
[info] src/test/resources/code/test/Santa01.pj:   > Resolve: long
[info] src/test/resources/code/test/Santa01.pj:   > Nothing to resolve - type remains: long
[info] src/test/resources/code/test/Santa01.pj: 45: Name Expression (seed) has type: long
Here
[info] src/test/resources/code/test/Santa01.pj: Possible proc: initRandom 
[info] src/test/resources/code/test/Santa01.pj: Found these candidates: 
[info] src/test/resources/code/test/Santa01.pj: | 1 candidate(s) were found:
[info] src/test/resources/code/test/Santa01.pj: |   initRandom([info] src/test/resources/code/test/Santa01.pj: (J)V[info] src/test/resources/code/test/Santa01.pj:  )
[info] src/test/resources/code/test/Santa01.pj: 1
[info] src/test/resources/code/test/Santa01.pj: | We were left with exactly one candidate to call!
[info] src/test/resources/code/test/Santa01.pj: +------------- End of findMethod --------------
[info] src/test/resources/code/test/Santa01.pj: myPackage: include.JVM.std.random
[info] src/test/resources/code/test/Santa01.pj: 45: invocation has type: void
[info] src/test/resources/code/test/Santa01.pj: 46: Visiting an assignment
[info] src/test/resources/code/test/Santa01.pj: 46: Visiting a Name Expression (wait).
[info] src/test/resources/code/test/Santa01.pj:   > Resolve: long
[info] src/test/resources/code/test/Santa01.pj:   > Nothing to resolve - type remains: long
[info] src/test/resources/code/test/Santa01.pj: 46: Name Expression (wait) has type: long
[info] src/test/resources/code/test/Santa01.pj:   > Resolve: long
[info] src/test/resources/code/test/Santa01.pj:   > Nothing to resolve - type remains: long
[info] src/test/resources/code/test/Santa01.pj: 46: visiting invocation (longRandom)
[info] src/test/resources/code/test/Santa01.pj:  checking if Assignment Compatible proc: longRandom ( ()J ) 
Here
[info] src/test/resources/code/test/Santa01.pj: Possible proc: longRandom 
[info] src/test/resources/code/test/Santa01.pj: Found these candidates: 
[info] src/test/resources/code/test/Santa01.pj: | 1 candidate(s) were found:
[info] src/test/resources/code/test/Santa01.pj: |   longRandom([info] src/test/resources/code/test/Santa01.pj: ()J[info] src/test/resources/code/test/Santa01.pj:  )
[info] src/test/resources/code/test/Santa01.pj: 1
[info] src/test/resources/code/test/Santa01.pj: | We were left with exactly one candidate to call!
[info] src/test/resources/code/test/Santa01.pj: +------------- End of findMethod --------------
[info] src/test/resources/code/test/Santa01.pj: myPackage: include.JVM.std.random
[info] src/test/resources/code/test/Santa01.pj: 46: invocation has type: long
[info] src/test/resources/code/test/Santa01.pj:   > Resolve: long
[info] src/test/resources/code/test/Santa01.pj:   > Nothing to resolve - type remains: long
[info] src/test/resources/code/test/Santa01.pj: 46: Assignment has type: long
[info] src/test/resources/code/test/Santa01.pj: 47: Visiting an assignment
[info] src/test/resources/code/test/Santa01.pj: 47: Visiting a Name Expression (wait).
[info] src/test/resources/code/test/Santa01.pj:   > Resolve: long
[info] src/test/resources/code/test/Santa01.pj:   > Nothing to resolve - type remains: long
[info] src/test/resources/code/test/Santa01.pj: 47: Name Expression (wait) has type: long
[info] src/test/resources/code/test/Santa01.pj:   > Resolve: long
[info] src/test/resources/code/test/Santa01.pj:   > Nothing to resolve - type remains: long
[info] src/test/resources/code/test/Santa01.pj: 47: Visiting a Binary Expression
[info] src/test/resources/code/test/Santa01.pj: 47: Visiting a Name Expression (wait).
[info] src/test/resources/code/test/Santa01.pj:   > Resolve: long
[info] src/test/resources/code/test/Santa01.pj:   > Nothing to resolve - type remains: long
[info] src/test/resources/code/test/Santa01.pj: 47: Name Expression (wait) has type: long
[info] src/test/resources/code/test/Santa01.pj:   > Resolve: long
[info] src/test/resources/code/test/Santa01.pj:   > Nothing to resolve - type remains: long
[info] src/test/resources/code/test/Santa01.pj: 47: Visiting a Primitive Literal (250)
[info] src/test/resources/code/test/Santa01.pj: 47: Primitive Literal has type: int
[info] src/test/resources/code/test/Santa01.pj:   > Resolve: int
[info] src/test/resources/code/test/Santa01.pj:   > Nothing to resolve - type remains: int
[info] src/test/resources/code/test/Santa01.pj: 47: Binary Expression has type: long
[info] src/test/resources/code/test/Santa01.pj:   > Resolve: long
[info] src/test/resources/code/test/Santa01.pj:   > Nothing to resolve - type remains: long
[info] src/test/resources/code/test/Santa01.pj: 47: Assignment has type: long
[info] src/test/resources/code/test/Santa01.pj: 48: visiting a timeout statement.
[info] src/test/resources/code/test/Santa01.pj: 48: Visiting a Name Expression (wait).
[info] src/test/resources/code/test/Santa01.pj:   > Resolve: long
[info] src/test/resources/code/test/Santa01.pj:   > Nothing to resolve - type remains: long
[info] src/test/resources/code/test/Santa01.pj: 48: Name Expression (wait) has type: long
[info] src/test/resources/code/test/Santa01.pj:   > Resolve: long
[info] src/test/resources/code/test/Santa01.pj:   > Nothing to resolve - type remains: long
[info] src/test/resources/code/test/Santa01.pj: 48: Visiting a Name Expression (t).
[info] src/test/resources/code/test/Santa01.pj:   > Resolve: timer
[info] src/test/resources/code/test/Santa01.pj:   > Nothing to resolve - type remains: timer
[info] src/test/resources/code/test/Santa01.pj: 48: Name Expression (t) has type: timer
[info] src/test/resources/code/test/Santa01.pj:   > Resolve: timer
[info] src/test/resources/code/test/Santa01.pj:   > Nothing to resolve - type remains: timer
[info] src/test/resources/code/test/Santa01.pj: 51: visiting a procedure type declaration (display).
[info] src/test/resources/code/test/Santa01.pj: 51: Visiting a Primitive type.
[info] src/test/resources/code/test/Santa01.pj: 51: Primitive type has type: void
Visiting ParamDecl: ParamDecl (Type:chan<Message>.read Name:in)
[info] src/test/resources/code/test/Santa01.pj: 51: Visiting a channel end type.
[info] src/test/resources/code/test/Santa01.pj: 51: Channel end type chan<Message>.read
[info] src/test/resources/code/test/Santa01.pj: 52: Visiting a var (msg).
[info] src/test/resources/code/test/Santa01.pj: 53: Visiting a while statement
[info] src/test/resources/code/test/Santa01.pj: 53: Visiting a Primitive Literal (true)
[info] src/test/resources/code/test/Santa01.pj: 53: Primitive Literal has type: boolean
[info] src/test/resources/code/test/Santa01.pj:   > Resolve: boolean
[info] src/test/resources/code/test/Santa01.pj:   > Nothing to resolve - type remains: boolean
[info] src/test/resources/code/test/Santa01.pj: 54: Visiting an assignment
[info] src/test/resources/code/test/Santa01.pj: 54: Visiting a Name Expression (msg).
[info] src/test/resources/code/test/Santa01.pj:   > Resolve: null
[info] src/test/resources/code/test/Santa01.pj:   > Nothing to resolve - type remains: null
[info] src/test/resources/code/test/Santa01.pj: 54: Name Expression (msg) has type: null
[info] src/test/resources/code/test/Santa01.pj:   > Resolve: null
[info] src/test/resources/code/test/Santa01.pj:   > Nothing to resolve - type remains: null
[info] src/test/resources/code/test/Santa01.pj: 54: Visiting a channel read expression.
[info] src/test/resources/code/test/Santa01.pj: 54: Visiting a Name Expression (in).
[info] src/test/resources/code/test/Santa01.pj:   > Resolve: chan<Message>.read
[info] src/test/resources/code/test/Santa01.pj:   > Nothing to resolve - type remains: chan<Message>.read
[info] src/test/resources/code/test/Santa01.pj: 54: Name Expression (in) has type: chan<Message>.read
[info] src/test/resources/code/test/Santa01.pj:   > Resolve: chan<Message>.read
[info] src/test/resources/code/test/Santa01.pj:   > Nothing to resolve - type remains: chan<Message>.read
[info] src/test/resources/code/test/Santa01.pj: 54: Channel read expression has type: Message
[info] src/test/resources/code/test/Santa01.pj:   > Resolve: Message
]]></system-out>
  <system-err><![CDATA[]]></system-err>
</testsuite>
