<?xml version="1.0" encoding="UTF-8"?>
<testsuite name="org.processj.test.EndToEndTests" tests="1" skipped="0" failures="0" errors="0" timestamp="2023-05-23T21:10:13" hostname="Carloss-MacBook-Pro.local" time="0.438">
  <properties/>
  <testcase name="testCode_alt01_endToEnd()" classname="org.processj.test.EndToEndTests" time="0.438"/>
  <system-out><![CDATA[-- Setting absolute path, file and package name for 'Alt01.pj'.
-- Rewriting channel arrays local decls
** COMPILATION COMPLITED SUCCESSFULLY **
/Users/cuenca/workingpj/Alt01..java (No such file or directory)
]]></system-out>
  <system-err><![CDATA[]]></system-err>
</testsuite>
